<?xml version="1.0" encoding="UTF-8"?>
<coverage generated="1772829693269" clover="3.2.0">
  <project timestamp="1772829693269" name="All files">
    <metrics statements="455" coveredstatements="422" conditionals="134" coveredconditionals="110" methods="114" coveredmethods="109" elements="703" coveredelements="641" complexity="0" loc="455" ncloc="455" packages="1" files="13" classes="13"/>
    <file name="AbstractFifoSamplePipe.ts" path="/Users/47056/st/packages/core/src/AbstractFifoSamplePipe.ts">
      <metrics statements="11" coveredstatements="11" conditionals="2" coveredconditionals="2" methods="6" coveredmethods="6"/>
      <line num="30" count="121" type="cond" truecount="2" falsecount="0"/>
      <line num="31" count="24" type="stmt"/>
      <line num="32" count="24" type="stmt"/>
      <line num="34" count="97" type="stmt"/>
      <line num="35" count="97" type="stmt"/>
      <line num="40" count="20" type="stmt"/>
      <line num="44" count="113" type="stmt"/>
      <line num="48" count="119" type="stmt"/>
      <line num="52" count="113" type="stmt"/>
      <line num="56" count="13" type="stmt"/>
      <line num="57" count="13" type="stmt"/>
    </file>
    <file name="FifoSampleBuffer.ts" path="/Users/47056/st/packages/core/src/FifoSampleBuffer.ts">
      <metrics statements="58" coveredstatements="51" conditionals="29" coveredconditionals="28" methods="16" coveredmethods="16"/>
      <line num="23" count="9" type="stmt"/>
      <line num="24" count="9" type="stmt"/>
      <line num="25" count="9" type="stmt"/>
      <line num="26" count="9" type="stmt"/>
      <line num="35" count="213" type="stmt"/>
      <line num="38" count="213" type="stmt"/>
      <line num="39" count="213" type="stmt"/>
      <line num="40" count="213" type="stmt"/>
      <line num="44" count="1332" type="stmt"/>
      <line num="48" count="37" type="stmt"/>
      <line num="52" count="1279" type="stmt"/>
      <line num="56" count="103" type="stmt"/>
      <line num="60" count="110" type="stmt"/>
      <line num="64" count="25" type="stmt"/>
      <line num="65" count="25" type="stmt"/>
      <line num="66" count="25" type="stmt"/>
      <line num="70" count="38" type="stmt"/>
      <line num="74" count="66" type="stmt"/>
      <line num="75" count="66" type="cond" truecount="4" falsecount="0"/>
      <line num="76" count="28" type="stmt"/>
      <line num="78" count="66" type="stmt"/>
      <line num="80" count="66" type="stmt"/>
      <line num="82" count="66" type="stmt"/>
      <line num="83" count="66" type="stmt"/>
      <line num="88" count="66" type="stmt"/>
      <line num="92" count="32" type="cond" truecount="4" falsecount="0"/>
      <line num="93" count="1" type="stmt"/>
      <line num="95" count="32" type="stmt"/>
      <line num="99" count="55" type="cond" truecount="2" falsecount="0"/>
      <line num="104" count="8" type="stmt"/>
      <line num="106" count="55" type="stmt"/>
      <line num="107" count="55" type="stmt"/>
      <line num="111" count="10" type="stmt"/>
      <line num="112" count="10" type="stmt"/>
      <line num="113" count="10" type="stmt"/>
      <line num="114" count="10" type="stmt"/>
      <line num="118" count="6" type="stmt"/>
      <line num="119" count="6" type="stmt"/>
      <line num="120" count="6" type="stmt"/>
      <line num="124" count="109" type="stmt"/>
      <line num="125" count="109" type="cond" truecount="2" falsecount="0"/>
      <line num="126" count="108" type="stmt"/>
      <line num="127" count="108" type="cond" truecount="1" falsecount="1"/>
      <line num="128" count="108" type="stmt"/>
      <line num="129" count="108" type="stmt"/>
      <line num="130" count="108" type="stmt"/>
      <line num="132" count="0" type="stmt"/>
      <line num="133" count="0" type="stmt"/>
      <line num="136" count="0" type="stmt"/>
      <line num="137" count="0" type="stmt"/>
      <line num="138" count="0" type="stmt"/>
      <line num="139" count="0" type="stmt"/>
      <line num="140" count="0" type="stmt"/>
      <line num="143" count="1" type="stmt"/>
      <line num="148" count="37" type="stmt"/>
      <line num="152" count="109" type="cond" truecount="2" falsecount="0"/>
      <line num="153" count="1" type="stmt"/>
      <line num="154" count="1" type="stmt"/>
    </file>
    <file name="FilterSupport.ts" path="/Users/47056/st/packages/core/src/FilterSupport.ts">
      <metrics statements="12" coveredstatements="11" conditionals="3" coveredconditionals="2" methods="7" coveredmethods="7"/>
      <line num="36" count="33" type="stmt"/>
      <line num="40" count="1" type="stmt"/>
      <line num="44" count="17" type="stmt"/>
      <line num="48" count="24" type="stmt"/>
      <line num="52" count="1" type="stmt"/>
      <line num="56" count="5" type="stmt"/>
      <line num="57" count="5" type="stmt"/>
      <line num="59" count="5" type="stmt"/>
      <line num="61" count="5" type="cond" truecount="1" falsecount="1"/>
      <line num="62" count="0" type="stmt"/>
      <line num="64" count="5" type="stmt"/>
      <line num="69" count="4" type="stmt"/>
    </file>
    <file name="PitchShifter.ts" path="/Users/47056/st/packages/core/src/PitchShifter.ts">
      <metrics statements="41" coveredstatements="31" conditionals="6" coveredconditionals="4" methods="20" coveredmethods="16"/>
      <line num="43" count="0" type="stmt"/>
      <line num="44" count="0" type="stmt"/>
      <line num="45" count="0" type="stmt"/>
      <line num="46" count="0" type="stmt"/>
      <line num="47" count="0" type="cond" truecount="0" falsecount="2"/>
      <line num="48" count="0" type="stmt"/>
      <line num="55" count="0" type="stmt"/>
      <line num="77" count="16" type="stmt"/>
      <line num="78" count="16" type="stmt"/>
      <line num="79" count="16" type="stmt"/>
      <line num="80" count="16" type="stmt"/>
      <line num="81" count="16" type="stmt"/>
      <line num="82" count="16" type="stmt"/>
      <line num="85" count="0" type="stmt"/>
      <line num="88" count="16" type="stmt"/>
      <line num="89" count="16" type="stmt"/>
      <line num="90" count="16" type="stmt"/>
      <line num="91" count="16" type="stmt"/>
      <line num="92" count="16" type="stmt"/>
      <line num="96" count="1" type="stmt"/>
      <line num="100" count="1" type="stmt"/>
      <line num="104" count="1" type="stmt"/>
      <line num="110" count="1" type="stmt"/>
      <line num="113" count="1" type="stmt"/>
      <line num="114" count="1" type="stmt"/>
      <line num="118" count="6" type="stmt"/>
      <line num="122" count="1" type="stmt"/>
      <line num="126" count="1" type="stmt"/>
      <line num="130" count="17" type="stmt"/>
      <line num="134" count="17" type="stmt"/>
      <line num="138" count="1" type="stmt"/>
      <line num="142" count="1" type="stmt"/>
      <line num="146" count="5" type="stmt"/>
      <line num="147" count="5" type="stmt"/>
      <line num="149" count="0" type="stmt"/>
      <line num="153" count="2" type="stmt"/>
      <line num="154" count="2" type="cond" truecount="2" falsecount="0"/>
      <line num="155" count="2" type="stmt"/>
      <line num="157" count="2" type="stmt"/>
      <line num="158" count="3" type="stmt"/>
      <line num="160" count="0" type="stmt"/>
    </file>
    <file name="RateTransposer.ts" path="/Users/47056/st/packages/core/src/RateTransposer.ts">
      <metrics statements="48" coveredstatements="48" conditionals="7" coveredconditionals="6" methods="7" coveredmethods="7"/>
      <line num="32" count="56" type="stmt"/>
      <line num="33" count="56" type="stmt"/>
      <line num="34" count="56" type="stmt"/>
      <line num="35" count="56" type="stmt"/>
      <line num="36" count="56" type="stmt"/>
      <line num="40" count="66" type="stmt"/>
      <line num="44" count="5" type="stmt"/>
      <line num="45" count="5" type="stmt"/>
      <line num="46" count="5" type="stmt"/>
      <line num="50" count="5" type="stmt"/>
      <line num="51" count="5" type="stmt"/>
      <line num="55" count="1" type="stmt"/>
      <line num="56" count="1" type="stmt"/>
      <line num="57" count="1" type="stmt"/>
      <line num="61" count="7" type="stmt"/>
      <line num="62" count="7" type="stmt"/>
      <line num="63" count="7" type="stmt"/>
      <line num="64" count="7" type="stmt"/>
      <line num="65" count="7" type="stmt"/>
      <line num="69" count="11" type="cond" truecount="2" falsecount="0"/>
      <line num="70" count="1" type="stmt"/>
      <line num="73" count="10" type="stmt"/>
      <line num="74" count="10" type="stmt"/>
      <line num="76" count="10" type="stmt"/>
      <line num="77" count="10" type="stmt"/>
      <line num="79" count="10" type="stmt"/>
      <line num="80" count="10" type="stmt"/>
      <line num="82" count="10" type="stmt"/>
      <line num="83" count="11" type="stmt"/>
      <line num="86" count="11" type="stmt"/>
      <line num="89" count="11" type="stmt"/>
      <line num="90" count="11" type="stmt"/>
      <line num="93" count="10" type="stmt"/>
      <line num="95" count="10" type="cond" truecount="1" falsecount="1"/>
      <line num="97" count="10" type="stmt"/>
      <line num="98" count="121513" type="stmt"/>
      <line num="99" count="107042" type="stmt"/>
      <line num="100" count="107042" type="stmt"/>
      <line num="101" count="107042" type="cond" truecount="2" falsecount="0"/>
      <line num="102" count="10" type="stmt"/>
      <line num="106" count="121503" type="stmt"/>
      <line num="107" count="121503" type="stmt"/>
      <line num="110" count="121503" type="stmt"/>
      <line num="114" count="121503" type="stmt"/>
      <line num="115" count="121503" type="stmt"/>
      <line num="119" count="10" type="stmt"/>
      <line num="120" count="10" type="stmt"/>
      <line num="122" count="10" type="stmt"/>
    </file>
    <file name="SimpleFilter.ts" path="/Users/47056/st/packages/core/src/SimpleFilter.ts">
      <metrics statements="37" coveredstatements="32" conditionals="9" coveredconditionals="5" methods="10" coveredmethods="10"/>
      <line num="49" count="28" type="stmt"/>
      <line num="50" count="28" type="stmt"/>
      <line num="51" count="28" type="stmt"/>
      <line num="52" count="28" type="stmt"/>
      <line num="53" count="28" type="stmt"/>
      <line num="54" count="28" type="stmt"/>
      <line num="55" count="28" type="stmt"/>
      <line num="56" count="28" type="stmt"/>
      <line num="60" count="3" type="stmt"/>
      <line num="64" count="1" type="cond" truecount="1" falsecount="1"/>
      <line num="65" count="1" type="stmt"/>
      <line num="70" count="0" type="stmt"/>
      <line num="71" count="0" type="cond" truecount="0" falsecount="2"/>
      <line num="72" count="0" type="stmt"/>
      <line num="74" count="0" type="stmt"/>
      <line num="75" count="0" type="stmt"/>
      <line num="79" count="6" type="stmt"/>
      <line num="83" count="2" type="stmt"/>
      <line num="84" count="2" type="stmt"/>
      <line num="88" count="2" type="stmt"/>
      <line num="92" count="5" type="stmt"/>
      <line num="93" count="5" type="cond" truecount="1" falsecount="1"/>
      <line num="94" count="5" type="stmt"/>
      <line num="96" count="5" type="stmt"/>
      <line num="101" count="5" type="stmt"/>
      <line num="102" count="5" type="stmt"/>
      <line num="106" count="4" type="stmt"/>
      <line num="108" count="4" type="stmt"/>
      <line num="112" count="4" type="stmt"/>
      <line num="118" count="4" type="stmt"/>
      <line num="119" count="4" type="stmt"/>
      <line num="120" count="4" type="stmt"/>
      <line num="124" count="4" type="stmt"/>
      <line num="125" count="4" type="stmt"/>
      <line num="129" count="1" type="stmt"/>
      <line num="133" count="3" type="stmt"/>
      <line num="134" count="3" type="stmt"/>
    </file>
    <file name="SoundTouch.ts" path="/Users/47056/st/packages/core/src/SoundTouch.ts">
      <metrics statements="56" coveredstatements="56" conditionals="12" coveredconditionals="12" methods="16" coveredmethods="16"/>
      <line num="44" count="45" type="stmt"/>
      <line num="45" count="45" type="stmt"/>
      <line num="47" count="45" type="stmt"/>
      <line num="48" count="45" type="stmt"/>
      <line num="49" count="45" type="stmt"/>
      <line num="51" count="45" type="stmt"/>
      <line num="52" count="45" type="stmt"/>
      <line num="54" count="45" type="stmt"/>
      <line num="55" count="45" type="stmt"/>
      <line num="56" count="45" type="stmt"/>
      <line num="58" count="45" type="stmt"/>
      <line num="62" count="4" type="stmt"/>
      <line num="63" count="4" type="stmt"/>
      <line num="67" count="1" type="stmt"/>
      <line num="68" count="1" type="stmt"/>
      <line num="69" count="1" type="stmt"/>
      <line num="70" count="1" type="stmt"/>
      <line num="74" count="7" type="stmt"/>
      <line num="78" count="24" type="stmt"/>
      <line num="79" count="24" type="stmt"/>
      <line num="83" count="1" type="stmt"/>
      <line num="87" count="7" type="stmt"/>
      <line num="91" count="23" type="stmt"/>
      <line num="92" count="23" type="stmt"/>
      <line num="96" count="1" type="stmt"/>
      <line num="100" count="6" type="stmt"/>
      <line num="101" count="6" type="stmt"/>
      <line num="105" count="4" type="stmt"/>
      <line num="106" count="4" type="stmt"/>
      <line num="110" count="3" type="stmt"/>
      <line num="114" count="17" type="stmt"/>
      <line num="118" count="26" type="stmt"/>
      <line num="122" count="102" type="stmt"/>
      <line num="123" count="102" type="stmt"/>
      <line num="125" count="102" type="stmt"/>
      <line num="126" count="102" type="stmt"/>
      <line num="128" count="102" type="cond" truecount="2" falsecount="0"/>
      <line num="129" count="55" type="stmt"/>
      <line num="131" count="102" type="cond" truecount="2" falsecount="0"/>
      <line num="132" count="58" type="stmt"/>
      <line num="135" count="102" type="cond" truecount="2" falsecount="0"/>
      <line num="136" count="17" type="cond" truecount="2" falsecount="0"/>
      <line num="137" count="11" type="stmt"/>
      <line num="138" count="11" type="stmt"/>
      <line num="140" count="11" type="stmt"/>
      <line num="141" count="11" type="stmt"/>
      <line num="144" count="85" type="cond" truecount="2" falsecount="0"/>
      <line num="145" count="45" type="stmt"/>
      <line num="146" count="45" type="stmt"/>
      <line num="148" count="45" type="stmt"/>
      <line num="149" count="45" type="stmt"/>
      <line num="155" count="6" type="cond" truecount="2" falsecount="0"/>
      <line num="156" count="1" type="stmt"/>
      <line num="157" count="1" type="stmt"/>
      <line num="159" count="5" type="stmt"/>
      <line num="160" count="5" type="stmt"/>
    </file>
    <file name="Stretch.ts" path="/Users/47056/st/packages/core/src/Stretch.ts">
      <metrics statements="160" coveredstatements="150" conditionals="53" coveredconditionals="38" methods="21" coveredmethods="20"/>
      <line num="25" count="5" type="stmt"/>
      <line num="26" count="5" type="stmt"/>
      <line num="28" count="5" type="stmt"/>
      <line num="29" count="5" type="stmt"/>
      <line num="31" count="5" type="stmt"/>
      <line num="33" count="5" type="stmt"/>
      <line num="49" count="5" type="stmt"/>
      <line num="50" count="5" type="stmt"/>
      <line num="52" count="5" type="stmt"/>
      <line num="53" count="5" type="stmt"/>
      <line num="54" count="5" type="stmt"/>
      <line num="56" count="5" type="stmt"/>
      <line num="58" count="5" type="stmt"/>
      <line num="59" count="5" type="stmt"/>
      <line num="60" count="5" type="stmt"/>
      <line num="62" count="5" type="stmt"/>
      <line num="84" count="59" type="stmt"/>
      <line num="85" count="59" type="stmt"/>
      <line num="86" count="59" type="stmt"/>
      <line num="88" count="59" type="stmt"/>
      <line num="89" count="59" type="stmt"/>
      <line num="91" count="59" type="stmt"/>
      <line num="92" count="59" type="stmt"/>
      <line num="94" count="59" type="stmt"/>
      <line num="95" count="59" type="stmt"/>
      <line num="104" count="6" type="stmt"/>
      <line num="105" count="6" type="stmt"/>
      <line num="109" count="6" type="stmt"/>
      <line num="111" count="6" type="cond" truecount="1" falsecount="1"/>
      <line num="112" count="6" type="stmt"/>
      <line num="115" count="6" type="cond" truecount="1" falsecount="1"/>
      <line num="116" count="6" type="stmt"/>
      <line num="119" count="6" type="stmt"/>
      <line num="128" count="62" type="cond" truecount="1" falsecount="1"/>
      <line num="129" count="62" type="stmt"/>
      <line num="132" count="62" type="cond" truecount="1" falsecount="1"/>
      <line num="133" count="62" type="stmt"/>
      <line num="136" count="62" type="cond" truecount="2" falsecount="0"/>
      <line num="137" count="2" type="stmt"/>
      <line num="138" count="2" type="stmt"/>
      <line num="140" count="60" type="stmt"/>
      <line num="143" count="62" type="cond" truecount="2" falsecount="0"/>
      <line num="144" count="2" type="stmt"/>
      <line num="145" count="2" type="stmt"/>
      <line num="147" count="60" type="stmt"/>
      <line num="150" count="62" type="stmt"/>
      <line num="151" count="62" type="stmt"/>
      <line num="152" count="62" type="stmt"/>
      <line num="156" count="124" type="stmt"/>
      <line num="158" count="124" type="stmt"/>
      <line num="160" count="124" type="stmt"/>
      <line num="162" count="124" type="stmt"/>
      <line num="163" count="124" type="stmt"/>
      <line num="165" count="124" type="stmt"/>
      <line num="171" count="3" type="stmt"/>
      <line num="175" count="1" type="stmt"/>
      <line num="179" count="1" type="stmt"/>
      <line num="186" count="62" type="stmt"/>
      <line num="187" count="62" type="cond" truecount="1" falsecount="1"/>
      <line num="190" count="62" type="stmt"/>
      <line num="192" count="62" type="cond" truecount="4" falsecount="0"/>
      <line num="193" count="2" type="stmt"/>
      <line num="196" count="60" type="stmt"/>
      <line num="197" count="60" type="stmt"/>
      <line num="199" count="60" type="cond" truecount="3" falsecount="1"/>
      <line num="200" count="60" type="stmt"/>
      <line num="202" count="60" type="cond" truecount="3" falsecount="1"/>
      <line num="203" count="60" type="stmt"/>
      <line num="208" count="364" type="cond" truecount="2" falsecount="2"/>
      <line num="212" count="186" type="cond" truecount="2" falsecount="0"/>
      <line num="213" count="182" type="stmt"/>
      <line num="214" count="182" type="stmt"/>
      <line num="215" count="182" type="stmt"/>
      <line num="218" count="186" type="cond" truecount="2" falsecount="0"/>
      <line num="219" count="182" type="stmt"/>
      <line num="220" count="182" type="stmt"/>
      <line num="221" count="182" type="stmt"/>
      <line num="224" count="186" type="stmt"/>
      <line num="227" count="186" type="stmt"/>
      <line num="231" count="2" type="stmt"/>
      <line num="235" count="1" type="stmt"/>
      <line num="236" count="1" type="stmt"/>
      <line num="237" count="1" type="stmt"/>
      <line num="243" count="1" type="stmt"/>
      <line num="247" count="31" type="cond" truecount="1" falsecount="1"/>
      <line num="257" count="0" type="stmt"/>
      <line num="259" count="0" type="stmt"/>
      <line num="260" count="0" type="stmt"/>
      <line num="262" count="0" type="stmt"/>
      <line num="263" count="0" type="stmt"/>
      <line num="268" count="0" type="cond" truecount="0" falsecount="2"/>
      <line num="269" count="0" type="stmt"/>
      <line num="270" count="0" type="stmt"/>
      <line num="274" count="0" type="stmt"/>
      <line num="284" count="31" type="stmt"/>
      <line num="286" count="31" type="stmt"/>
      <line num="287" count="31" type="stmt"/>
      <line num="288" count="31" type="stmt"/>
      <line num="290" count="31" type="stmt"/>
      <line num="291" count="124" type="stmt"/>
      <line num="292" count="124" type="stmt"/>
      <line num="293" count="1240" type="stmt"/>
      <line num="294" count="1240" type="cond" truecount="2" falsecount="0"/>
      <line num="295" count="51" type="stmt"/>
      <line num="298" count="1189" type="stmt"/>
      <line num="303" count="1189" type="cond" truecount="2" falsecount="0"/>
      <line num="304" count="175" type="stmt"/>
      <line num="305" count="175" type="stmt"/>
      <line num="307" count="1189" type="stmt"/>
      <line num="309" count="124" type="stmt"/>
      <line num="312" count="31" type="stmt"/>
      <line num="316" count="31" type="stmt"/>
      <line num="317" count="10912" type="stmt"/>
      <line num="318" count="10912" type="stmt"/>
      <line num="319" count="10912" type="stmt"/>
      <line num="320" count="10912" type="stmt"/>
      <line num="328" count="1189" type="stmt"/>
      <line num="329" count="1189" type="stmt"/>
      <line num="331" count="1189" type="stmt"/>
      <line num="332" count="1189" type="stmt"/>
      <line num="334" count="1189" type="stmt"/>
      <line num="335" count="417339" type="stmt"/>
      <line num="336" count="417339" type="stmt"/>
      <line num="341" count="1189" type="stmt"/>
      <line num="345" count="30" type="stmt"/>
      <line num="349" count="30" type="stmt"/>
      <line num="350" count="30" type="stmt"/>
      <line num="352" count="30" type="stmt"/>
      <line num="353" count="30" type="stmt"/>
      <line num="355" count="30" type="stmt"/>
      <line num="357" count="30" type="stmt"/>
      <line num="358" count="10560" type="stmt"/>
      <line num="359" count="10560" type="stmt"/>
      <line num="360" count="10560" type="stmt"/>
      <line num="361" count="10560" type="stmt"/>
      <line num="362" count="10560" type="stmt"/>
      <line num="363" count="10560" type="stmt"/>
      <line num="365" count="10560" type="stmt"/>
      <line num="371" count="8" type="cond" truecount="1" falsecount="1"/>
      <line num="372" count="8" type="cond" truecount="2" falsecount="0"/>
      <line num="373" count="1" type="stmt"/>
      <line num="375" count="7" type="stmt"/>
      <line num="376" count="7" type="cond" truecount="3" falsecount="1"/>
      <line num="377" count="0" type="stmt"/>
      <line num="379" count="7" type="stmt"/>
      <line num="380" count="7" type="stmt"/>
      <line num="383" count="7" type="stmt"/>
      <line num="384" count="30" type="stmt"/>
      <line num="386" count="30" type="stmt"/>
      <line num="387" count="30" type="stmt"/>
      <line num="388" count="30" type="stmt"/>
      <line num="390" count="30" type="stmt"/>
      <line num="391" count="30" type="cond" truecount="1" falsecount="1"/>
      <line num="392" count="30" type="stmt"/>
      <line num="400" count="30" type="stmt"/>
      <line num="402" count="30" type="stmt"/>
      <line num="409" count="30" type="stmt"/>
      <line num="410" count="30" type="stmt"/>
      <line num="411" count="30" type="stmt"/>
      <line num="412" count="30" type="stmt"/>
    </file>
    <file name="WebAudioBufferSource.ts" path="/Users/47056/st/packages/core/src/WebAudioBufferSource.ts">
      <metrics statements="12" coveredstatements="12" conditionals="4" coveredconditionals="4" methods="5" coveredmethods="5"/>
      <line num="28" count="24" type="stmt"/>
      <line num="29" count="24" type="stmt"/>
      <line num="33" count="6" type="stmt"/>
      <line num="37" count="4" type="stmt"/>
      <line num="41" count="5" type="stmt"/>
      <line num="45" count="4" type="stmt"/>
      <line num="46" count="4" type="stmt"/>
      <line num="47" count="4" type="cond" truecount="2" falsecount="0"/>
      <line num="51" count="4" type="stmt"/>
      <line num="52" count="22" type="stmt"/>
      <line num="53" count="22" type="stmt"/>
      <line num="55" count="4" type="stmt"/>
    </file>
    <file name="getWebAudioNode.ts" path="/Users/47056/st/packages/core/src/getWebAudioNode.ts">
      <metrics statements="13" coveredstatements="13" conditionals="4" coveredconditionals="4" methods="2" coveredmethods="2"/>
      <line num="32" count="20" type="stmt"/>
      <line num="33" count="20" type="stmt"/>
      <line num="35" count="20" type="stmt"/>
      <line num="36" count="2" type="stmt"/>
      <line num="37" count="2" type="stmt"/>
      <line num="38" count="2" type="stmt"/>
      <line num="39" count="2" type="stmt"/>
      <line num="40" count="2" type="cond" truecount="2" falsecount="0"/>
      <line num="41" count="1" type="stmt"/>
      <line num="43" count="2" type="stmt"/>
      <line num="44" count="4096" type="stmt"/>
      <line num="45" count="4096" type="stmt"/>
      <line num="48" count="20" type="stmt"/>
    </file>
    <file name="minsSecs.ts" path="/Users/47056/st/packages/core/src/minsSecs.ts">
      <metrics statements="5" coveredstatements="5" conditionals="3" coveredconditionals="3" methods="2" coveredmethods="2"/>
      <line num="24" count="17" type="stmt"/>
      <line num="25" count="17" type="cond" truecount="2" falsecount="0"/>
      <line num="29" count="17" type="stmt"/>
      <line num="30" count="17" type="stmt"/>
      <line num="31" count="17" type="stmt"/>
    </file>
    <file name="noop.ts" path="/Users/47056/st/packages/core/src/noop.ts">
      <metrics statements="1" coveredstatements="1" conditionals="0" coveredconditionals="0" methods="1" coveredmethods="1"/>
      <line num="24" count="4" type="stmt"/>
    </file>
    <file name="testFloatEqual.ts" path="/Users/47056/st/packages/core/src/testFloatEqual.ts">
      <metrics statements="1" coveredstatements="1" conditionals="2" coveredconditionals="2" methods="1" coveredmethods="1"/>
      <line num="24" count="213" type="cond" truecount="2" falsecount="0"/>
    </file>
  </project>
</coverage>
