{"/Users/47056/st/packages/core/src/AbstractFifoSamplePipe.ts": {"path":"/Users/47056/st/packages/core/src/AbstractFifoSamplePipe.ts","statementMap":{"0":{"start":{"line":30,"column":4},"end":{"line":36,"column":null}},"1":{"start":{"line":31,"column":6},"end":{"line":31,"column":null}},"2":{"start":{"line":32,"column":6},"end":{"line":32,"column":null}},"3":{"start":{"line":34,"column":6},"end":{"line":34,"column":null}},"4":{"start":{"line":35,"column":6},"end":{"line":35,"column":null}},"5":{"start":{"line":40,"column":4},"end":{"line":40,"column":null}},"6":{"start":{"line":44,"column":4},"end":{"line":44,"column":null}},"7":{"start":{"line":48,"column":4},"end":{"line":48,"column":null}},"8":{"start":{"line":52,"column":4},"end":{"line":52,"column":null}},"9":{"start":{"line":56,"column":4},"end":{"line":56,"column":null}},"10":{"start":{"line":57,"column":4},"end":{"line":57,"column":null}}},"fnMap":{"0":{"name":"(anonymous_0)","decl":{"start":{"line":29,"column":2},"end":{"line":29,"column":14}},"loc":{"start":{"line":29,"column":39},"end":{"line":37,"column":null}},"line":29},"1":{"name":"(anonymous_1)","decl":{"start":{"line":39,"column":6},"end":{"line":39,"column":45}},"loc":{"start":{"line":39,"column":45},"end":{"line":41,"column":null}},"line":39},"2":{"name":"(anonymous_2)","decl":{"start":{"line":43,"column":6},"end":{"line":43,"column":18}},"loc":{"start":{"line":43,"column":56},"end":{"line":45,"column":null}},"line":43},"3":{"name":"(anonymous_3)","decl":{"start":{"line":47,"column":6},"end":{"line":47,"column":46}},"loc":{"start":{"line":47,"column":46},"end":{"line":49,"column":null}},"line":47},"4":{"name":"(anonymous_4)","decl":{"start":{"line":51,"column":6},"end":{"line":51,"column":19}},"loc":{"start":{"line":51,"column":58},"end":{"line":53,"column":null}},"line":51},"5":{"name":"(anonymous_5)","decl":{"start":{"line":55,"column":2},"end":{"line":55,"column":16}},"loc":{"start":{"line":55,"column":16},"end":{"line":58,"column":null}},"line":55}},"branchMap":{"0":{"loc":{"start":{"line":30,"column":4},"end":{"line":36,"column":null}},"type":"if","locations":[{"start":{"line":30,"column":4},"end":{"line":36,"column":null}},{"start":{"line":33,"column":11},"end":{"line":36,"column":null}}],"line":30}},"s":{"0":121,"1":24,"2":24,"3":97,"4":97,"5":20,"6":113,"7":119,"8":113,"9":13,"10":13},"f":{"0":121,"1":20,"2":113,"3":119,"4":113,"5":13},"b":{"0":[24,97]},"meta":{"lastBranch":1,"lastFunction":6,"lastStatement":11,"seen":{"f:29:2:29:14":0,"b:30:4:36:Infinity:33:11:36:Infinity":0,"s:30:4:36:Infinity":0,"s:31:6:31:Infinity":1,"s:32:6:32:Infinity":2,"s:34:6:34:Infinity":3,"s:35:6:35:Infinity":4,"f:39:6:39:45":1,"s:40:4:40:Infinity":5,"f:43:6:43:18":2,"s:44:4:44:Infinity":6,"f:47:6:47:46":3,"s:48:4:48:Infinity":7,"f:51:6:51:19":4,"s:52:4:52:Infinity":8,"f:55:2:55:16":5,"s:56:4:56:Infinity":9,"s:57:4:57:Infinity":10}}}
,"/Users/47056/st/packages/core/src/FifoSampleBuffer.ts": {"path":"/Users/47056/st/packages/core/src/FifoSampleBuffer.ts","statementMap":{"0":{"start":{"line":23,"column":25},"end":{"line":23,"column":null}},"1":{"start":{"line":24,"column":26},"end":{"line":24,"column":null}},"2":{"start":{"line":25,"column":24},"end":{"line":25,"column":null}},"3":{"start":{"line":26,"column":27},"end":{"line":26,"column":null}},"4":{"start":{"line":35,"column":4},"end":{"line":37,"column":null}},"5":{"start":{"line":38,"column":4},"end":{"line":38,"column":null}},"6":{"start":{"line":39,"column":4},"end":{"line":39,"column":null}},"7":{"start":{"line":40,"column":4},"end":{"line":40,"column":null}},"8":{"start":{"line":44,"column":4},"end":{"line":44,"column":null}},"9":{"start":{"line":48,"column":4},"end":{"line":48,"column":null}},"10":{"start":{"line":52,"column":4},"end":{"line":52,"column":null}},"11":{"start":{"line":56,"column":4},"end":{"line":56,"column":null}},"12":{"start":{"line":60,"column":4},"end":{"line":60,"column":null}},"13":{"start":{"line":64,"column":4},"end":{"line":64,"column":null}},"14":{"start":{"line":65,"column":4},"end":{"line":65,"column":null}},"15":{"start":{"line":66,"column":4},"end":{"line":66,"column":null}},"16":{"start":{"line":70,"column":4},"end":{"line":70,"column":null}},"17":{"start":{"line":74,"column":25},"end":{"line":74,"column":null}},"18":{"start":{"line":75,"column":4},"end":{"line":77,"column":null}},"19":{"start":{"line":76,"column":6},"end":{"line":76,"column":null}},"20":{"start":{"line":78,"column":23},"end":{"line":78,"column":null}},"21":{"start":{"line":80,"column":4},"end":{"line":80,"column":null}},"22":{"start":{"line":82,"column":23},"end":{"line":82,"column":null}},"23":{"start":{"line":83,"column":4},"end":{"line":86,"column":null}},"24":{"start":{"line":88,"column":4},"end":{"line":88,"column":null}},"25":{"start":{"line":92,"column":4},"end":{"line":94,"column":null}},"26":{"start":{"line":93,"column":6},"end":{"line":93,"column":null}},"27":{"start":{"line":95,"column":4},"end":{"line":95,"column":null}},"28":{"start":{"line":99,"column":4},"end":{"line":105,"column":null}},"29":{"start":{"line":104,"column":6},"end":{"line":104,"column":null}},"30":{"start":{"line":106,"column":4},"end":{"line":106,"column":null}},"31":{"start":{"line":107,"column":4},"end":{"line":107,"column":null}},"32":{"start":{"line":111,"column":23},"end":{"line":111,"column":null}},"33":{"start":{"line":112,"column":25},"end":{"line":112,"column":null}},"34":{"start":{"line":113,"column":4},"end":{"line":113,"column":null}},"35":{"start":{"line":114,"column":4},"end":{"line":114,"column":null}},"36":{"start":{"line":118,"column":25},"end":{"line":118,"column":null}},"37":{"start":{"line":119,"column":23},"end":{"line":119,"column":null}},"38":{"start":{"line":120,"column":4},"end":{"line":120,"column":null}},"39":{"start":{"line":124,"column":22},"end":{"line":124,"column":null}},"40":{"start":{"line":125,"column":4},"end":{"line":144,"column":null}},"41":{"start":{"line":126,"column":28},"end":{"line":126,"column":null}},"42":{"start":{"line":127,"column":6},"end":{"line":141,"column":null}},"43":{"start":{"line":128,"column":8},"end":{"line":128,"column":null}},"44":{"start":{"line":129,"column":8},"end":{"line":129,"column":null}},"45":{"start":{"line":130,"column":8},"end":{"line":130,"column":null}},"46":{"start":{"line":132,"column":28},"end":{"line":132,"column":null}},"47":{"start":{"line":133,"column":26},"end":{"line":135,"column":null}},"48":{"start":{"line":136,"column":26},"end":{"line":136,"column":null}},"49":{"start":{"line":137,"column":8},"end":{"line":137,"column":null}},"50":{"start":{"line":138,"column":8},"end":{"line":138,"column":null}},"51":{"start":{"line":139,"column":8},"end":{"line":139,"column":null}},"52":{"start":{"line":140,"column":8},"end":{"line":140,"column":null}},"53":{"start":{"line":143,"column":6},"end":{"line":143,"column":null}},"54":{"start":{"line":148,"column":4},"end":{"line":148,"column":null}},"55":{"start":{"line":152,"column":4},"end":{"line":155,"column":null}},"56":{"start":{"line":153,"column":6},"end":{"line":153,"column":null}},"57":{"start":{"line":154,"column":6},"end":{"line":154,"column":null}}},"fnMap":{"0":{"name":"(anonymous_0)","decl":{"start":{"line":34,"column":2},"end":{"line":34,"column":14}},"loc":{"start":{"line":34,"column":46},"end":{"line":41,"column":null}},"line":34},"1":{"name":"(anonymous_1)","decl":{"start":{"line":43,"column":6},"end":{"line":43,"column":29}},"loc":{"start":{"line":43,"column":29},"end":{"line":45,"column":null}},"line":43},"2":{"name":"(anonymous_2)","decl":{"start":{"line":47,"column":6},"end":{"line":47,"column":25}},"loc":{"start":{"line":47,"column":25},"end":{"line":49,"column":null}},"line":47},"3":{"name":"(anonymous_3)","decl":{"start":{"line":51,"column":6},"end":{"line":51,"column":27}},"loc":{"start":{"line":51,"column":27},"end":{"line":53,"column":null}},"line":51},"4":{"name":"(anonymous_4)","decl":{"start":{"line":55,"column":6},"end":{"line":55,"column":27}},"loc":{"start":{"line":55,"column":27},"end":{"line":57,"column":null}},"line":55},"5":{"name":"(anonymous_5)","decl":{"start":{"line":59,"column":6},"end":{"line":59,"column":25}},"loc":{"start":{"line":59,"column":25},"end":{"line":61,"column":null}},"line":59},"6":{"name":"(anonymous_6)","decl":{"start":{"line":63,"column":2},"end":{"line":63,"column":16}},"loc":{"start":{"line":63,"column":16},"end":{"line":67,"column":null}},"line":63},"7":{"name":"(anonymous_7)","decl":{"start":{"line":69,"column":2},"end":{"line":69,"column":6}},"loc":{"start":{"line":69,"column":31},"end":{"line":71,"column":null}},"line":69},"8":{"name":"(anonymous_8)","decl":{"start":{"line":73,"column":2},"end":{"line":73,"column":13}},"loc":{"start":{"line":73,"column":71},"end":{"line":89,"column":null}},"line":73},"9":{"name":"(anonymous_9)","decl":{"start":{"line":91,"column":2},"end":{"line":91,"column":12}},"loc":{"start":{"line":91,"column":73},"end":{"line":96,"column":null}},"line":91},"10":{"name":"(anonymous_10)","decl":{"start":{"line":98,"column":2},"end":{"line":98,"column":10}},"loc":{"start":{"line":98,"column":36},"end":{"line":108,"column":null}},"line":98},"11":{"name":"(anonymous_11)","decl":{"start":{"line":110,"column":2},"end":{"line":110,"column":17}},"loc":{"start":{"line":110,"column":60},"end":{"line":115,"column":null}},"line":110},"12":{"name":"(anonymous_12)","decl":{"start":{"line":117,"column":2},"end":{"line":117,"column":10}},"loc":{"start":{"line":117,"column":67},"end":{"line":121,"column":null}},"line":117},"13":{"name":"(anonymous_13)","decl":{"start":{"line":123,"column":2},"end":{"line":123,"column":17}},"loc":{"start":{"line":123,"column":38},"end":{"line":145,"column":null}},"line":123},"14":{"name":"(anonymous_14)","decl":{"start":{"line":147,"column":2},"end":{"line":147,"column":27}},"loc":{"start":{"line":147,"column":48},"end":{"line":149,"column":null}},"line":147},"15":{"name":"(anonymous_15)","decl":{"start":{"line":151,"column":2},"end":{"line":151,"column":17}},"loc":{"start":{"line":151,"column":17},"end":{"line":156,"column":null}},"line":151}},"branchMap":{"0":{"loc":{"start":{"line":34,"column":14},"end":{"line":34,"column":46}},"type":"default-arg","locations":[{"start":{"line":34,"column":26},"end":{"line":34,"column":46}}],"line":34},"1":{"loc":{"start":{"line":73,"column":36},"end":{"line":73,"column":50}},"type":"default-arg","locations":[{"start":{"line":73,"column":47},"end":{"line":73,"column":50}}],"line":73},"2":{"loc":{"start":{"line":73,"column":50},"end":{"line":73,"column":71}},"type":"default-arg","locations":[{"start":{"line":73,"column":62},"end":{"line":73,"column":71}}],"line":73},"3":{"loc":{"start":{"line":75,"column":4},"end":{"line":77,"column":null}},"type":"if","locations":[{"start":{"line":75,"column":4},"end":{"line":77,"column":null}},{"start":{},"end":{}}],"line":75},"4":{"loc":{"start":{"line":75,"column":8},"end":{"line":75,"column":46}},"type":"binary-expr","locations":[{"start":{"line":75,"column":8},"end":{"line":75,"column":29}},{"start":{"line":75,"column":29},"end":{"line":75,"column":46}}],"line":75},"5":{"loc":{"start":{"line":91,"column":38},"end":{"line":91,"column":52}},"type":"default-arg","locations":[{"start":{"line":91,"column":49},"end":{"line":91,"column":52}}],"line":91},"6":{"loc":{"start":{"line":91,"column":52},"end":{"line":91,"column":73}},"type":"default-arg","locations":[{"start":{"line":91,"column":64},"end":{"line":91,"column":73}}],"line":91},"7":{"loc":{"start":{"line":92,"column":4},"end":{"line":94,"column":null}},"type":"if","locations":[{"start":{"line":92,"column":4},"end":{"line":94,"column":null}},{"start":{},"end":{}}],"line":92},"8":{"loc":{"start":{"line":92,"column":8},"end":{"line":92,"column":46}},"type":"binary-expr","locations":[{"start":{"line":92,"column":8},"end":{"line":92,"column":29}},{"start":{"line":92,"column":29},"end":{"line":92,"column":46}}],"line":92},"9":{"loc":{"start":{"line":99,"column":4},"end":{"line":105,"column":null}},"type":"if","locations":[{"start":{"line":99,"column":4},"end":{"line":105,"column":null}},{"start":{},"end":{}}],"line":99},"10":{"loc":{"start":{"line":100,"column":6},"end":{"line":102,"column":null}},"type":"binary-expr","locations":[{"start":{"line":100,"column":6},"end":{"line":100,"column":null}},{"start":{"line":101,"column":6},"end":{"line":101,"column":null}},{"start":{"line":102,"column":6},"end":{"line":102,"column":null}}],"line":100},"11":{"loc":{"start":{"line":110,"column":39},"end":{"line":110,"column":60}},"type":"default-arg","locations":[{"start":{"line":110,"column":51},"end":{"line":110,"column":60}}],"line":110},"12":{"loc":{"start":{"line":117,"column":32},"end":{"line":117,"column":46}},"type":"default-arg","locations":[{"start":{"line":117,"column":43},"end":{"line":117,"column":46}}],"line":117},"13":{"loc":{"start":{"line":117,"column":46},"end":{"line":117,"column":67}},"type":"default-arg","locations":[{"start":{"line":117,"column":58},"end":{"line":117,"column":67}}],"line":117},"14":{"loc":{"start":{"line":123,"column":17},"end":{"line":123,"column":38}},"type":"default-arg","locations":[{"start":{"line":123,"column":29},"end":{"line":123,"column":38}}],"line":123},"15":{"loc":{"start":{"line":125,"column":4},"end":{"line":144,"column":null}},"type":"if","locations":[{"start":{"line":125,"column":4},"end":{"line":144,"column":null}},{"start":{"line":142,"column":11},"end":{"line":144,"column":null}}],"line":125},"16":{"loc":{"start":{"line":127,"column":6},"end":{"line":141,"column":null}},"type":"if","locations":[{"start":{"line":127,"column":6},"end":{"line":141,"column":null}},{"start":{"line":131,"column":13},"end":{"line":141,"column":null}}],"line":127},"17":{"loc":{"start":{"line":147,"column":27},"end":{"line":147,"column":48}},"type":"default-arg","locations":[{"start":{"line":147,"column":39},"end":{"line":147,"column":48}}],"line":147},"18":{"loc":{"start":{"line":152,"column":4},"end":{"line":155,"column":null}},"type":"if","locations":[{"start":{"line":152,"column":4},"end":{"line":155,"column":null}},{"start":{},"end":{}}],"line":152}},"s":{"0":9,"1":9,"2":9,"3":9,"4":213,"5":213,"6":213,"7":213,"8":1332,"9":37,"10":1279,"11":103,"12":110,"13":25,"14":25,"15":25,"16":38,"17":66,"18":66,"19":28,"20":66,"21":66,"22":66,"23":66,"24":66,"25":32,"26":1,"27":32,"28":55,"29":8,"30":55,"31":55,"32":10,"33":10,"34":10,"35":10,"36":6,"37":6,"38":6,"39":109,"40":109,"41":108,"42":108,"43":108,"44":108,"45":108,"46":0,"47":0,"48":0,"49":0,"50":0,"51":0,"52":0,"53":1,"54":37,"55":109,"56":1,"57":1},"f":{"0":213,"1":1332,"2":37,"3":1279,"4":103,"5":110,"6":25,"7":38,"8":66,"9":32,"10":55,"11":10,"12":6,"13":109,"14":37,"15":109},"b":{"0":[213],"1":[66],"2":[66],"3":[28,38],"4":[66,66],"5":[32],"6":[32],"7":[1,31],"8":[32,32],"9":[8,47],"10":[55,47,47],"11":[10],"12":[6],"13":[6],"14":[109],"15":[108,1],"16":[108,0],"17":[37],"18":[1,108]},"meta":{"lastBranch":19,"lastFunction":16,"lastStatement":58,"seen":{"s:23:25:23:Infinity":0,"s:24:26:24:Infinity":1,"s:25:24:25:Infinity":2,"s:26:27:26:Infinity":3,"f:34:2:34:14":0,"b:34:26:34:46":0,"s:35:4:37:Infinity":4,"s:38:4:38:Infinity":5,"s:39:4:39:Infinity":6,"s:40:4:40:Infinity":7,"f:43:6:43:29":1,"s:44:4:44:Infinity":8,"f:47:6:47:25":2,"s:48:4:48:Infinity":9,"f:51:6:51:27":3,"s:52:4:52:Infinity":10,"f:55:6:55:27":4,"s:56:4:56:Infinity":11,"f:59:6:59:25":5,"s:60:4:60:Infinity":12,"f:63:2:63:16":6,"s:64:4:64:Infinity":13,"s:65:4:65:Infinity":14,"s:66:4:66:Infinity":15,"f:69:2:69:6":7,"s:70:4:70:Infinity":16,"f:73:2:73:13":8,"b:73:47:73:50":1,"b:73:62:73:71":2,"s:74:25:74:Infinity":17,"b:75:4:77:Infinity:undefined:undefined:undefined:undefined":3,"s:75:4:77:Infinity":18,"b:75:8:75:29:75:29:75:46":4,"s:76:6:76:Infinity":19,"s:78:23:78:Infinity":20,"s:80:4:80:Infinity":21,"s:82:23:82:Infinity":22,"s:83:4:86:Infinity":23,"s:88:4:88:Infinity":24,"f:91:2:91:12":9,"b:91:49:91:52":5,"b:91:64:91:73":6,"b:92:4:94:Infinity:undefined:undefined:undefined:undefined":7,"s:92:4:94:Infinity":25,"b:92:8:92:29:92:29:92:46":8,"s:93:6:93:Infinity":26,"s:95:4:95:Infinity":27,"f:98:2:98:10":10,"b:99:4:105:Infinity:undefined:undefined:undefined:undefined":9,"s:99:4:105:Infinity":28,"b:100:6:100:Infinity:101:6:101:Infinity:102:6:102:Infinity":10,"s:104:6:104:Infinity":29,"s:106:4:106:Infinity":30,"s:107:4:107:Infinity":31,"f:110:2:110:17":11,"b:110:51:110:60":11,"s:111:23:111:Infinity":32,"s:112:25:112:Infinity":33,"s:113:4:113:Infinity":34,"s:114:4:114:Infinity":35,"f:117:2:117:10":12,"b:117:43:117:46":12,"b:117:58:117:67":13,"s:118:25:118:Infinity":36,"s:119:23:119:Infinity":37,"s:120:4:120:Infinity":38,"f:123:2:123:17":13,"b:123:29:123:38":14,"s:124:22:124:Infinity":39,"b:125:4:144:Infinity:142:11:144:Infinity":15,"s:125:4:144:Infinity":40,"s:126:28:126:Infinity":41,"b:127:6:141:Infinity:131:13:141:Infinity":16,"s:127:6:141:Infinity":42,"s:128:8:128:Infinity":43,"s:129:8:129:Infinity":44,"s:130:8:130:Infinity":45,"s:132:28:132:Infinity":46,"s:133:26:135:Infinity":47,"s:136:26:136:Infinity":48,"s:137:8:137:Infinity":49,"s:138:8:138:Infinity":50,"s:139:8:139:Infinity":51,"s:140:8:140:Infinity":52,"s:143:6:143:Infinity":53,"f:147:2:147:27":14,"b:147:39:147:48":17,"s:148:4:148:Infinity":54,"f:151:2:151:17":15,"b:152:4:155:Infinity:undefined:undefined:undefined:undefined":18,"s:152:4:155:Infinity":55,"s:153:6:153:Infinity":56,"s:154:6:154:Infinity":57}}}
,"/Users/47056/st/packages/core/src/FilterSupport.ts": {"path":"/Users/47056/st/packages/core/src/FilterSupport.ts","statementMap":{"0":{"start":{"line":36,"column":4},"end":{"line":36,"column":null}},"1":{"start":{"line":40,"column":4},"end":{"line":40,"column":null}},"2":{"start":{"line":44,"column":4},"end":{"line":44,"column":null}},"3":{"start":{"line":48,"column":4},"end":{"line":48,"column":null}},"4":{"start":{"line":52,"column":4},"end":{"line":52,"column":null}},"5":{"start":{"line":56,"column":4},"end":{"line":65,"column":null}},"6":{"start":{"line":57,"column":29},"end":{"line":57,"column":null}},"7":{"start":{"line":59,"column":6},"end":{"line":59,"column":null}},"8":{"start":{"line":61,"column":6},"end":{"line":63,"column":null}},"9":{"start":{"line":62,"column":8},"end":{"line":62,"column":null}},"10":{"start":{"line":64,"column":6},"end":{"line":64,"column":null}},"11":{"start":{"line":69,"column":4},"end":{"line":69,"column":null}}},"fnMap":{"0":{"name":"(anonymous_0)","decl":{"start":{"line":35,"column":2},"end":{"line":35,"column":14}},"loc":{"start":{"line":35,"column":32},"end":{"line":37,"column":null}},"line":35},"1":{"name":"(anonymous_1)","decl":{"start":{"line":39,"column":6},"end":{"line":39,"column":25}},"loc":{"start":{"line":39,"column":25},"end":{"line":41,"column":null}},"line":39},"2":{"name":"(anonymous_2)","decl":{"start":{"line":43,"column":6},"end":{"line":43,"column":45}},"loc":{"start":{"line":43,"column":45},"end":{"line":45,"column":null}},"line":43},"3":{"name":"(anonymous_3)","decl":{"start":{"line":47,"column":6},"end":{"line":47,"column":46}},"loc":{"start":{"line":47,"column":46},"end":{"line":49,"column":null}},"line":47},"4":{"name":"(anonymous_4)","decl":{"start":{"line":51,"column":2},"end":{"line":51,"column":18}},"loc":{"start":{"line":51,"column":44},"end":{"line":53,"column":null}},"line":51},"5":{"name":"(anonymous_5)","decl":{"start":{"line":55,"column":2},"end":{"line":55,"column":19}},"loc":{"start":{"line":55,"column":40},"end":{"line":66,"column":null}},"line":55},"6":{"name":"(anonymous_6)","decl":{"start":{"line":68,"column":2},"end":{"line":68,"column":16}},"loc":{"start":{"line":68,"column":16},"end":{"line":70,"column":null}},"line":68}},"branchMap":{"0":{"loc":{"start":{"line":55,"column":19},"end":{"line":55,"column":40}},"type":"default-arg","locations":[{"start":{"line":55,"column":31},"end":{"line":55,"column":40}}],"line":55},"1":{"loc":{"start":{"line":61,"column":6},"end":{"line":63,"column":null}},"type":"if","locations":[{"start":{"line":61,"column":6},"end":{"line":63,"column":null}},{"start":{},"end":{}}],"line":61}},"s":{"0":33,"1":1,"2":17,"3":24,"4":1,"5":5,"6":5,"7":5,"8":5,"9":0,"10":5,"11":4},"f":{"0":33,"1":1,"2":17,"3":24,"4":1,"5":5,"6":4},"b":{"0":[5],"1":[0,5]},"meta":{"lastBranch":2,"lastFunction":7,"lastStatement":12,"seen":{"f:35:2:35:14":0,"s:36:4:36:Infinity":0,"f:39:6:39:25":1,"s:40:4:40:Infinity":1,"f:43:6:43:45":2,"s:44:4:44:Infinity":2,"f:47:6:47:46":3,"s:48:4:48:Infinity":3,"f:51:2:51:18":4,"s:52:4:52:Infinity":4,"f:55:2:55:19":5,"b:55:31:55:40":0,"s:56:4:65:Infinity":5,"s:57:29:57:Infinity":6,"s:59:6:59:Infinity":7,"b:61:6:63:Infinity:undefined:undefined:undefined:undefined":1,"s:61:6:63:Infinity":8,"s:62:8:62:Infinity":9,"s:64:6:64:Infinity":10,"f:68:2:68:16":6,"s:69:4:69:Infinity":11}}}
,"/Users/47056/st/packages/core/src/PitchShifter.ts": {"path":"/Users/47056/st/packages/core/src/PitchShifter.ts","statementMap":{"0":{"start":{"line":43,"column":28},"end":{"line":43,"column":null}},"1":{"start":{"line":44,"column":21},"end":{"line":44,"column":null}},"2":{"start":{"line":45,"column":2},"end":{"line":45,"column":null}},"3":{"start":{"line":46,"column":2},"end":{"line":46,"column":null}},"4":{"start":{"line":47,"column":2},"end":{"line":56,"column":null}},"5":{"start":{"line":48,"column":23},"end":{"line":54,"column":null}},"6":{"start":{"line":55,"column":4},"end":{"line":55,"column":null}},"7":{"start":{"line":77,"column":4},"end":{"line":77,"column":null}},"8":{"start":{"line":78,"column":19},"end":{"line":78,"column":null}},"9":{"start":{"line":79,"column":4},"end":{"line":79,"column":null}},"10":{"start":{"line":80,"column":4},"end":{"line":80,"column":null}},"11":{"start":{"line":81,"column":4},"end":{"line":81,"column":null}},"12":{"start":{"line":82,"column":4},"end":{"line":87,"column":null}},"13":{"start":{"line":85,"column":15},"end":{"line":85,"column":null}},"14":{"start":{"line":88,"column":4},"end":{"line":88,"column":null}},"15":{"start":{"line":89,"column":4},"end":{"line":89,"column":null}},"16":{"start":{"line":90,"column":4},"end":{"line":90,"column":null}},"17":{"start":{"line":91,"column":4},"end":{"line":91,"column":null}},"18":{"start":{"line":92,"column":4},"end":{"line":92,"column":null}},"19":{"start":{"line":96,"column":4},"end":{"line":96,"column":null}},"20":{"start":{"line":100,"column":4},"end":{"line":100,"column":null}},"21":{"start":{"line":104,"column":4},"end":{"line":105,"column":null}},"22":{"start":{"line":110,"column":4},"end":{"line":112,"column":null}},"23":{"start":{"line":113,"column":4},"end":{"line":113,"column":null}},"24":{"start":{"line":114,"column":4},"end":{"line":114,"column":null}},"25":{"start":{"line":118,"column":4},"end":{"line":118,"column":null}},"26":{"start":{"line":122,"column":4},"end":{"line":122,"column":null}},"27":{"start":{"line":126,"column":4},"end":{"line":126,"column":null}},"28":{"start":{"line":130,"column":4},"end":{"line":130,"column":null}},"29":{"start":{"line":134,"column":4},"end":{"line":134,"column":null}},"30":{"start":{"line":138,"column":4},"end":{"line":138,"column":null}},"31":{"start":{"line":142,"column":4},"end":{"line":142,"column":null}},"32":{"start":{"line":146,"column":4},"end":{"line":146,"column":null}},"33":{"start":{"line":147,"column":4},"end":{"line":149,"column":null}},"34":{"start":{"line":149,"column":9},"end":{"line":149,"column":45}},"35":{"start":{"line":153,"column":20},"end":{"line":153,"column":null}},"36":{"start":{"line":154,"column":4},"end":{"line":156,"column":null}},"37":{"start":{"line":155,"column":6},"end":{"line":155,"column":null}},"38":{"start":{"line":155,"column":42},"end":{"line":155,"column":62}},"39":{"start":{"line":157,"column":4},"end":{"line":161,"column":null}},"40":{"start":{"line":158,"column":6},"end":{"line":160,"column":null}},"41":{"start":{"line":160,"column":11},"end":{"line":160,"column":49}}},"fnMap":{"0":{"name":"onUpdate","decl":{"start":{"line":42,"column":9},"end":{"line":42,"column":38}},"loc":{"start":{"line":42,"column":68},"end":{"line":57,"column":null}},"line":42},"1":{"name":"(anonymous_1)","decl":{"start":{"line":71,"column":2},"end":{"line":71,"column":null}},"loc":{"start":{"line":76,"column":4},"end":{"line":93,"column":null}},"line":76},"2":{"name":"(anonymous_2)","decl":{"start":{"line":85,"column":6},"end":{"line":85,"column":7}},"loc":{"start":{"line":85,"column":15},"end":{"line":85,"column":null}},"line":85},"3":{"name":"(anonymous_3)","decl":{"start":{"line":95,"column":6},"end":{"line":95,"column":34}},"loc":{"start":{"line":95,"column":34},"end":{"line":97,"column":null}},"line":95},"4":{"name":"(anonymous_4)","decl":{"start":{"line":99,"column":6},"end":{"line":99,"column":36}},"loc":{"start":{"line":99,"column":36},"end":{"line":101,"column":null}},"line":99},"5":{"name":"(anonymous_5)","decl":{"start":{"line":103,"column":6},"end":{"line":103,"column":33}},"loc":{"start":{"line":103,"column":33},"end":{"line":107,"column":null}},"line":103},"6":{"name":"(anonymous_6)","decl":{"start":{"line":109,"column":6},"end":{"line":109,"column":23}},"loc":{"start":{"line":109,"column":37},"end":{"line":115,"column":null}},"line":109},"7":{"name":"(anonymous_7)","decl":{"start":{"line":117,"column":6},"end":{"line":117,"column":34}},"loc":{"start":{"line":117,"column":34},"end":{"line":119,"column":null}},"line":117},"8":{"name":"(anonymous_8)","decl":{"start":{"line":121,"column":6},"end":{"line":121,"column":12}},"loc":{"start":{"line":121,"column":27},"end":{"line":123,"column":null}},"line":121},"9":{"name":"(anonymous_9)","decl":{"start":{"line":125,"column":6},"end":{"line":125,"column":21}},"loc":{"start":{"line":125,"column":39},"end":{"line":127,"column":null}},"line":125},"10":{"name":"(anonymous_10)","decl":{"start":{"line":129,"column":6},"end":{"line":129,"column":11}},"loc":{"start":{"line":129,"column":25},"end":{"line":131,"column":null}},"line":129},"11":{"name":"(anonymous_11)","decl":{"start":{"line":133,"column":6},"end":{"line":133,"column":12}},"loc":{"start":{"line":133,"column":27},"end":{"line":135,"column":null}},"line":133},"12":{"name":"(anonymous_12)","decl":{"start":{"line":137,"column":2},"end":{"line":137,"column":10}},"loc":{"start":{"line":137,"column":35},"end":{"line":139,"column":null}},"line":137},"13":{"name":"(anonymous_13)","decl":{"start":{"line":141,"column":2},"end":{"line":141,"column":21}},"loc":{"start":{"line":141,"column":21},"end":{"line":143,"column":null}},"line":141},"14":{"name":"(anonymous_14)","decl":{"start":{"line":145,"column":2},"end":{"line":145,"column":5}},"loc":{"start":{"line":145,"column":69},"end":{"line":150,"column":null}},"line":145},"15":{"name":"(anonymous_15)","decl":{"start":{"line":147,"column":44},"end":{"line":147,"column":null}},"loc":{"start":{"line":149,"column":9},"end":{"line":149,"column":45}},"line":149},"16":{"name":"(anonymous_16)","decl":{"start":{"line":152,"column":2},"end":{"line":152,"column":6}},"loc":{"start":{"line":152,"column":45},"end":{"line":162,"column":null}},"line":152},"17":{"name":"(anonymous_17)","decl":{"start":{"line":155,"column":35},"end":{"line":155,"column":36}},"loc":{"start":{"line":155,"column":42},"end":{"line":155,"column":62}},"line":155},"18":{"name":"(anonymous_18)","decl":{"start":{"line":157,"column":22},"end":{"line":157,"column":23}},"loc":{"start":{"line":157,"column":29},"end":{"line":161,"column":5}},"line":157},"19":{"name":"(anonymous_19)","decl":{"start":{"line":158,"column":46},"end":{"line":158,"column":null}},"loc":{"start":{"line":160,"column":11},"end":{"line":160,"column":49}},"line":160}},"branchMap":{"0":{"loc":{"start":{"line":47,"column":2},"end":{"line":56,"column":null}},"type":"if","locations":[{"start":{"line":47,"column":2},"end":{"line":56,"column":null}},{"start":{},"end":{}}],"line":47},"1":{"loc":{"start":{"line":75,"column":4},"end":{"line":75,"column":null}},"type":"default-arg","locations":[{"start":{"line":75,"column":24},"end":{"line":75,"column":null}}],"line":75},"2":{"loc":{"start":{"line":152,"column":6},"end":{"line":152,"column":45}},"type":"default-arg","locations":[{"start":{"line":152,"column":33},"end":{"line":152,"column":45}}],"line":152},"3":{"loc":{"start":{"line":154,"column":4},"end":{"line":156,"column":null}},"type":"if","locations":[{"start":{"line":154,"column":4},"end":{"line":156,"column":null}},{"start":{},"end":{}}],"line":154}},"s":{"0":0,"1":0,"2":0,"3":0,"4":0,"5":0,"6":0,"7":16,"8":16,"9":16,"10":16,"11":16,"12":16,"13":0,"14":16,"15":16,"16":16,"17":16,"18":16,"19":1,"20":1,"21":1,"22":1,"23":1,"24":1,"25":6,"26":1,"27":1,"28":17,"29":17,"30":1,"31":1,"32":5,"33":5,"34":0,"35":2,"36":2,"37":1,"38":2,"39":2,"40":3,"41":0},"f":{"0":0,"1":16,"2":0,"3":1,"4":1,"5":1,"6":1,"7":6,"8":1,"9":1,"10":17,"11":17,"12":1,"13":1,"14":5,"15":0,"16":2,"17":2,"18":3,"19":0},"b":{"0":[0,0],"1":[16],"2":[2],"3":[1,1]},"meta":{"lastBranch":4,"lastFunction":20,"lastStatement":42,"seen":{"f:42:9:42:38":0,"s:43:28:43:Infinity":0,"s:44:21:44:Infinity":1,"s:45:2:45:Infinity":2,"s:46:2:46:Infinity":3,"b:47:2:56:Infinity:undefined:undefined:undefined:undefined":0,"s:47:2:56:Infinity":4,"s:48:23:54:Infinity":5,"s:55:4:55:Infinity":6,"f:71:2:71:Infinity":1,"b:75:24:75:Infinity":1,"s:77:4:77:Infinity":7,"s:78:19:78:Infinity":8,"s:79:4:79:Infinity":9,"s:80:4:80:Infinity":10,"s:81:4:81:Infinity":11,"s:82:4:87:Infinity":12,"f:85:6:85:7":2,"s:85:15:85:Infinity":13,"s:88:4:88:Infinity":14,"s:89:4:89:Infinity":15,"s:90:4:90:Infinity":16,"s:91:4:91:Infinity":17,"s:92:4:92:Infinity":18,"f:95:6:95:34":3,"s:96:4:96:Infinity":19,"f:99:6:99:36":4,"s:100:4:100:Infinity":20,"f:103:6:103:33":5,"s:104:4:105:Infinity":21,"f:109:6:109:23":6,"s:110:4:112:Infinity":22,"s:113:4:113:Infinity":23,"s:114:4:114:Infinity":24,"f:117:6:117:34":7,"s:118:4:118:Infinity":25,"f:121:6:121:12":8,"s:122:4:122:Infinity":26,"f:125:6:125:21":9,"s:126:4:126:Infinity":27,"f:129:6:129:11":10,"s:130:4:130:Infinity":28,"f:133:6:133:12":11,"s:134:4:134:Infinity":29,"f:137:2:137:10":12,"s:138:4:138:Infinity":30,"f:141:2:141:21":13,"s:142:4:142:Infinity":31,"f:145:2:145:5":14,"s:146:4:146:Infinity":32,"s:147:4:149:Infinity":33,"f:147:44:147:Infinity":15,"s:149:9:149:45":34,"f:152:2:152:6":16,"b:152:33:152:45":2,"s:153:20:153:Infinity":35,"b:154:4:156:Infinity:undefined:undefined:undefined:undefined":3,"s:154:4:156:Infinity":36,"s:155:6:155:Infinity":37,"f:155:35:155:36":17,"s:155:42:155:62":38,"s:157:4:161:Infinity":39,"f:157:22:157:23":18,"s:158:6:160:Infinity":40,"f:158:46:158:Infinity":19,"s:160:11:160:49":41}}}
,"/Users/47056/st/packages/core/src/RateTransposer.ts": {"path":"/Users/47056/st/packages/core/src/RateTransposer.ts","statementMap":{"0":{"start":{"line":32,"column":4},"end":{"line":32,"column":null}},"1":{"start":{"line":33,"column":4},"end":{"line":33,"column":null}},"2":{"start":{"line":34,"column":4},"end":{"line":34,"column":null}},"3":{"start":{"line":35,"column":4},"end":{"line":35,"column":null}},"4":{"start":{"line":36,"column":4},"end":{"line":36,"column":null}},"5":{"start":{"line":40,"column":4},"end":{"line":40,"column":null}},"6":{"start":{"line":44,"column":4},"end":{"line":44,"column":null}},"7":{"start":{"line":45,"column":4},"end":{"line":45,"column":null}},"8":{"start":{"line":46,"column":4},"end":{"line":46,"column":null}},"9":{"start":{"line":50,"column":4},"end":{"line":50,"column":null}},"10":{"start":{"line":51,"column":4},"end":{"line":51,"column":null}},"11":{"start":{"line":55,"column":19},"end":{"line":55,"column":null}},"12":{"start":{"line":56,"column":4},"end":{"line":56,"column":null}},"13":{"start":{"line":57,"column":4},"end":{"line":57,"column":null}},"14":{"start":{"line":61,"column":22},"end":{"line":61,"column":null}},"15":{"start":{"line":62,"column":4},"end":{"line":62,"column":null}},"16":{"start":{"line":63,"column":28},"end":{"line":63,"column":null}},"17":{"start":{"line":64,"column":4},"end":{"line":64,"column":null}},"18":{"start":{"line":65,"column":4},"end":{"line":65,"column":null}},"19":{"start":{"line":69,"column":4},"end":{"line":71,"column":null}},"20":{"start":{"line":70,"column":6},"end":{"line":70,"column":null}},"21":{"start":{"line":73,"column":16},"end":{"line":73,"column":null}},"22":{"start":{"line":74,"column":22},"end":{"line":74,"column":null}},"23":{"start":{"line":76,"column":17},"end":{"line":76,"column":null}},"24":{"start":{"line":77,"column":23},"end":{"line":77,"column":null}},"25":{"start":{"line":79,"column":15},"end":{"line":79,"column":null}},"26":{"start":{"line":80,"column":12},"end":{"line":80,"column":null}},"27":{"start":{"line":82,"column":4},"end":{"line":91,"column":null}},"28":{"start":{"line":83,"column":6},"end":{"line":85,"column":null}},"29":{"start":{"line":86,"column":6},"end":{"line":88,"column":null}},"30":{"start":{"line":89,"column":6},"end":{"line":89,"column":null}},"31":{"start":{"line":90,"column":6},"end":{"line":90,"column":null}},"32":{"start":{"line":93,"column":4},"end":{"line":93,"column":null}},"33":{"start":{"line":95,"column":4},"end":{"line":117,"column":null}},"34":{"start":{"line":97,"column":6},"end":{"line":116,"column":null}},"35":{"start":{"line":97,"column":11},"end":{"line":116,"column":null}},"36":{"start":{"line":98,"column":8},"end":{"line":104,"column":null}},"37":{"start":{"line":99,"column":10},"end":{"line":99,"column":null}},"38":{"start":{"line":100,"column":10},"end":{"line":100,"column":null}},"39":{"start":{"line":101,"column":10},"end":{"line":103,"column":null}},"40":{"start":{"line":102,"column":12},"end":{"line":102,"column":null}},"41":{"start":{"line":106,"column":25},"end":{"line":106,"column":null}},"42":{"start":{"line":107,"column":8},"end":{"line":109,"column":null}},"43":{"start":{"line":110,"column":8},"end":{"line":112,"column":null}},"44":{"start":{"line":114,"column":8},"end":{"line":114,"column":null}},"45":{"start":{"line":115,"column":8},"end":{"line":115,"column":null}},"46":{"start":{"line":119,"column":4},"end":{"line":119,"column":null}},"47":{"start":{"line":120,"column":4},"end":{"line":120,"column":null}},"48":{"start":{"line":122,"column":4},"end":{"line":122,"column":null}}},"fnMap":{"0":{"name":"(anonymous_0)","decl":{"start":{"line":31,"column":2},"end":{"line":31,"column":14}},"loc":{"start":{"line":31,"column":39},"end":{"line":37,"column":null}},"line":31},"1":{"name":"(anonymous_1)","decl":{"start":{"line":39,"column":6},"end":{"line":39,"column":11}},"loc":{"start":{"line":39,"column":25},"end":{"line":41,"column":null}},"line":39},"2":{"name":"(anonymous_2)","decl":{"start":{"line":43,"column":10},"end":{"line":43,"column":24}},"loc":{"start":{"line":43,"column":24},"end":{"line":47,"column":null}},"line":43},"3":{"name":"(anonymous_3)","decl":{"start":{"line":49,"column":11},"end":{"line":49,"column":25}},"loc":{"start":{"line":49,"column":25},"end":{"line":52,"column":null}},"line":49},"4":{"name":"(anonymous_4)","decl":{"start":{"line":54,"column":2},"end":{"line":54,"column":26}},"loc":{"start":{"line":54,"column":26},"end":{"line":58,"column":null}},"line":54},"5":{"name":"(anonymous_5)","decl":{"start":{"line":60,"column":2},"end":{"line":60,"column":18}},"loc":{"start":{"line":60,"column":18},"end":{"line":66,"column":null}},"line":60},"6":{"name":"(anonymous_6)","decl":{"start":{"line":68,"column":2},"end":{"line":68,"column":12}},"loc":{"start":{"line":68,"column":35},"end":{"line":123,"column":null}},"line":68}},"branchMap":{"0":{"loc":{"start":{"line":68,"column":12},"end":{"line":68,"column":35}},"type":"default-arg","locations":[{"start":{"line":68,"column":24},"end":{"line":68,"column":35}}],"line":68},"1":{"loc":{"start":{"line":69,"column":4},"end":{"line":71,"column":null}},"type":"if","locations":[{"start":{"line":69,"column":4},"end":{"line":71,"column":null}},{"start":{},"end":{}}],"line":69},"2":{"loc":{"start":{"line":95,"column":4},"end":{"line":117,"column":null}},"type":"if","locations":[{"start":{"line":95,"column":4},"end":{"line":117,"column":null}},{"start":{},"end":{}}],"line":95},"3":{"loc":{"start":{"line":101,"column":10},"end":{"line":103,"column":null}},"type":"if","locations":[{"start":{"line":101,"column":10},"end":{"line":103,"column":null}},{"start":{},"end":{}}],"line":101}},"s":{"0":56,"1":56,"2":56,"3":56,"4":56,"5":66,"6":5,"7":5,"8":5,"9":5,"10":5,"11":1,"12":1,"13":1,"14":7,"15":7,"16":7,"17":7,"18":7,"19":11,"20":1,"21":10,"22":10,"23":10,"24":10,"25":10,"26":10,"27":10,"28":11,"29":11,"30":11,"31":11,"32":10,"33":10,"34":10,"35":10,"36":121513,"37":107042,"38":107042,"39":107042,"40":10,"41":121503,"42":121503,"43":121503,"44":121503,"45":121503,"46":10,"47":10,"48":10},"f":{"0":56,"1":66,"2":5,"3":5,"4":1,"5":7,"6":11},"b":{"0":[11],"1":[1,10],"2":[10,0],"3":[10,107032]},"meta":{"lastBranch":4,"lastFunction":7,"lastStatement":49,"seen":{"f:31:2:31:14":0,"s:32:4:32:Infinity":0,"s:33:4:33:Infinity":1,"s:34:4:34:Infinity":2,"s:35:4:35:Infinity":3,"s:36:4:36:Infinity":4,"f:39:6:39:11":1,"s:40:4:40:Infinity":5,"f:43:10:43:24":2,"s:44:4:44:Infinity":6,"s:45:4:45:Infinity":7,"s:46:4:46:Infinity":8,"f:49:11:49:25":3,"s:50:4:50:Infinity":9,"s:51:4:51:Infinity":10,"f:54:2:54:26":4,"s:55:19:55:Infinity":11,"s:56:4:56:Infinity":12,"s:57:4:57:Infinity":13,"f:60:2:60:18":5,"s:61:22:61:Infinity":14,"s:62:4:62:Infinity":15,"s:63:28:63:Infinity":16,"s:64:4:64:Infinity":17,"s:65:4:65:Infinity":18,"f:68:2:68:12":6,"b:68:24:68:35":0,"b:69:4:71:Infinity:undefined:undefined:undefined:undefined":1,"s:69:4:71:Infinity":19,"s:70:6:70:Infinity":20,"s:73:16:73:Infinity":21,"s:74:22:74:Infinity":22,"s:76:17:76:Infinity":23,"s:77:23:77:Infinity":24,"s:79:15:79:Infinity":25,"s:80:12:80:Infinity":26,"s:82:4:91:Infinity":27,"s:83:6:85:Infinity":28,"s:86:6:88:Infinity":29,"s:89:6:89:Infinity":30,"s:90:6:90:Infinity":31,"s:93:4:93:Infinity":32,"b:95:4:117:Infinity:undefined:undefined:undefined:undefined":2,"s:95:4:117:Infinity":33,"s:97:6:116:Infinity":34,"s:97:11:116:Infinity":35,"s:98:8:104:Infinity":36,"s:99:10:99:Infinity":37,"s:100:10:100:Infinity":38,"b:101:10:103:Infinity:undefined:undefined:undefined:undefined":3,"s:101:10:103:Infinity":39,"s:102:12:102:Infinity":40,"s:106:25:106:Infinity":41,"s:107:8:109:Infinity":42,"s:110:8:112:Infinity":43,"s:114:8:114:Infinity":44,"s:115:8:115:Infinity":45,"s:119:4:119:Infinity":46,"s:120:4:120:Infinity":47,"s:122:4:122:Infinity":48}}}
,"/Users/47056/st/packages/core/src/SimpleFilter.ts": {"path":"/Users/47056/st/packages/core/src/SimpleFilter.ts","statementMap":{"0":{"start":{"line":49,"column":4},"end":{"line":49,"column":null}},"1":{"start":{"line":50,"column":4},"end":{"line":50,"column":null}},"2":{"start":{"line":51,"column":4},"end":{"line":51,"column":null}},"3":{"start":{"line":52,"column":4},"end":{"line":52,"column":null}},"4":{"start":{"line":53,"column":4},"end":{"line":53,"column":null}},"5":{"start":{"line":54,"column":4},"end":{"line":54,"column":null}},"6":{"start":{"line":55,"column":4},"end":{"line":55,"column":null}},"7":{"start":{"line":56,"column":4},"end":{"line":56,"column":null}},"8":{"start":{"line":60,"column":4},"end":{"line":60,"column":null}},"9":{"start":{"line":64,"column":4},"end":{"line":68,"column":null}},"10":{"start":{"line":65,"column":6},"end":{"line":67,"column":null}},"11":{"start":{"line":70,"column":6},"end":{"line":70,"column":null}},"12":{"start":{"line":71,"column":4},"end":{"line":73,"column":null}},"13":{"start":{"line":72,"column":6},"end":{"line":72,"column":null}},"14":{"start":{"line":74,"column":4},"end":{"line":74,"column":null}},"15":{"start":{"line":75,"column":4},"end":{"line":75,"column":null}},"16":{"start":{"line":79,"column":4},"end":{"line":79,"column":null}},"17":{"start":{"line":83,"column":4},"end":{"line":83,"column":null}},"18":{"start":{"line":84,"column":4},"end":{"line":84,"column":null}},"19":{"start":{"line":88,"column":4},"end":{"line":88,"column":null}},"20":{"start":{"line":92,"column":19},"end":{"line":92,"column":null}},"21":{"start":{"line":93,"column":4},"end":{"line":95,"column":null}},"22":{"start":{"line":94,"column":6},"end":{"line":94,"column":null}},"23":{"start":{"line":96,"column":31},"end":{"line":100,"column":null}},"24":{"start":{"line":101,"column":4},"end":{"line":101,"column":null}},"25":{"start":{"line":102,"column":4},"end":{"line":102,"column":null}},"26":{"start":{"line":106,"column":4},"end":{"line":106,"column":null}},"27":{"start":{"line":108,"column":31},"end":{"line":111,"column":null}},"28":{"start":{"line":112,"column":4},"end":{"line":116,"column":null}},"29":{"start":{"line":118,"column":26},"end":{"line":118,"column":null}},"30":{"start":{"line":119,"column":4},"end":{"line":119,"column":null}},"31":{"start":{"line":120,"column":4},"end":{"line":122,"column":null}},"32":{"start":{"line":124,"column":4},"end":{"line":124,"column":null}},"33":{"start":{"line":125,"column":4},"end":{"line":125,"column":null}},"34":{"start":{"line":129,"column":4},"end":{"line":129,"column":null}},"35":{"start":{"line":133,"column":4},"end":{"line":133,"column":null}},"36":{"start":{"line":134,"column":4},"end":{"line":134,"column":null}}},"fnMap":{"0":{"name":"(anonymous_0)","decl":{"start":{"line":38,"column":2},"end":{"line":38,"column":null}},"loc":{"start":{"line":48,"column":4},"end":{"line":57,"column":null}},"line":48},"1":{"name":"(anonymous_1)","decl":{"start":{"line":59,"column":6},"end":{"line":59,"column":25}},"loc":{"start":{"line":59,"column":25},"end":{"line":61,"column":null}},"line":59},"2":{"name":"(anonymous_2)","decl":{"start":{"line":63,"column":6},"end":{"line":63,"column":15}},"loc":{"start":{"line":63,"column":33},"end":{"line":76,"column":null}},"line":63},"3":{"name":"(anonymous_3)","decl":{"start":{"line":78,"column":6},"end":{"line":78,"column":31}},"loc":{"start":{"line":78,"column":31},"end":{"line":80,"column":null}},"line":78},"4":{"name":"(anonymous_4)","decl":{"start":{"line":82,"column":6},"end":{"line":82,"column":21}},"loc":{"start":{"line":82,"column":45},"end":{"line":85,"column":null}},"line":82},"5":{"name":"(anonymous_5)","decl":{"start":{"line":87,"column":2},"end":{"line":87,"column":16}},"loc":{"start":{"line":87,"column":16},"end":{"line":89,"column":null}},"line":87},"6":{"name":"(anonymous_6)","decl":{"start":{"line":91,"column":11},"end":{"line":91,"column":27}},"loc":{"start":{"line":91,"column":48},"end":{"line":103,"column":null}},"line":91},"7":{"name":"(anonymous_7)","decl":{"start":{"line":105,"column":2},"end":{"line":105,"column":10}},"loc":{"start":{"line":105,"column":55},"end":{"line":126,"column":null}},"line":105},"8":{"name":"(anonymous_8)","decl":{"start":{"line":128,"column":2},"end":{"line":128,"column":19}},"loc":{"start":{"line":128,"column":56},"end":{"line":130,"column":null}},"line":128},"9":{"name":"(anonymous_9)","decl":{"start":{"line":132,"column":11},"end":{"line":132,"column":25}},"loc":{"start":{"line":132,"column":25},"end":{"line":135,"column":null}},"line":132}},"branchMap":{"0":{"loc":{"start":{"line":47,"column":4},"end":{"line":47,"column":null}},"type":"default-arg","locations":[{"start":{"line":47,"column":27},"end":{"line":47,"column":null}}],"line":47},"1":{"loc":{"start":{"line":64,"column":4},"end":{"line":68,"column":null}},"type":"if","locations":[{"start":{"line":64,"column":4},"end":{"line":68,"column":null}},{"start":{},"end":{}}],"line":64},"2":{"loc":{"start":{"line":71,"column":4},"end":{"line":73,"column":null}},"type":"if","locations":[{"start":{"line":71,"column":4},"end":{"line":73,"column":null}},{"start":{},"end":{}}],"line":71},"3":{"loc":{"start":{"line":91,"column":27},"end":{"line":91,"column":48}},"type":"default-arg","locations":[{"start":{"line":91,"column":39},"end":{"line":91,"column":48}}],"line":91},"4":{"loc":{"start":{"line":93,"column":4},"end":{"line":95,"column":null}},"type":"if","locations":[{"start":{"line":93,"column":4},"end":{"line":95,"column":null}},{"start":{},"end":{}}],"line":93},"5":{"loc":{"start":{"line":105,"column":32},"end":{"line":105,"column":55}},"type":"default-arg","locations":[{"start":{"line":105,"column":44},"end":{"line":105,"column":55}}],"line":105}},"s":{"0":28,"1":28,"2":28,"3":28,"4":28,"5":28,"6":28,"7":28,"8":3,"9":1,"10":1,"11":0,"12":0,"13":0,"14":0,"15":0,"16":6,"17":2,"18":2,"19":2,"20":5,"21":5,"22":5,"23":5,"24":5,"25":5,"26":4,"27":4,"28":4,"29":4,"30":4,"31":4,"32":4,"33":4,"34":1,"35":3,"36":3},"f":{"0":28,"1":3,"2":1,"3":6,"4":2,"5":2,"6":5,"7":4,"8":1,"9":3},"b":{"0":[28],"1":[1,0],"2":[0,0],"3":[5],"4":[5,0],"5":[4]},"meta":{"lastBranch":6,"lastFunction":10,"lastStatement":37,"seen":{"f:38:2:38:Infinity":0,"b:47:27:47:Infinity":0,"s:49:4:49:Infinity":0,"s:50:4:50:Infinity":1,"s:51:4:51:Infinity":2,"s:52:4:52:Infinity":3,"s:53:4:53:Infinity":4,"s:54:4:54:Infinity":5,"s:55:4:55:Infinity":6,"s:56:4:56:Infinity":7,"f:59:6:59:25":1,"s:60:4:60:Infinity":8,"f:63:6:63:15":2,"b:64:4:68:Infinity:undefined:undefined:undefined:undefined":1,"s:64:4:68:Infinity":9,"s:65:6:67:Infinity":10,"s:70:6:70:Infinity":11,"b:71:4:73:Infinity:undefined:undefined:undefined:undefined":2,"s:71:4:73:Infinity":12,"s:72:6:72:Infinity":13,"s:74:4:74:Infinity":14,"s:75:4:75:Infinity":15,"f:78:6:78:31":3,"s:79:4:79:Infinity":16,"f:82:6:82:21":4,"s:83:4:83:Infinity":17,"s:84:4:84:Infinity":18,"f:87:2:87:16":5,"s:88:4:88:Infinity":19,"f:91:11:91:27":6,"b:91:39:91:48":3,"s:92:19:92:Infinity":20,"b:93:4:95:Infinity:undefined:undefined:undefined:undefined":4,"s:93:4:95:Infinity":21,"s:94:6:94:Infinity":22,"s:96:31:100:Infinity":23,"s:101:4:101:Infinity":24,"s:102:4:102:Infinity":25,"f:105:2:105:10":7,"b:105:44:105:55":5,"s:106:4:106:Infinity":26,"s:108:31:111:Infinity":27,"s:112:4:116:Infinity":28,"s:118:26:118:Infinity":29,"s:119:4:119:Infinity":30,"s:120:4:122:Infinity":31,"s:124:4:124:Infinity":32,"s:125:4:125:Infinity":33,"f:128:2:128:19":8,"s:129:4:129:Infinity":34,"f:132:11:132:25":9,"s:133:4:133:Infinity":35,"s:134:4:134:Infinity":36}}}
,"/Users/47056/st/packages/core/src/SoundTouch.ts": {"path":"/Users/47056/st/packages/core/src/SoundTouch.ts","statementMap":{"0":{"start":{"line":44,"column":4},"end":{"line":44,"column":null}},"1":{"start":{"line":45,"column":4},"end":{"line":45,"column":null}},"2":{"start":{"line":47,"column":4},"end":{"line":47,"column":null}},"3":{"start":{"line":48,"column":4},"end":{"line":48,"column":null}},"4":{"start":{"line":49,"column":4},"end":{"line":49,"column":null}},"5":{"start":{"line":51,"column":4},"end":{"line":51,"column":null}},"6":{"start":{"line":52,"column":4},"end":{"line":52,"column":null}},"7":{"start":{"line":54,"column":4},"end":{"line":54,"column":null}},"8":{"start":{"line":55,"column":4},"end":{"line":55,"column":null}},"9":{"start":{"line":56,"column":4},"end":{"line":56,"column":null}},"10":{"start":{"line":58,"column":4},"end":{"line":58,"column":null}},"11":{"start":{"line":62,"column":4},"end":{"line":62,"column":null}},"12":{"start":{"line":63,"column":4},"end":{"line":63,"column":null}},"13":{"start":{"line":67,"column":19},"end":{"line":67,"column":null}},"14":{"start":{"line":68,"column":4},"end":{"line":68,"column":null}},"15":{"start":{"line":69,"column":4},"end":{"line":69,"column":null}},"16":{"start":{"line":70,"column":4},"end":{"line":70,"column":null}},"17":{"start":{"line":74,"column":4},"end":{"line":74,"column":null}},"18":{"start":{"line":78,"column":4},"end":{"line":78,"column":null}},"19":{"start":{"line":79,"column":4},"end":{"line":79,"column":null}},"20":{"start":{"line":83,"column":4},"end":{"line":83,"column":null}},"21":{"start":{"line":87,"column":4},"end":{"line":87,"column":null}},"22":{"start":{"line":91,"column":4},"end":{"line":91,"column":null}},"23":{"start":{"line":92,"column":4},"end":{"line":92,"column":null}},"24":{"start":{"line":96,"column":4},"end":{"line":96,"column":null}},"25":{"start":{"line":100,"column":4},"end":{"line":100,"column":null}},"26":{"start":{"line":101,"column":4},"end":{"line":101,"column":null}},"27":{"start":{"line":105,"column":4},"end":{"line":105,"column":null}},"28":{"start":{"line":106,"column":4},"end":{"line":106,"column":null}},"29":{"start":{"line":110,"column":4},"end":{"line":110,"column":null}},"30":{"start":{"line":114,"column":4},"end":{"line":114,"column":null}},"31":{"start":{"line":118,"column":4},"end":{"line":118,"column":null}},"32":{"start":{"line":122,"column":26},"end":{"line":122,"column":null}},"33":{"start":{"line":123,"column":25},"end":{"line":123,"column":null}},"34":{"start":{"line":125,"column":4},"end":{"line":125,"column":null}},"35":{"start":{"line":126,"column":4},"end":{"line":126,"column":null}},"36":{"start":{"line":128,"column":4},"end":{"line":130,"column":null}},"37":{"start":{"line":129,"column":6},"end":{"line":129,"column":null}},"38":{"start":{"line":131,"column":4},"end":{"line":133,"column":null}},"39":{"start":{"line":132,"column":6},"end":{"line":132,"column":null}},"40":{"start":{"line":135,"column":4},"end":{"line":151,"column":null}},"41":{"start":{"line":136,"column":6},"end":{"line":142,"column":null}},"42":{"start":{"line":137,"column":8},"end":{"line":137,"column":null}},"43":{"start":{"line":138,"column":8},"end":{"line":138,"column":null}},"44":{"start":{"line":140,"column":8},"end":{"line":140,"column":null}},"45":{"start":{"line":141,"column":8},"end":{"line":141,"column":null}},"46":{"start":{"line":144,"column":6},"end":{"line":150,"column":null}},"47":{"start":{"line":145,"column":8},"end":{"line":145,"column":null}},"48":{"start":{"line":146,"column":8},"end":{"line":146,"column":null}},"49":{"start":{"line":148,"column":8},"end":{"line":148,"column":null}},"50":{"start":{"line":149,"column":8},"end":{"line":149,"column":null}},"51":{"start":{"line":155,"column":4},"end":{"line":161,"column":null}},"52":{"start":{"line":156,"column":6},"end":{"line":156,"column":null}},"53":{"start":{"line":157,"column":6},"end":{"line":157,"column":null}},"54":{"start":{"line":159,"column":6},"end":{"line":159,"column":null}},"55":{"start":{"line":160,"column":6},"end":{"line":160,"column":null}}},"fnMap":{"0":{"name":"(anonymous_0)","decl":{"start":{"line":43,"column":2},"end":{"line":43,"column":16}},"loc":{"start":{"line":43,"column":16},"end":{"line":59,"column":null}},"line":43},"1":{"name":"(anonymous_1)","decl":{"start":{"line":61,"column":2},"end":{"line":61,"column":16}},"loc":{"start":{"line":61,"column":16},"end":{"line":64,"column":null}},"line":61},"2":{"name":"(anonymous_2)","decl":{"start":{"line":66,"column":2},"end":{"line":66,"column":22}},"loc":{"start":{"line":66,"column":22},"end":{"line":71,"column":null}},"line":66},"3":{"name":"(anonymous_3)","decl":{"start":{"line":73,"column":6},"end":{"line":73,"column":21}},"loc":{"start":{"line":73,"column":21},"end":{"line":75,"column":null}},"line":73},"4":{"name":"(anonymous_4)","decl":{"start":{"line":77,"column":6},"end":{"line":77,"column":11}},"loc":{"start":{"line":77,"column":25},"end":{"line":80,"column":null}},"line":77},"5":{"name":"(anonymous_5)","decl":{"start":{"line":82,"column":6},"end":{"line":82,"column":17}},"loc":{"start":{"line":82,"column":37},"end":{"line":84,"column":null}},"line":82},"6":{"name":"(anonymous_6)","decl":{"start":{"line":86,"column":6},"end":{"line":86,"column":22}},"loc":{"start":{"line":86,"column":22},"end":{"line":88,"column":null}},"line":86},"7":{"name":"(anonymous_7)","decl":{"start":{"line":90,"column":6},"end":{"line":90,"column":12}},"loc":{"start":{"line":90,"column":27},"end":{"line":93,"column":null}},"line":90},"8":{"name":"(anonymous_8)","decl":{"start":{"line":95,"column":6},"end":{"line":95,"column":18}},"loc":{"start":{"line":95,"column":39},"end":{"line":97,"column":null}},"line":95},"9":{"name":"(anonymous_9)","decl":{"start":{"line":99,"column":6},"end":{"line":99,"column":12}},"loc":{"start":{"line":99,"column":27},"end":{"line":102,"column":null}},"line":99},"10":{"name":"(anonymous_10)","decl":{"start":{"line":104,"column":6},"end":{"line":104,"column":19}},"loc":{"start":{"line":104,"column":41},"end":{"line":107,"column":null}},"line":104},"11":{"name":"(anonymous_11)","decl":{"start":{"line":109,"column":6},"end":{"line":109,"column":21}},"loc":{"start":{"line":109,"column":45},"end":{"line":111,"column":null}},"line":109},"12":{"name":"(anonymous_12)","decl":{"start":{"line":113,"column":6},"end":{"line":113,"column":38}},"loc":{"start":{"line":113,"column":38},"end":{"line":115,"column":null}},"line":113},"13":{"name":"(anonymous_13)","decl":{"start":{"line":117,"column":6},"end":{"line":117,"column":39}},"loc":{"start":{"line":117,"column":39},"end":{"line":119,"column":null}},"line":117},"14":{"name":"(anonymous_14)","decl":{"start":{"line":121,"column":2},"end":{"line":121,"column":41}},"loc":{"start":{"line":121,"column":41},"end":{"line":152,"column":null}},"line":121},"15":{"name":"(anonymous_15)","decl":{"start":{"line":154,"column":2},"end":{"line":154,"column":18}},"loc":{"start":{"line":154,"column":18},"end":{"line":162,"column":null}},"line":154}},"branchMap":{"0":{"loc":{"start":{"line":128,"column":4},"end":{"line":130,"column":null}},"type":"if","locations":[{"start":{"line":128,"column":4},"end":{"line":130,"column":null}},{"start":{},"end":{}}],"line":128},"1":{"loc":{"start":{"line":131,"column":4},"end":{"line":133,"column":null}},"type":"if","locations":[{"start":{"line":131,"column":4},"end":{"line":133,"column":null}},{"start":{},"end":{}}],"line":131},"2":{"loc":{"start":{"line":135,"column":4},"end":{"line":151,"column":null}},"type":"if","locations":[{"start":{"line":135,"column":4},"end":{"line":151,"column":null}},{"start":{"line":143,"column":11},"end":{"line":151,"column":null}}],"line":135},"3":{"loc":{"start":{"line":136,"column":6},"end":{"line":142,"column":null}},"type":"if","locations":[{"start":{"line":136,"column":6},"end":{"line":142,"column":null}},{"start":{},"end":{}}],"line":136},"4":{"loc":{"start":{"line":144,"column":6},"end":{"line":150,"column":null}},"type":"if","locations":[{"start":{"line":144,"column":6},"end":{"line":150,"column":null}},{"start":{},"end":{}}],"line":144},"5":{"loc":{"start":{"line":155,"column":4},"end":{"line":161,"column":null}},"type":"if","locations":[{"start":{"line":155,"column":4},"end":{"line":161,"column":null}},{"start":{"line":158,"column":11},"end":{"line":161,"column":null}}],"line":155}},"s":{"0":45,"1":45,"2":45,"3":45,"4":45,"5":45,"6":45,"7":45,"8":45,"9":45,"10":45,"11":4,"12":4,"13":1,"14":1,"15":1,"16":1,"17":7,"18":24,"19":24,"20":1,"21":7,"22":23,"23":23,"24":1,"25":6,"26":6,"27":4,"28":4,"29":3,"30":17,"31":26,"32":102,"33":102,"34":102,"35":102,"36":102,"37":55,"38":102,"39":58,"40":102,"41":17,"42":11,"43":11,"44":11,"45":11,"46":85,"47":45,"48":45,"49":45,"50":45,"51":6,"52":1,"53":1,"54":5,"55":5},"f":{"0":45,"1":4,"2":1,"3":7,"4":24,"5":1,"6":7,"7":23,"8":1,"9":6,"10":4,"11":3,"12":17,"13":26,"14":102,"15":6},"b":{"0":[55,47],"1":[58,44],"2":[17,85],"3":[11,6],"4":[45,40],"5":[1,5]},"meta":{"lastBranch":6,"lastFunction":16,"lastStatement":56,"seen":{"f:43:2:43:16":0,"s:44:4:44:Infinity":0,"s:45:4:45:Infinity":1,"s:47:4:47:Infinity":2,"s:48:4:48:Infinity":3,"s:49:4:49:Infinity":4,"s:51:4:51:Infinity":5,"s:52:4:52:Infinity":6,"s:54:4:54:Infinity":7,"s:55:4:55:Infinity":8,"s:56:4:56:Infinity":9,"s:58:4:58:Infinity":10,"f:61:2:61:16":1,"s:62:4:62:Infinity":11,"s:63:4:63:Infinity":12,"f:66:2:66:22":2,"s:67:19:67:Infinity":13,"s:68:4:68:Infinity":14,"s:69:4:69:Infinity":15,"s:70:4:70:Infinity":16,"f:73:6:73:21":3,"s:74:4:74:Infinity":17,"f:77:6:77:11":4,"s:78:4:78:Infinity":18,"s:79:4:79:Infinity":19,"f:82:6:82:17":5,"s:83:4:83:Infinity":20,"f:86:6:86:22":6,"s:87:4:87:Infinity":21,"f:90:6:90:12":7,"s:91:4:91:Infinity":22,"s:92:4:92:Infinity":23,"f:95:6:95:18":8,"s:96:4:96:Infinity":24,"f:99:6:99:12":9,"s:100:4:100:Infinity":25,"s:101:4:101:Infinity":26,"f:104:6:104:19":10,"s:105:4:105:Infinity":27,"s:106:4:106:Infinity":28,"f:109:6:109:21":11,"s:110:4:110:Infinity":29,"f:113:6:113:38":12,"s:114:4:114:Infinity":30,"f:117:6:117:39":13,"s:118:4:118:Infinity":31,"f:121:2:121:41":14,"s:122:26:122:Infinity":32,"s:123:25:123:Infinity":33,"s:125:4:125:Infinity":34,"s:126:4:126:Infinity":35,"b:128:4:130:Infinity:undefined:undefined:undefined:undefined":0,"s:128:4:130:Infinity":36,"s:129:6:129:Infinity":37,"b:131:4:133:Infinity:undefined:undefined:undefined:undefined":1,"s:131:4:133:Infinity":38,"s:132:6:132:Infinity":39,"b:135:4:151:Infinity:143:11:151:Infinity":2,"s:135:4:151:Infinity":40,"b:136:6:142:Infinity:undefined:undefined:undefined:undefined":3,"s:136:6:142:Infinity":41,"s:137:8:137:Infinity":42,"s:138:8:138:Infinity":43,"s:140:8:140:Infinity":44,"s:141:8:141:Infinity":45,"b:144:6:150:Infinity:undefined:undefined:undefined:undefined":4,"s:144:6:150:Infinity":46,"s:145:8:145:Infinity":47,"s:146:8:146:Infinity":48,"s:148:8:148:Infinity":49,"s:149:8:149:Infinity":50,"f:154:2:154:18":15,"b:155:4:161:Infinity:158:11:161:Infinity":5,"s:155:4:161:Infinity":51,"s:156:6:156:Infinity":52,"s:157:6:157:Infinity":53,"s:159:6:159:Infinity":54,"s:160:6:160:Infinity":55}}}
,"/Users/47056/st/packages/core/src/Stretch.ts": {"path":"/Users/47056/st/packages/core/src/Stretch.ts","statementMap":{"0":{"start":{"line":25,"column":30},"end":{"line":25,"column":null}},"1":{"start":{"line":26,"column":28},"end":{"line":26,"column":null}},"2":{"start":{"line":28,"column":32},"end":{"line":28,"column":null}},"3":{"start":{"line":29,"column":30},"end":{"line":29,"column":null}},"4":{"start":{"line":31,"column":27},"end":{"line":31,"column":null}},"5":{"start":{"line":33,"column":54},"end":{"line":47,"column":null}},"6":{"start":{"line":49,"column":26},"end":{"line":49,"column":null}},"7":{"start":{"line":50,"column":26},"end":{"line":50,"column":null}},"8":{"start":{"line":52,"column":23},"end":{"line":52,"column":null}},"9":{"start":{"line":53,"column":23},"end":{"line":53,"column":null}},"10":{"start":{"line":54,"column":6},"end":{"line":55,"column":null}},"11":{"start":{"line":56,"column":18},"end":{"line":56,"column":null}},"12":{"start":{"line":58,"column":24},"end":{"line":58,"column":null}},"13":{"start":{"line":59,"column":24},"end":{"line":59,"column":null}},"14":{"start":{"line":60,"column":6},"end":{"line":61,"column":null}},"15":{"start":{"line":62,"column":19},"end":{"line":62,"column":null}},"16":{"start":{"line":84,"column":4},"end":{"line":84,"column":null}},"17":{"start":{"line":85,"column":4},"end":{"line":85,"column":null}},"18":{"start":{"line":86,"column":4},"end":{"line":86,"column":null}},"19":{"start":{"line":88,"column":4},"end":{"line":88,"column":null}},"20":{"start":{"line":89,"column":4},"end":{"line":89,"column":null}},"21":{"start":{"line":91,"column":4},"end":{"line":91,"column":null}},"22":{"start":{"line":92,"column":4},"end":{"line":92,"column":null}},"23":{"start":{"line":94,"column":4},"end":{"line":94,"column":null}},"24":{"start":{"line":95,"column":4},"end":{"line":100,"column":null}},"25":{"start":{"line":104,"column":4},"end":{"line":104,"column":null}},"26":{"start":{"line":105,"column":4},"end":{"line":105,"column":null}},"27":{"start":{"line":109,"column":4},"end":{"line":109,"column":null}},"28":{"start":{"line":111,"column":4},"end":{"line":113,"column":null}},"29":{"start":{"line":112,"column":6},"end":{"line":112,"column":null}},"30":{"start":{"line":115,"column":4},"end":{"line":117,"column":null}},"31":{"start":{"line":116,"column":6},"end":{"line":116,"column":null}},"32":{"start":{"line":119,"column":4},"end":{"line":119,"column":null}},"33":{"start":{"line":128,"column":4},"end":{"line":130,"column":null}},"34":{"start":{"line":129,"column":6},"end":{"line":129,"column":null}},"35":{"start":{"line":132,"column":4},"end":{"line":134,"column":null}},"36":{"start":{"line":133,"column":6},"end":{"line":133,"column":null}},"37":{"start":{"line":136,"column":4},"end":{"line":141,"column":null}},"38":{"start":{"line":137,"column":6},"end":{"line":137,"column":null}},"39":{"start":{"line":138,"column":6},"end":{"line":138,"column":null}},"40":{"start":{"line":140,"column":6},"end":{"line":140,"column":null}},"41":{"start":{"line":143,"column":4},"end":{"line":148,"column":null}},"42":{"start":{"line":144,"column":6},"end":{"line":144,"column":null}},"43":{"start":{"line":145,"column":6},"end":{"line":145,"column":null}},"44":{"start":{"line":147,"column":6},"end":{"line":147,"column":null}},"45":{"start":{"line":150,"column":4},"end":{"line":150,"column":null}},"46":{"start":{"line":151,"column":4},"end":{"line":151,"column":null}},"47":{"start":{"line":152,"column":4},"end":{"line":152,"column":null}},"48":{"start":{"line":156,"column":4},"end":{"line":156,"column":null}},"49":{"start":{"line":158,"column":4},"end":{"line":158,"column":null}},"50":{"start":{"line":160,"column":4},"end":{"line":161,"column":null}},"51":{"start":{"line":162,"column":4},"end":{"line":162,"column":null}},"52":{"start":{"line":163,"column":20},"end":{"line":163,"column":null}},"53":{"start":{"line":165,"column":4},"end":{"line":167,"column":null}},"54":{"start":{"line":171,"column":4},"end":{"line":171,"column":null}},"55":{"start":{"line":175,"column":4},"end":{"line":175,"column":null}},"56":{"start":{"line":179,"column":4},"end":{"line":181,"column":null}},"57":{"start":{"line":186,"column":18},"end":{"line":186,"column":null}},"58":{"start":{"line":187,"column":4},"end":{"line":187,"column":null}},"59":{"start":{"line":190,"column":4},"end":{"line":190,"column":null}},"60":{"start":{"line":192,"column":4},"end":{"line":194,"column":null}},"61":{"start":{"line":193,"column":6},"end":{"line":193,"column":null}},"62":{"start":{"line":196,"column":4},"end":{"line":196,"column":null}},"63":{"start":{"line":197,"column":19},"end":{"line":197,"column":null}},"64":{"start":{"line":199,"column":4},"end":{"line":201,"column":null}},"65":{"start":{"line":200,"column":6},"end":{"line":200,"column":null}},"66":{"start":{"line":202,"column":4},"end":{"line":204,"column":null}},"67":{"start":{"line":203,"column":6},"end":{"line":203,"column":null}},"68":{"start":{"line":208,"column":4},"end":{"line":208,"column":null}},"69":{"start":{"line":212,"column":4},"end":{"line":216,"column":null}},"70":{"start":{"line":213,"column":16},"end":{"line":213,"column":null}},"71":{"start":{"line":214,"column":6},"end":{"line":214,"column":null}},"72":{"start":{"line":215,"column":6},"end":{"line":215,"column":null}},"73":{"start":{"line":218,"column":4},"end":{"line":222,"column":null}},"74":{"start":{"line":219,"column":17},"end":{"line":219,"column":null}},"75":{"start":{"line":220,"column":6},"end":{"line":220,"column":null}},"76":{"start":{"line":221,"column":6},"end":{"line":221,"column":null}},"77":{"start":{"line":224,"column":4},"end":{"line":226,"column":null}},"78":{"start":{"line":227,"column":4},"end":{"line":227,"column":null}},"79":{"start":{"line":231,"column":4},"end":{"line":231,"column":null}},"80":{"start":{"line":235,"column":19},"end":{"line":235,"column":null}},"81":{"start":{"line":236,"column":4},"end":{"line":236,"column":null}},"82":{"start":{"line":237,"column":4},"end":{"line":242,"column":null}},"83":{"start":{"line":243,"column":4},"end":{"line":243,"column":null}},"84":{"start":{"line":247,"column":4},"end":{"line":249,"column":null}},"85":{"start":{"line":257,"column":4},"end":{"line":257,"column":null}},"86":{"start":{"line":259,"column":4},"end":{"line":259,"column":null}},"87":{"start":{"line":260,"column":4},"end":{"line":260,"column":null}},"88":{"start":{"line":262,"column":4},"end":{"line":272,"column":null}},"89":{"start":{"line":262,"column":17},"end":{"line":262,"column":20}},"90":{"start":{"line":263,"column":6},"end":{"line":266,"column":null}},"91":{"start":{"line":268,"column":6},"end":{"line":271,"column":null}},"92":{"start":{"line":269,"column":8},"end":{"line":269,"column":null}},"93":{"start":{"line":270,"column":8},"end":{"line":270,"column":null}},"94":{"start":{"line":274,"column":4},"end":{"line":274,"column":null}},"95":{"start":{"line":284,"column":4},"end":{"line":284,"column":null}},"96":{"start":{"line":286,"column":4},"end":{"line":286,"column":null}},"97":{"start":{"line":287,"column":4},"end":{"line":287,"column":null}},"98":{"start":{"line":288,"column":4},"end":{"line":288,"column":null}},"99":{"start":{"line":290,"column":4},"end":{"line":310,"column":null}},"100":{"start":{"line":290,"column":25},"end":{"line":290,"column":28}},"101":{"start":{"line":291,"column":14},"end":{"line":291,"column":null}},"102":{"start":{"line":292,"column":6},"end":{"line":308,"column":null}},"103":{"start":{"line":293,"column":8},"end":{"line":293,"column":null}},"104":{"start":{"line":294,"column":8},"end":{"line":296,"column":null}},"105":{"start":{"line":295,"column":10},"end":{"line":295,"column":null}},"106":{"start":{"line":298,"column":8},"end":{"line":301,"column":null}},"107":{"start":{"line":303,"column":8},"end":{"line":306,"column":null}},"108":{"start":{"line":304,"column":10},"end":{"line":304,"column":null}},"109":{"start":{"line":305,"column":10},"end":{"line":305,"column":null}},"110":{"start":{"line":307,"column":8},"end":{"line":307,"column":null}},"111":{"start":{"line":309,"column":6},"end":{"line":309,"column":null}},"112":{"start":{"line":312,"column":4},"end":{"line":312,"column":null}},"113":{"start":{"line":316,"column":4},"end":{"line":321,"column":null}},"114":{"start":{"line":316,"column":17},"end":{"line":316,"column":20}},"115":{"start":{"line":317,"column":19},"end":{"line":317,"column":null}},"116":{"start":{"line":318,"column":18},"end":{"line":318,"column":null}},"117":{"start":{"line":319,"column":6},"end":{"line":319,"column":null}},"118":{"start":{"line":320,"column":6},"end":{"line":320,"column":null}},"119":{"start":{"line":328,"column":19},"end":{"line":328,"column":null}},"120":{"start":{"line":329,"column":4},"end":{"line":329,"column":null}},"121":{"start":{"line":331,"column":22},"end":{"line":331,"column":null}},"122":{"start":{"line":332,"column":23},"end":{"line":332,"column":null}},"123":{"start":{"line":334,"column":4},"end":{"line":339,"column":null}},"124":{"start":{"line":334,"column":17},"end":{"line":334,"column":20}},"125":{"start":{"line":335,"column":27},"end":{"line":335,"column":null}},"126":{"start":{"line":336,"column":6},"end":{"line":338,"column":null}},"127":{"start":{"line":341,"column":4},"end":{"line":341,"column":null}},"128":{"start":{"line":345,"column":4},"end":{"line":345,"column":null}},"129":{"start":{"line":349,"column":18},"end":{"line":349,"column":null}},"130":{"start":{"line":350,"column":4},"end":{"line":350,"column":null}},"131":{"start":{"line":352,"column":19},"end":{"line":352,"column":null}},"132":{"start":{"line":353,"column":27},"end":{"line":353,"column":null}},"133":{"start":{"line":355,"column":23},"end":{"line":355,"column":null}},"134":{"start":{"line":357,"column":4},"end":{"line":367,"column":null}},"135":{"start":{"line":357,"column":17},"end":{"line":357,"column":20}},"136":{"start":{"line":358,"column":12},"end":{"line":358,"column":null}},"137":{"start":{"line":359,"column":17},"end":{"line":359,"column":null}},"138":{"start":{"line":360,"column":18},"end":{"line":360,"column":null}},"139":{"start":{"line":361,"column":26},"end":{"line":361,"column":null}},"140":{"start":{"line":362,"column":27},"end":{"line":362,"column":null}},"141":{"start":{"line":363,"column":6},"end":{"line":364,"column":null}},"142":{"start":{"line":365,"column":6},"end":{"line":366,"column":null}},"143":{"start":{"line":371,"column":4},"end":{"line":381,"column":null}},"144":{"start":{"line":372,"column":6},"end":{"line":374,"column":null}},"145":{"start":{"line":373,"column":8},"end":{"line":373,"column":null}},"146":{"start":{"line":375,"column":21},"end":{"line":375,"column":null}},"147":{"start":{"line":376,"column":6},"end":{"line":378,"column":null}},"148":{"start":{"line":377,"column":8},"end":{"line":377,"column":null}},"149":{"start":{"line":379,"column":6},"end":{"line":379,"column":null}},"150":{"start":{"line":380,"column":6},"end":{"line":380,"column":null}},"151":{"start":{"line":383,"column":4},"end":{"line":413,"column":null}},"152":{"start":{"line":384,"column":21},"end":{"line":384,"column":null}},"153":{"start":{"line":386,"column":6},"end":{"line":386,"column":null}},"154":{"start":{"line":387,"column":6},"end":{"line":387,"column":null}},"155":{"start":{"line":388,"column":6},"end":{"line":388,"column":null}},"156":{"start":{"line":390,"column":19},"end":{"line":390,"column":null}},"157":{"start":{"line":391,"column":6},"end":{"line":397,"column":null}},"158":{"start":{"line":392,"column":8},"end":{"line":396,"column":null}},"159":{"start":{"line":400,"column":8},"end":{"line":401,"column":null}},"160":{"start":{"line":402,"column":6},"end":{"line":407,"column":null}},"161":{"start":{"line":409,"column":6},"end":{"line":409,"column":null}},"162":{"start":{"line":410,"column":26},"end":{"line":410,"column":null}},"163":{"start":{"line":411,"column":6},"end":{"line":411,"column":null}},"164":{"start":{"line":412,"column":6},"end":{"line":412,"column":null}}},"fnMap":{"0":{"name":"(anonymous_0)","decl":{"start":{"line":83,"column":2},"end":{"line":83,"column":14}},"loc":{"start":{"line":83,"column":39},"end":{"line":101,"column":null}},"line":83},"1":{"name":"(anonymous_1)","decl":{"start":{"line":103,"column":11},"end":{"line":103,"column":25}},"loc":{"start":{"line":103,"column":25},"end":{"line":106,"column":null}},"line":103},"2":{"name":"(anonymous_2)","decl":{"start":{"line":108,"column":2},"end":{"line":108,"column":25}},"loc":{"start":{"line":108,"column":25},"end":{"line":120,"column":null}},"line":108},"3":{"name":"(anonymous_3)","decl":{"start":{"line":122,"column":2},"end":{"line":122,"column":null}},"loc":{"start":{"line":127,"column":10},"end":{"line":153,"column":null}},"line":127},"4":{"name":"(anonymous_4)","decl":{"start":{"line":155,"column":6},"end":{"line":155,"column":12}},"loc":{"start":{"line":155,"column":30},"end":{"line":168,"column":null}},"line":155},"5":{"name":"(anonymous_5)","decl":{"start":{"line":170,"column":6},"end":{"line":170,"column":22}},"loc":{"start":{"line":170,"column":22},"end":{"line":172,"column":null}},"line":170},"6":{"name":"(anonymous_6)","decl":{"start":{"line":174,"column":6},"end":{"line":174,"column":31}},"loc":{"start":{"line":174,"column":31},"end":{"line":176,"column":null}},"line":174},"7":{"name":"(anonymous_7)","decl":{"start":{"line":178,"column":6},"end":{"line":178,"column":32}},"loc":{"start":{"line":178,"column":32},"end":{"line":183,"column":null}},"line":178},"8":{"name":"(anonymous_8)","decl":{"start":{"line":185,"column":2},"end":{"line":185,"column":25}},"loc":{"start":{"line":185,"column":50},"end":{"line":205,"column":null}},"line":185},"9":{"name":"(anonymous_9)","decl":{"start":{"line":207,"column":10},"end":{"line":207,"column":22}},"loc":{"start":{"line":207,"column":65},"end":{"line":209,"column":null}},"line":207},"10":{"name":"(anonymous_10)","decl":{"start":{"line":211,"column":10},"end":{"line":211,"column":46}},"loc":{"start":{"line":211,"column":46},"end":{"line":228,"column":null}},"line":211},"11":{"name":"(anonymous_11)","decl":{"start":{"line":230,"column":6},"end":{"line":230,"column":16}},"loc":{"start":{"line":230,"column":33},"end":{"line":232,"column":null}},"line":230},"12":{"name":"(anonymous_12)","decl":{"start":{"line":234,"column":2},"end":{"line":234,"column":19}},"loc":{"start":{"line":234,"column":19},"end":{"line":244,"column":null}},"line":234},"13":{"name":"(anonymous_13)","decl":{"start":{"line":246,"column":2},"end":{"line":246,"column":36}},"loc":{"start":{"line":246,"column":36},"end":{"line":250,"column":null}},"line":246},"14":{"name":"(anonymous_14)","decl":{"start":{"line":252,"column":10},"end":{"line":252,"column":50}},"loc":{"start":{"line":252,"column":50},"end":{"line":275,"column":null}},"line":252},"15":{"name":"(anonymous_15)","decl":{"start":{"line":277,"column":10},"end":{"line":277,"column":55}},"loc":{"start":{"line":277,"column":55},"end":{"line":313,"column":null}},"line":277},"16":{"name":"(anonymous_16)","decl":{"start":{"line":315,"column":10},"end":{"line":315,"column":57}},"loc":{"start":{"line":315,"column":57},"end":{"line":322,"column":null}},"line":315},"17":{"name":"(anonymous_17)","decl":{"start":{"line":324,"column":10},"end":{"line":324,"column":null}},"loc":{"start":{"line":327,"column":12},"end":{"line":342,"column":null}},"line":327},"18":{"name":"(anonymous_18)","decl":{"start":{"line":344,"column":10},"end":{"line":344,"column":18}},"loc":{"start":{"line":344,"column":49},"end":{"line":346,"column":null}},"line":344},"19":{"name":"(anonymous_19)","decl":{"start":{"line":348,"column":10},"end":{"line":348,"column":24}},"loc":{"start":{"line":348,"column":53},"end":{"line":368,"column":null}},"line":348},"20":{"name":"(anonymous_20)","decl":{"start":{"line":370,"column":2},"end":{"line":370,"column":18}},"loc":{"start":{"line":370,"column":18},"end":{"line":414,"column":null}},"line":370}},"branchMap":{"0":{"loc":{"start":{"line":111,"column":4},"end":{"line":113,"column":null}},"type":"if","locations":[{"start":{"line":111,"column":4},"end":{"line":113,"column":null}},{"start":{},"end":{}}],"line":111},"1":{"loc":{"start":{"line":115,"column":4},"end":{"line":117,"column":null}},"type":"if","locations":[{"start":{"line":115,"column":4},"end":{"line":117,"column":null}},{"start":{},"end":{}}],"line":115},"2":{"loc":{"start":{"line":128,"column":4},"end":{"line":130,"column":null}},"type":"if","locations":[{"start":{"line":128,"column":4},"end":{"line":130,"column":null}},{"start":{},"end":{}}],"line":128},"3":{"loc":{"start":{"line":132,"column":4},"end":{"line":134,"column":null}},"type":"if","locations":[{"start":{"line":132,"column":4},"end":{"line":134,"column":null}},{"start":{},"end":{}}],"line":132},"4":{"loc":{"start":{"line":136,"column":4},"end":{"line":141,"column":null}},"type":"if","locations":[{"start":{"line":136,"column":4},"end":{"line":141,"column":null}},{"start":{"line":139,"column":11},"end":{"line":141,"column":null}}],"line":136},"5":{"loc":{"start":{"line":143,"column":4},"end":{"line":148,"column":null}},"type":"if","locations":[{"start":{"line":143,"column":4},"end":{"line":148,"column":null}},{"start":{"line":146,"column":11},"end":{"line":148,"column":null}}],"line":143},"6":{"loc":{"start":{"line":185,"column":25},"end":{"line":185,"column":50}},"type":"default-arg","locations":[{"start":{"line":185,"column":41},"end":{"line":185,"column":50}}],"line":185},"7":{"loc":{"start":{"line":187,"column":13},"end":{"line":187,"column":null}},"type":"cond-expr","locations":[{"start":{"line":187,"column":27},"end":{"line":187,"column":32}},{"start":{"line":187,"column":32},"end":{"line":187,"column":null}}],"line":187},"8":{"loc":{"start":{"line":192,"column":4},"end":{"line":194,"column":null}},"type":"if","locations":[{"start":{"line":192,"column":4},"end":{"line":194,"column":null}},{"start":{},"end":{}}],"line":192},"9":{"loc":{"start":{"line":192,"column":8},"end":{"line":192,"column":66}},"type":"binary-expr","locations":[{"start":{"line":192,"column":8},"end":{"line":192,"column":41}},{"start":{"line":192,"column":41},"end":{"line":192,"column":66}}],"line":192},"10":{"loc":{"start":{"line":199,"column":4},"end":{"line":201,"column":null}},"type":"if","locations":[{"start":{"line":199,"column":4},"end":{"line":201,"column":null}},{"start":{},"end":{}}],"line":199},"11":{"loc":{"start":{"line":199,"column":8},"end":{"line":199,"column":65}},"type":"binary-expr","locations":[{"start":{"line":199,"column":8},"end":{"line":199,"column":30}},{"start":{"line":199,"column":30},"end":{"line":199,"column":65}}],"line":199},"12":{"loc":{"start":{"line":202,"column":4},"end":{"line":204,"column":null}},"type":"if","locations":[{"start":{"line":202,"column":4},"end":{"line":204,"column":null}},{"start":{},"end":{}}],"line":202},"13":{"loc":{"start":{"line":202,"column":8},"end":{"line":202,"column":59}},"type":"binary-expr","locations":[{"start":{"line":202,"column":8},"end":{"line":202,"column":27}},{"start":{"line":202,"column":27},"end":{"line":202,"column":59}}],"line":202},"14":{"loc":{"start":{"line":208,"column":11},"end":{"line":208,"column":null}},"type":"cond-expr","locations":[{"start":{"line":208,"column":20},"end":{"line":208,"column":25}},{"start":{"line":208,"column":25},"end":{"line":208,"column":null}}],"line":208},"15":{"loc":{"start":{"line":208,"column":25},"end":{"line":208,"column":null}},"type":"cond-expr","locations":[{"start":{"line":208,"column":34},"end":{"line":208,"column":39}},{"start":{"line":208,"column":39},"end":{"line":208,"column":null}}],"line":208},"16":{"loc":{"start":{"line":212,"column":4},"end":{"line":216,"column":null}},"type":"if","locations":[{"start":{"line":212,"column":4},"end":{"line":216,"column":null}},{"start":{},"end":{}}],"line":212},"17":{"loc":{"start":{"line":218,"column":4},"end":{"line":222,"column":null}},"type":"if","locations":[{"start":{"line":218,"column":4},"end":{"line":222,"column":null}},{"start":{},"end":{}}],"line":218},"18":{"loc":{"start":{"line":247,"column":11},"end":{"line":249,"column":null}},"type":"cond-expr","locations":[{"start":{"line":248,"column":8},"end":{"line":248,"column":null}},{"start":{"line":249,"column":8},"end":{"line":249,"column":null}}],"line":247},"19":{"loc":{"start":{"line":268,"column":6},"end":{"line":271,"column":null}},"type":"if","locations":[{"start":{"line":268,"column":6},"end":{"line":271,"column":null}},{"start":{},"end":{}}],"line":268},"20":{"loc":{"start":{"line":294,"column":8},"end":{"line":296,"column":null}},"type":"if","locations":[{"start":{"line":294,"column":8},"end":{"line":296,"column":null}},{"start":{},"end":{}}],"line":294},"21":{"loc":{"start":{"line":303,"column":8},"end":{"line":306,"column":null}},"type":"if","locations":[{"start":{"line":303,"column":8},"end":{"line":306,"column":null}},{"start":{},"end":{}}],"line":303},"22":{"loc":{"start":{"line":371,"column":4},"end":{"line":381,"column":null}},"type":"if","locations":[{"start":{"line":371,"column":4},"end":{"line":381,"column":null}},{"start":{},"end":{}}],"line":371},"23":{"loc":{"start":{"line":372,"column":6},"end":{"line":374,"column":null}},"type":"if","locations":[{"start":{"line":372,"column":6},"end":{"line":374,"column":null}},{"start":{},"end":{}}],"line":372},"24":{"loc":{"start":{"line":376,"column":6},"end":{"line":378,"column":null}},"type":"if","locations":[{"start":{"line":376,"column":6},"end":{"line":378,"column":null}},{"start":{},"end":{}}],"line":376},"25":{"loc":{"start":{"line":376,"column":10},"end":{"line":376,"column":61}},"type":"binary-expr","locations":[{"start":{"line":376,"column":10},"end":{"line":376,"column":29}},{"start":{"line":376,"column":29},"end":{"line":376,"column":61}}],"line":376},"26":{"loc":{"start":{"line":391,"column":6},"end":{"line":397,"column":null}},"type":"if","locations":[{"start":{"line":391,"column":6},"end":{"line":397,"column":null}},{"start":{},"end":{}}],"line":391}},"s":{"0":5,"1":5,"2":5,"3":5,"4":5,"5":5,"6":5,"7":5,"8":5,"9":5,"10":5,"11":5,"12":5,"13":5,"14":5,"15":5,"16":59,"17":59,"18":59,"19":59,"20":59,"21":59,"22":59,"23":59,"24":59,"25":6,"26":6,"27":6,"28":6,"29":6,"30":6,"31":6,"32":6,"33":62,"34":62,"35":62,"36":62,"37":62,"38":2,"39":2,"40":60,"41":62,"42":2,"43":2,"44":60,"45":62,"46":62,"47":62,"48":124,"49":124,"50":124,"51":124,"52":124,"53":124,"54":3,"55":1,"56":1,"57":62,"58":62,"59":62,"60":62,"61":2,"62":60,"63":60,"64":60,"65":60,"66":60,"67":60,"68":364,"69":186,"70":182,"71":182,"72":182,"73":186,"74":182,"75":182,"76":182,"77":186,"78":186,"79":2,"80":1,"81":1,"82":1,"83":1,"84":31,"85":0,"86":0,"87":0,"88":0,"89":0,"90":0,"91":0,"92":0,"93":0,"94":0,"95":31,"96":31,"97":31,"98":31,"99":31,"100":31,"101":124,"102":124,"103":1240,"104":1240,"105":51,"106":1189,"107":1189,"108":175,"109":175,"110":1189,"111":124,"112":31,"113":31,"114":31,"115":10912,"116":10912,"117":10912,"118":10912,"119":1189,"120":1189,"121":1189,"122":1189,"123":1189,"124":1189,"125":417339,"126":417339,"127":1189,"128":30,"129":30,"130":30,"131":30,"132":30,"133":30,"134":30,"135":30,"136":10560,"137":10560,"138":10560,"139":10560,"140":10560,"141":10560,"142":10560,"143":8,"144":8,"145":1,"146":7,"147":7,"148":0,"149":7,"150":7,"151":7,"152":30,"153":30,"154":30,"155":30,"156":30,"157":30,"158":30,"159":30,"160":30,"161":30,"162":30,"163":30,"164":30},"f":{"0":59,"1":6,"2":6,"3":62,"4":124,"5":3,"6":1,"7":1,"8":62,"9":364,"10":186,"11":2,"12":1,"13":31,"14":0,"15":31,"16":31,"17":1189,"18":30,"19":30,"20":8},"b":{"0":[6,0],"1":[6,0],"2":[62,0],"3":[62,0],"4":[2,60],"5":[2,60],"6":[62],"7":[0,62],"8":[2,60],"9":[62,2],"10":[60,0],"11":[60,1],"12":[60,0],"13":[60,1],"14":[0,364],"15":[0,364],"16":[182,4],"17":[182,4],"18":[31,0],"19":[0,0],"20":[51,1189],"21":[175,1014],"22":[8,0],"23":[1,7],"24":[0,7],"25":[7,7],"26":[30,0]},"meta":{"lastBranch":27,"lastFunction":21,"lastStatement":165,"seen":{"s:25:30:25:Infinity":0,"s:26:28:26:Infinity":1,"s:28:32:28:Infinity":2,"s:29:30:29:Infinity":3,"s:31:27:31:Infinity":4,"s:33:54:47:Infinity":5,"s:49:26:49:Infinity":6,"s:50:26:50:Infinity":7,"s:52:23:52:Infinity":8,"s:53:23:53:Infinity":9,"s:54:6:55:Infinity":10,"s:56:18:56:Infinity":11,"s:58:24:58:Infinity":12,"s:59:24:59:Infinity":13,"s:60:6:61:Infinity":14,"s:62:19:62:Infinity":15,"f:83:2:83:14":0,"s:84:4:84:Infinity":16,"s:85:4:85:Infinity":17,"s:86:4:86:Infinity":18,"s:88:4:88:Infinity":19,"s:89:4:89:Infinity":20,"s:91:4:91:Infinity":21,"s:92:4:92:Infinity":22,"s:94:4:94:Infinity":23,"s:95:4:100:Infinity":24,"f:103:11:103:25":1,"s:104:4:104:Infinity":25,"s:105:4:105:Infinity":26,"f:108:2:108:25":2,"s:109:4:109:Infinity":27,"b:111:4:113:Infinity:undefined:undefined:undefined:undefined":0,"s:111:4:113:Infinity":28,"s:112:6:112:Infinity":29,"b:115:4:117:Infinity:undefined:undefined:undefined:undefined":1,"s:115:4:117:Infinity":30,"s:116:6:116:Infinity":31,"s:119:4:119:Infinity":32,"f:122:2:122:Infinity":3,"b:128:4:130:Infinity:undefined:undefined:undefined:undefined":2,"s:128:4:130:Infinity":33,"s:129:6:129:Infinity":34,"b:132:4:134:Infinity:undefined:undefined:undefined:undefined":3,"s:132:4:134:Infinity":35,"s:133:6:133:Infinity":36,"b:136:4:141:Infinity:139:11:141:Infinity":4,"s:136:4:141:Infinity":37,"s:137:6:137:Infinity":38,"s:138:6:138:Infinity":39,"s:140:6:140:Infinity":40,"b:143:4:148:Infinity:146:11:148:Infinity":5,"s:143:4:148:Infinity":41,"s:144:6:144:Infinity":42,"s:145:6:145:Infinity":43,"s:147:6:147:Infinity":44,"s:150:4:150:Infinity":45,"s:151:4:151:Infinity":46,"s:152:4:152:Infinity":47,"f:155:6:155:12":4,"s:156:4:156:Infinity":48,"s:158:4:158:Infinity":49,"s:160:4:161:Infinity":50,"s:162:4:162:Infinity":51,"s:163:20:163:Infinity":52,"s:165:4:167:Infinity":53,"f:170:6:170:22":5,"s:171:4:171:Infinity":54,"f:174:6:174:31":6,"s:175:4:175:Infinity":55,"f:178:6:178:32":7,"s:179:4:181:Infinity":56,"f:185:2:185:25":8,"b:185:41:185:50":6,"s:186:18:186:Infinity":57,"s:187:4:187:Infinity":58,"b:187:27:187:32:187:32:187:Infinity":7,"s:190:4:190:Infinity":59,"b:192:4:194:Infinity:undefined:undefined:undefined:undefined":8,"s:192:4:194:Infinity":60,"b:192:8:192:41:192:41:192:66":9,"s:193:6:193:Infinity":61,"s:196:4:196:Infinity":62,"s:197:19:197:Infinity":63,"b:199:4:201:Infinity:undefined:undefined:undefined:undefined":10,"s:199:4:201:Infinity":64,"b:199:8:199:30:199:30:199:65":11,"s:200:6:200:Infinity":65,"b:202:4:204:Infinity:undefined:undefined:undefined:undefined":12,"s:202:4:204:Infinity":66,"b:202:8:202:27:202:27:202:59":13,"s:203:6:203:Infinity":67,"f:207:10:207:22":9,"s:208:4:208:Infinity":68,"b:208:20:208:25:208:25:208:Infinity":14,"b:208:34:208:39:208:39:208:Infinity":15,"f:211:10:211:46":10,"b:212:4:216:Infinity:undefined:undefined:undefined:undefined":16,"s:212:4:216:Infinity":69,"s:213:16:213:Infinity":70,"s:214:6:214:Infinity":71,"s:215:6:215:Infinity":72,"b:218:4:222:Infinity:undefined:undefined:undefined:undefined":17,"s:218:4:222:Infinity":73,"s:219:17:219:Infinity":74,"s:220:6:220:Infinity":75,"s:221:6:221:Infinity":76,"s:224:4:226:Infinity":77,"s:227:4:227:Infinity":78,"f:230:6:230:16":11,"s:231:4:231:Infinity":79,"f:234:2:234:19":12,"s:235:19:235:Infinity":80,"s:236:4:236:Infinity":81,"s:237:4:242:Infinity":82,"s:243:4:243:Infinity":83,"f:246:2:246:36":13,"s:247:4:249:Infinity":84,"b:248:8:248:Infinity:249:8:249:Infinity":18,"f:252:10:252:50":14,"s:257:4:257:Infinity":85,"s:259:4:259:Infinity":86,"s:260:4:260:Infinity":87,"s:262:4:272:Infinity":88,"s:262:17:262:20":89,"s:263:6:266:Infinity":90,"b:268:6:271:Infinity:undefined:undefined:undefined:undefined":19,"s:268:6:271:Infinity":91,"s:269:8:269:Infinity":92,"s:270:8:270:Infinity":93,"s:274:4:274:Infinity":94,"f:277:10:277:55":15,"s:284:4:284:Infinity":95,"s:286:4:286:Infinity":96,"s:287:4:287:Infinity":97,"s:288:4:288:Infinity":98,"s:290:4:310:Infinity":99,"s:290:25:290:28":100,"s:291:14:291:Infinity":101,"s:292:6:308:Infinity":102,"s:293:8:293:Infinity":103,"b:294:8:296:Infinity:undefined:undefined:undefined:undefined":20,"s:294:8:296:Infinity":104,"s:295:10:295:Infinity":105,"s:298:8:301:Infinity":106,"b:303:8:306:Infinity:undefined:undefined:undefined:undefined":21,"s:303:8:306:Infinity":107,"s:304:10:304:Infinity":108,"s:305:10:305:Infinity":109,"s:307:8:307:Infinity":110,"s:309:6:309:Infinity":111,"s:312:4:312:Infinity":112,"f:315:10:315:57":16,"s:316:4:321:Infinity":113,"s:316:17:316:20":114,"s:317:19:317:Infinity":115,"s:318:18:318:Infinity":116,"s:319:6:319:Infinity":117,"s:320:6:320:Infinity":118,"f:324:10:324:Infinity":17,"s:328:19:328:Infinity":119,"s:329:4:329:Infinity":120,"s:331:22:331:Infinity":121,"s:332:23:332:Infinity":122,"s:334:4:339:Infinity":123,"s:334:17:334:20":124,"s:335:27:335:Infinity":125,"s:336:6:338:Infinity":126,"s:341:4:341:Infinity":127,"f:344:10:344:18":18,"s:345:4:345:Infinity":128,"f:348:10:348:24":19,"s:349:18:349:Infinity":129,"s:350:4:350:Infinity":130,"s:352:19:352:Infinity":131,"s:353:27:353:Infinity":132,"s:355:23:355:Infinity":133,"s:357:4:367:Infinity":134,"s:357:17:357:20":135,"s:358:12:358:Infinity":136,"s:359:17:359:Infinity":137,"s:360:18:360:Infinity":138,"s:361:26:361:Infinity":139,"s:362:27:362:Infinity":140,"s:363:6:364:Infinity":141,"s:365:6:366:Infinity":142,"f:370:2:370:18":20,"b:371:4:381:Infinity:undefined:undefined:undefined:undefined":22,"s:371:4:381:Infinity":143,"b:372:6:374:Infinity:undefined:undefined:undefined:undefined":23,"s:372:6:374:Infinity":144,"s:373:8:373:Infinity":145,"s:375:21:375:Infinity":146,"b:376:6:378:Infinity:undefined:undefined:undefined:undefined":24,"s:376:6:378:Infinity":147,"b:376:10:376:29:376:29:376:61":25,"s:377:8:377:Infinity":148,"s:379:6:379:Infinity":149,"s:380:6:380:Infinity":150,"s:383:4:413:Infinity":151,"s:384:21:384:Infinity":152,"s:386:6:386:Infinity":153,"s:387:6:387:Infinity":154,"s:388:6:388:Infinity":155,"s:390:19:390:Infinity":156,"b:391:6:397:Infinity:undefined:undefined:undefined:undefined":26,"s:391:6:397:Infinity":157,"s:392:8:396:Infinity":158,"s:400:8:401:Infinity":159,"s:402:6:407:Infinity":160,"s:409:6:409:Infinity":161,"s:410:26:410:Infinity":162,"s:411:6:411:Infinity":163,"s:412:6:412:Infinity":164}}}
,"/Users/47056/st/packages/core/src/WebAudioBufferSource.ts": {"path":"/Users/47056/st/packages/core/src/WebAudioBufferSource.ts","statementMap":{"0":{"start":{"line":28,"column":4},"end":{"line":28,"column":null}},"1":{"start":{"line":29,"column":4},"end":{"line":29,"column":null}},"2":{"start":{"line":33,"column":4},"end":{"line":33,"column":null}},"3":{"start":{"line":37,"column":4},"end":{"line":37,"column":null}},"4":{"start":{"line":41,"column":4},"end":{"line":41,"column":null}},"5":{"start":{"line":45,"column":4},"end":{"line":45,"column":null}},"6":{"start":{"line":46,"column":17},"end":{"line":46,"column":null}},"7":{"start":{"line":47,"column":18},"end":{"line":49,"column":null}},"8":{"start":{"line":51,"column":4},"end":{"line":54,"column":null}},"9":{"start":{"line":51,"column":17},"end":{"line":51,"column":20}},"10":{"start":{"line":52,"column":6},"end":{"line":52,"column":null}},"11":{"start":{"line":53,"column":6},"end":{"line":53,"column":null}},"12":{"start":{"line":55,"column":4},"end":{"line":55,"column":null}}},"fnMap":{"0":{"name":"(anonymous_0)","decl":{"start":{"line":27,"column":2},"end":{"line":27,"column":14}},"loc":{"start":{"line":27,"column":35},"end":{"line":30,"column":null}},"line":27},"1":{"name":"(anonymous_1)","decl":{"start":{"line":32,"column":6},"end":{"line":32,"column":29}},"loc":{"start":{"line":32,"column":29},"end":{"line":34,"column":null}},"line":32},"2":{"name":"(anonymous_2)","decl":{"start":{"line":36,"column":6},"end":{"line":36,"column":25}},"loc":{"start":{"line":36,"column":25},"end":{"line":38,"column":null}},"line":36},"3":{"name":"(anonymous_3)","decl":{"start":{"line":40,"column":6},"end":{"line":40,"column":15}},"loc":{"start":{"line":40,"column":30},"end":{"line":42,"column":null}},"line":40},"4":{"name":"(anonymous_4)","decl":{"start":{"line":44,"column":2},"end":{"line":44,"column":10}},"loc":{"start":{"line":44,"column":69},"end":{"line":56,"column":null}},"line":44}},"branchMap":{"0":{"loc":{"start":{"line":44,"column":32},"end":{"line":44,"column":47}},"type":"default-arg","locations":[{"start":{"line":44,"column":44},"end":{"line":44,"column":47}}],"line":44},"1":{"loc":{"start":{"line":44,"column":47},"end":{"line":44,"column":69}},"type":"default-arg","locations":[{"start":{"line":44,"column":58},"end":{"line":44,"column":69}}],"line":44},"2":{"loc":{"start":{"line":47,"column":18},"end":{"line":49,"column":null}},"type":"cond-expr","locations":[{"start":{"line":48,"column":8},"end":{"line":48,"column":null}},{"start":{"line":49,"column":8},"end":{"line":49,"column":null}}],"line":47}},"s":{"0":24,"1":24,"2":6,"3":4,"4":5,"5":4,"6":4,"7":4,"8":4,"9":4,"10":22,"11":22,"12":4},"f":{"0":24,"1":6,"2":4,"3":5,"4":4},"b":{"0":[4],"1":[4],"2":[3,1]},"meta":{"lastBranch":3,"lastFunction":5,"lastStatement":13,"seen":{"f:27:2:27:14":0,"s:28:4:28:Infinity":0,"s:29:4:29:Infinity":1,"f:32:6:32:29":1,"s:33:4:33:Infinity":2,"f:36:6:36:25":2,"s:37:4:37:Infinity":3,"f:40:6:40:15":3,"s:41:4:41:Infinity":4,"f:44:2:44:10":4,"b:44:44:44:47":0,"b:44:58:44:69":1,"s:45:4:45:Infinity":5,"s:46:17:46:Infinity":6,"s:47:18:49:Infinity":7,"b:48:8:48:Infinity:49:8:49:Infinity":2,"s:51:4:54:Infinity":8,"s:51:17:51:20":9,"s:52:6:52:Infinity":10,"s:53:6:53:Infinity":11,"s:55:4:55:Infinity":12}}}
,"/Users/47056/st/packages/core/src/getWebAudioNode.ts": {"path":"/Users/47056/st/packages/core/src/getWebAudioNode.ts","statementMap":{"0":{"start":{"line":32,"column":15},"end":{"line":32,"column":null}},"1":{"start":{"line":33,"column":18},"end":{"line":33,"column":null}},"2":{"start":{"line":35,"column":2},"end":{"line":47,"column":null}},"3":{"start":{"line":36,"column":17},"end":{"line":36,"column":null}},"4":{"start":{"line":37,"column":18},"end":{"line":37,"column":null}},"5":{"start":{"line":38,"column":28},"end":{"line":38,"column":null}},"6":{"start":{"line":39,"column":4},"end":{"line":39,"column":null}},"7":{"start":{"line":40,"column":4},"end":{"line":42,"column":null}},"8":{"start":{"line":41,"column":6},"end":{"line":41,"column":null}},"9":{"start":{"line":43,"column":4},"end":{"line":46,"column":null}},"10":{"start":{"line":43,"column":17},"end":{"line":43,"column":20}},"11":{"start":{"line":44,"column":6},"end":{"line":44,"column":null}},"12":{"start":{"line":45,"column":6},"end":{"line":45,"column":null}},"13":{"start":{"line":48,"column":2},"end":{"line":48,"column":null}}},"fnMap":{"0":{"name":"getWebAudioNode","decl":{"start":{"line":26,"column":24},"end":{"line":26,"column":null}},"loc":{"start":{"line":31,"column":23},"end":{"line":49,"column":null}},"line":31},"1":{"name":"(anonymous_1)","decl":{"start":{"line":35,"column":24},"end":{"line":35,"column":25}},"loc":{"start":{"line":35,"column":57},"end":{"line":47,"column":null}},"line":35}},"branchMap":{"0":{"loc":{"start":{"line":29,"column":2},"end":{"line":29,"column":null}},"type":"default-arg","locations":[{"start":{"line":29,"column":51},"end":{"line":29,"column":null}}],"line":29},"1":{"loc":{"start":{"line":30,"column":2},"end":{"line":30,"column":null}},"type":"default-arg","locations":[{"start":{"line":30,"column":15},"end":{"line":30,"column":null}}],"line":30},"2":{"loc":{"start":{"line":40,"column":4},"end":{"line":42,"column":null}},"type":"if","locations":[{"start":{"line":40,"column":4},"end":{"line":42,"column":null}},{"start":{},"end":{}}],"line":40}},"s":{"0":20,"1":20,"2":20,"3":2,"4":2,"5":2,"6":2,"7":2,"8":1,"9":2,"10":2,"11":4096,"12":4096,"13":20},"f":{"0":20,"1":2},"b":{"0":[20],"1":[20],"2":[1,1]},"meta":{"lastBranch":3,"lastFunction":2,"lastStatement":14,"seen":{"f:26:24:26:Infinity":0,"b:29:51:29:Infinity":0,"b:30:15:30:Infinity":1,"s:32:15:32:Infinity":0,"s:33:18:33:Infinity":1,"s:35:2:47:Infinity":2,"f:35:24:35:25":1,"s:36:17:36:Infinity":3,"s:37:18:37:Infinity":4,"s:38:28:38:Infinity":5,"s:39:4:39:Infinity":6,"b:40:4:42:Infinity:undefined:undefined:undefined:undefined":2,"s:40:4:42:Infinity":7,"s:41:6:41:Infinity":8,"s:43:4:46:Infinity":9,"s:43:17:43:20":10,"s:44:6:44:Infinity":11,"s:45:6:45:Infinity":12,"s:48:2:48:Infinity":13}}}
,"/Users/47056/st/packages/core/src/minsSecs.ts": {"path":"/Users/47056/st/packages/core/src/minsSecs.ts","statementMap":{"0":{"start":{"line":24,"column":12},"end":{"line":24,"column":null}},"1":{"start":{"line":25,"column":2},"end":{"line":25,"column":null}},"2":{"start":{"line":29,"column":15},"end":{"line":29,"column":null}},"3":{"start":{"line":30,"column":18},"end":{"line":30,"column":null}},"4":{"start":{"line":31,"column":2},"end":{"line":31,"column":null}}},"fnMap":{"0":{"name":"pad","decl":{"start":{"line":23,"column":9},"end":{"line":23,"column":13}},"loc":{"start":{"line":23,"column":56},"end":{"line":26,"column":null}},"line":23},"1":{"name":"minsSecs","decl":{"start":{"line":28,"column":24},"end":{"line":28,"column":33}},"loc":{"start":{"line":28,"column":55},"end":{"line":32,"column":null}},"line":28}},"branchMap":{"0":{"loc":{"start":{"line":23,"column":39},"end":{"line":23,"column":56}},"type":"default-arg","locations":[{"start":{"line":23,"column":43},"end":{"line":23,"column":56}}],"line":23},"1":{"loc":{"start":{"line":25,"column":9},"end":{"line":25,"column":null}},"type":"cond-expr","locations":[{"start":{"line":25,"column":29},"end":{"line":25,"column":33}},{"start":{"line":25,"column":33},"end":{"line":25,"column":null}}],"line":25}},"s":{"0":17,"1":17,"2":17,"3":17,"4":17},"f":{"0":17,"1":17},"b":{"0":[17],"1":[3,14]},"meta":{"lastBranch":2,"lastFunction":2,"lastStatement":5,"seen":{"f:23:9:23:13":0,"b:23:43:23:56":0,"s:24:12:24:Infinity":0,"s:25:2:25:Infinity":1,"b:25:29:25:33:25:33:25:Infinity":1,"f:28:24:28:33":1,"s:29:15:29:Infinity":2,"s:30:18:30:Infinity":3,"s:31:2:31:Infinity":4}}}
,"/Users/47056/st/packages/core/src/noop.ts": {"path":"/Users/47056/st/packages/core/src/noop.ts","statementMap":{"0":{"start":{"line":24,"column":2},"end":{"line":24,"column":null}}},"fnMap":{"0":{"name":"noop","decl":{"start":{"line":23,"column":24},"end":{"line":23,"column":37}},"loc":{"start":{"line":23,"column":37},"end":{"line":25,"column":null}},"line":23}},"branchMap":{},"s":{"0":4},"f":{"0":4},"b":{},"meta":{"lastBranch":0,"lastFunction":1,"lastStatement":1,"seen":{"f:23:24:23:37":0,"s:24:2:24:Infinity":0}}}
,"/Users/47056/st/packages/core/src/testFloatEqual.ts": {"path":"/Users/47056/st/packages/core/src/testFloatEqual.ts","statementMap":{"0":{"start":{"line":24,"column":2},"end":{"line":24,"column":null}}},"fnMap":{"0":{"name":"testFloatEqual","decl":{"start":{"line":23,"column":24},"end":{"line":23,"column":39}},"loc":{"start":{"line":23,"column":70},"end":{"line":25,"column":null}},"line":23}},"branchMap":{"0":{"loc":{"start":{"line":24,"column":10},"end":{"line":24,"column":35}},"type":"cond-expr","locations":[{"start":{"line":24,"column":18},"end":{"line":24,"column":26}},{"start":{"line":24,"column":26},"end":{"line":24,"column":35}}],"line":24}},"s":{"0":213},"f":{"0":213},"b":{"0":[106,107]},"meta":{"lastBranch":1,"lastFunction":1,"lastStatement":1,"seen":{"f:23:24:23:39":0,"s:24:2:24:Infinity":0,"b:24:18:24:26:24:26:24:35":0}}}
}
