{"/Users/47056/st/packages/core/src/AbstractFifoSamplePipe.ts": {"path":"/Users/47056/st/packages/core/src/AbstractFifoSamplePipe.ts","statementMap":{"0":{"start":{"line":30,"column":4},"end":{"line":36,"column":null}},"1":{"start":{"line":31,"column":6},"end":{"line":31,"column":null}},"2":{"start":{"line":32,"column":6},"end":{"line":32,"column":null}},"3":{"start":{"line":34,"column":6},"end":{"line":34,"column":null}},"4":{"start":{"line":35,"column":6},"end":{"line":35,"column":null}},"5":{"start":{"line":40,"column":4},"end":{"line":40,"column":null}},"6":{"start":{"line":44,"column":4},"end":{"line":44,"column":null}},"7":{"start":{"line":48,"column":4},"end":{"line":48,"column":null}},"8":{"start":{"line":52,"column":4},"end":{"line":52,"column":null}},"9":{"start":{"line":56,"column":4},"end":{"line":56,"column":null}},"10":{"start":{"line":57,"column":4},"end":{"line":57,"column":null}}},"fnMap":{"0":{"name":"(anonymous_0)","decl":{"start":{"line":29,"column":2},"end":{"line":29,"column":14}},"loc":{"start":{"line":29,"column":39},"end":{"line":37,"column":null}},"line":29},"1":{"name":"(anonymous_1)","decl":{"start":{"line":39,"column":6},"end":{"line":39,"column":45}},"loc":{"start":{"line":39,"column":45},"end":{"line":41,"column":null}},"line":39},"2":{"name":"(anonymous_2)","decl":{"start":{"line":43,"column":6},"end":{"line":43,"column":18}},"loc":{"start":{"line":43,"column":56},"end":{"line":45,"column":null}},"line":43},"3":{"name":"(anonymous_3)","decl":{"start":{"line":47,"column":6},"end":{"line":47,"column":46}},"loc":{"start":{"line":47,"column":46},"end":{"line":49,"column":null}},"line":47},"4":{"name":"(anonymous_4)","decl":{"start":{"line":51,"column":6},"end":{"line":51,"column":19}},"loc":{"start":{"line":51,"column":58},"end":{"line":53,"column":null}},"line":51},"5":{"name":"(anonymous_5)","decl":{"start":{"line":55,"column":2},"end":{"line":55,"column":16}},"loc":{"start":{"line":55,"column":16},"end":{"line":58,"column":null}},"line":55}},"branchMap":{"0":{"loc":{"start":{"line":30,"column":4},"end":{"line":36,"column":null}},"type":"if","locations":[{"start":{"line":30,"column":4},"end":{"line":36,"column":null}},{"start":{"line":33,"column":11},"end":{"line":36,"column":null}}],"line":30}},"s":{"0":121,"1":24,"2":24,"3":97,"4":97,"5":20,"6":113,"7":119,"8":113,"9":13,"10":13},"f":{"0":121,"1":20,"2":113,"3":119,"4":113,"5":13},"b":{"0":[24,97]},"meta":{"lastBranch":1,"lastFunction":6,"lastStatement":11,"seen":{"f:29:2:29:14":0,"b:30:4:36:Infinity:33:11:36:Infinity":0,"s:30:4:36:Infinity":0,"s:31:6:31:Infinity":1,"s:32:6:32:Infinity":2,"s:34:6:34:Infinity":3,"s:35:6:35:Infinity":4,"f:39:6:39:45":1,"s:40:4:40:Infinity":5,"f:43:6:43:18":2,"s:44:4:44:Infinity":6,"f:47:6:47:46":3,"s:48:4:48:Infinity":7,"f:51:6:51:19":4,"s:52:4:52:Infinity":8,"f:55:2:55:16":5,"s:56:4:56:Infinity":9,"s:57:4:57:Infinity":10}}}
,"/Users/47056/st/packages/core/src/FifoSampleBuffer.ts": {"path":"/Users/47056/st/packages/core/src/FifoSampleBuffer.ts","statementMap":{"0":{"start":{"line":29,"column":4},"end":{"line":29,"column":null}},"1":{"start":{"line":30,"column":4},"end":{"line":30,"column":null}},"2":{"start":{"line":31,"column":4},"end":{"line":31,"column":null}},"3":{"start":{"line":35,"column":4},"end":{"line":35,"column":null}},"4":{"start":{"line":39,"column":4},"end":{"line":39,"column":null}},"5":{"start":{"line":43,"column":4},"end":{"line":43,"column":null}},"6":{"start":{"line":47,"column":4},"end":{"line":47,"column":null}},"7":{"start":{"line":51,"column":4},"end":{"line":51,"column":null}},"8":{"start":{"line":55,"column":4},"end":{"line":55,"column":null}},"9":{"start":{"line":56,"column":4},"end":{"line":56,"column":null}},"10":{"start":{"line":57,"column":4},"end":{"line":57,"column":null}},"11":{"start":{"line":61,"column":4},"end":{"line":61,"column":null}},"12":{"start":{"line":65,"column":25},"end":{"line":65,"column":null}},"13":{"start":{"line":66,"column":4},"end":{"line":68,"column":null}},"14":{"start":{"line":67,"column":6},"end":{"line":67,"column":null}},"15":{"start":{"line":69,"column":23},"end":{"line":69,"column":null}},"16":{"start":{"line":71,"column":4},"end":{"line":71,"column":null}},"17":{"start":{"line":73,"column":23},"end":{"line":73,"column":null}},"18":{"start":{"line":74,"column":4},"end":{"line":77,"column":null}},"19":{"start":{"line":79,"column":4},"end":{"line":79,"column":null}},"20":{"start":{"line":83,"column":4},"end":{"line":85,"column":null}},"21":{"start":{"line":84,"column":6},"end":{"line":84,"column":null}},"22":{"start":{"line":86,"column":4},"end":{"line":86,"column":null}},"23":{"start":{"line":90,"column":4},"end":{"line":96,"column":null}},"24":{"start":{"line":95,"column":6},"end":{"line":95,"column":null}},"25":{"start":{"line":97,"column":4},"end":{"line":97,"column":null}},"26":{"start":{"line":98,"column":4},"end":{"line":98,"column":null}},"27":{"start":{"line":102,"column":23},"end":{"line":102,"column":null}},"28":{"start":{"line":103,"column":25},"end":{"line":103,"column":null}},"29":{"start":{"line":104,"column":4},"end":{"line":104,"column":null}},"30":{"start":{"line":105,"column":4},"end":{"line":105,"column":null}},"31":{"start":{"line":109,"column":25},"end":{"line":109,"column":null}},"32":{"start":{"line":110,"column":23},"end":{"line":110,"column":null}},"33":{"start":{"line":111,"column":4},"end":{"line":111,"column":null}},"34":{"start":{"line":115,"column":22},"end":{"line":115,"column":null}},"35":{"start":{"line":116,"column":4},"end":{"line":123,"column":null}},"36":{"start":{"line":117,"column":24},"end":{"line":117,"column":null}},"37":{"start":{"line":118,"column":6},"end":{"line":118,"column":null}},"38":{"start":{"line":119,"column":6},"end":{"line":119,"column":null}},"39":{"start":{"line":120,"column":6},"end":{"line":120,"column":null}},"40":{"start":{"line":122,"column":6},"end":{"line":122,"column":null}},"41":{"start":{"line":127,"column":4},"end":{"line":127,"column":null}},"42":{"start":{"line":131,"column":4},"end":{"line":134,"column":null}},"43":{"start":{"line":132,"column":6},"end":{"line":132,"column":null}},"44":{"start":{"line":133,"column":6},"end":{"line":133,"column":null}}},"fnMap":{"0":{"name":"(anonymous_0)","decl":{"start":{"line":28,"column":2},"end":{"line":28,"column":16}},"loc":{"start":{"line":28,"column":16},"end":{"line":32,"column":null}},"line":28},"1":{"name":"(anonymous_1)","decl":{"start":{"line":34,"column":6},"end":{"line":34,"column":29}},"loc":{"start":{"line":34,"column":29},"end":{"line":36,"column":null}},"line":34},"2":{"name":"(anonymous_2)","decl":{"start":{"line":38,"column":6},"end":{"line":38,"column":25}},"loc":{"start":{"line":38,"column":25},"end":{"line":40,"column":null}},"line":38},"3":{"name":"(anonymous_3)","decl":{"start":{"line":42,"column":6},"end":{"line":42,"column":27}},"loc":{"start":{"line":42,"column":27},"end":{"line":44,"column":null}},"line":42},"4":{"name":"(anonymous_4)","decl":{"start":{"line":46,"column":6},"end":{"line":46,"column":27}},"loc":{"start":{"line":46,"column":27},"end":{"line":48,"column":null}},"line":46},"5":{"name":"(anonymous_5)","decl":{"start":{"line":50,"column":6},"end":{"line":50,"column":25}},"loc":{"start":{"line":50,"column":25},"end":{"line":52,"column":null}},"line":50},"6":{"name":"(anonymous_6)","decl":{"start":{"line":54,"column":2},"end":{"line":54,"column":16}},"loc":{"start":{"line":54,"column":16},"end":{"line":58,"column":null}},"line":54},"7":{"name":"(anonymous_7)","decl":{"start":{"line":60,"column":2},"end":{"line":60,"column":6}},"loc":{"start":{"line":60,"column":31},"end":{"line":62,"column":null}},"line":60},"8":{"name":"(anonymous_8)","decl":{"start":{"line":64,"column":2},"end":{"line":64,"column":13}},"loc":{"start":{"line":64,"column":71},"end":{"line":80,"column":null}},"line":64},"9":{"name":"(anonymous_9)","decl":{"start":{"line":82,"column":2},"end":{"line":82,"column":12}},"loc":{"start":{"line":82,"column":73},"end":{"line":87,"column":null}},"line":82},"10":{"name":"(anonymous_10)","decl":{"start":{"line":89,"column":2},"end":{"line":89,"column":10}},"loc":{"start":{"line":89,"column":36},"end":{"line":99,"column":null}},"line":89},"11":{"name":"(anonymous_11)","decl":{"start":{"line":101,"column":2},"end":{"line":101,"column":17}},"loc":{"start":{"line":101,"column":60},"end":{"line":106,"column":null}},"line":101},"12":{"name":"(anonymous_12)","decl":{"start":{"line":108,"column":2},"end":{"line":108,"column":10}},"loc":{"start":{"line":108,"column":67},"end":{"line":112,"column":null}},"line":108},"13":{"name":"(anonymous_13)","decl":{"start":{"line":114,"column":2},"end":{"line":114,"column":17}},"loc":{"start":{"line":114,"column":38},"end":{"line":124,"column":null}},"line":114},"14":{"name":"(anonymous_14)","decl":{"start":{"line":126,"column":2},"end":{"line":126,"column":27}},"loc":{"start":{"line":126,"column":48},"end":{"line":128,"column":null}},"line":126},"15":{"name":"(anonymous_15)","decl":{"start":{"line":130,"column":2},"end":{"line":130,"column":17}},"loc":{"start":{"line":130,"column":17},"end":{"line":135,"column":null}},"line":130}},"branchMap":{"0":{"loc":{"start":{"line":64,"column":36},"end":{"line":64,"column":50}},"type":"default-arg","locations":[{"start":{"line":64,"column":47},"end":{"line":64,"column":50}}],"line":64},"1":{"loc":{"start":{"line":64,"column":50},"end":{"line":64,"column":71}},"type":"default-arg","locations":[{"start":{"line":64,"column":62},"end":{"line":64,"column":71}}],"line":64},"2":{"loc":{"start":{"line":66,"column":4},"end":{"line":68,"column":null}},"type":"if","locations":[{"start":{"line":66,"column":4},"end":{"line":68,"column":null}},{"start":{},"end":{}}],"line":66},"3":{"loc":{"start":{"line":66,"column":8},"end":{"line":66,"column":46}},"type":"binary-expr","locations":[{"start":{"line":66,"column":8},"end":{"line":66,"column":29}},{"start":{"line":66,"column":29},"end":{"line":66,"column":46}}],"line":66},"4":{"loc":{"start":{"line":82,"column":38},"end":{"line":82,"column":52}},"type":"default-arg","locations":[{"start":{"line":82,"column":49},"end":{"line":82,"column":52}}],"line":82},"5":{"loc":{"start":{"line":82,"column":52},"end":{"line":82,"column":73}},"type":"default-arg","locations":[{"start":{"line":82,"column":64},"end":{"line":82,"column":73}}],"line":82},"6":{"loc":{"start":{"line":83,"column":4},"end":{"line":85,"column":null}},"type":"if","locations":[{"start":{"line":83,"column":4},"end":{"line":85,"column":null}},{"start":{},"end":{}}],"line":83},"7":{"loc":{"start":{"line":83,"column":8},"end":{"line":83,"column":46}},"type":"binary-expr","locations":[{"start":{"line":83,"column":8},"end":{"line":83,"column":29}},{"start":{"line":83,"column":29},"end":{"line":83,"column":46}}],"line":83},"8":{"loc":{"start":{"line":90,"column":4},"end":{"line":96,"column":null}},"type":"if","locations":[{"start":{"line":90,"column":4},"end":{"line":96,"column":null}},{"start":{},"end":{}}],"line":90},"9":{"loc":{"start":{"line":91,"column":6},"end":{"line":93,"column":null}},"type":"binary-expr","locations":[{"start":{"line":91,"column":6},"end":{"line":91,"column":null}},{"start":{"line":92,"column":6},"end":{"line":92,"column":null}},{"start":{"line":93,"column":6},"end":{"line":93,"column":null}}],"line":91},"10":{"loc":{"start":{"line":101,"column":39},"end":{"line":101,"column":60}},"type":"default-arg","locations":[{"start":{"line":101,"column":51},"end":{"line":101,"column":60}}],"line":101},"11":{"loc":{"start":{"line":108,"column":32},"end":{"line":108,"column":46}},"type":"default-arg","locations":[{"start":{"line":108,"column":43},"end":{"line":108,"column":46}}],"line":108},"12":{"loc":{"start":{"line":108,"column":46},"end":{"line":108,"column":67}},"type":"default-arg","locations":[{"start":{"line":108,"column":58},"end":{"line":108,"column":67}}],"line":108},"13":{"loc":{"start":{"line":114,"column":17},"end":{"line":114,"column":38}},"type":"default-arg","locations":[{"start":{"line":114,"column":29},"end":{"line":114,"column":38}}],"line":114},"14":{"loc":{"start":{"line":116,"column":4},"end":{"line":123,"column":null}},"type":"if","locations":[{"start":{"line":116,"column":4},"end":{"line":123,"column":null}},{"start":{"line":121,"column":11},"end":{"line":123,"column":null}}],"line":116},"15":{"loc":{"start":{"line":126,"column":27},"end":{"line":126,"column":48}},"type":"default-arg","locations":[{"start":{"line":126,"column":39},"end":{"line":126,"column":48}}],"line":126},"16":{"loc":{"start":{"line":131,"column":4},"end":{"line":134,"column":null}},"type":"if","locations":[{"start":{"line":131,"column":4},"end":{"line":134,"column":null}},{"start":{},"end":{}}],"line":131}},"s":{"0":213,"1":213,"2":213,"3":1352,"4":37,"5":1400,"6":96,"7":218,"8":25,"9":25,"10":25,"11":38,"12":66,"13":66,"14":28,"15":66,"16":66,"17":66,"18":66,"19":66,"20":32,"21":1,"22":32,"23":48,"24":8,"25":48,"26":48,"27":3,"28":3,"29":3,"30":3,"31":6,"32":6,"33":6,"34":109,"35":109,"36":108,"37":108,"38":108,"39":108,"40":1,"41":37,"42":1,"43":1,"44":1},"f":{"0":213,"1":1352,"2":37,"3":1400,"4":96,"5":218,"6":25,"7":38,"8":66,"9":32,"10":48,"11":3,"12":6,"13":109,"14":37,"15":1},"b":{"0":[66],"1":[66],"2":[28,38],"3":[66,66],"4":[32],"5":[32],"6":[1,31],"7":[32,32],"8":[8,40],"9":[48,40,40],"10":[3],"11":[6],"12":[6],"13":[109],"14":[108,1],"15":[37],"16":[1,0]},"meta":{"lastBranch":17,"lastFunction":16,"lastStatement":45,"seen":{"f:28:2:28:16":0,"s:29:4:29:Infinity":0,"s:30:4:30:Infinity":1,"s:31:4:31:Infinity":2,"f:34:6:34:29":1,"s:35:4:35:Infinity":3,"f:38:6:38:25":2,"s:39:4:39:Infinity":4,"f:42:6:42:27":3,"s:43:4:43:Infinity":5,"f:46:6:46:27":4,"s:47:4:47:Infinity":6,"f:50:6:50:25":5,"s:51:4:51:Infinity":7,"f:54:2:54:16":6,"s:55:4:55:Infinity":8,"s:56:4:56:Infinity":9,"s:57:4:57:Infinity":10,"f:60:2:60:6":7,"s:61:4:61:Infinity":11,"f:64:2:64:13":8,"b:64:47:64:50":0,"b:64:62:64:71":1,"s:65:25:65:Infinity":12,"b:66:4:68:Infinity:undefined:undefined:undefined:undefined":2,"s:66:4:68:Infinity":13,"b:66:8:66:29:66:29:66:46":3,"s:67:6:67:Infinity":14,"s:69:23:69:Infinity":15,"s:71:4:71:Infinity":16,"s:73:23:73:Infinity":17,"s:74:4:77:Infinity":18,"s:79:4:79:Infinity":19,"f:82:2:82:12":9,"b:82:49:82:52":4,"b:82:64:82:73":5,"b:83:4:85:Infinity:undefined:undefined:undefined:undefined":6,"s:83:4:85:Infinity":20,"b:83:8:83:29:83:29:83:46":7,"s:84:6:84:Infinity":21,"s:86:4:86:Infinity":22,"f:89:2:89:10":10,"b:90:4:96:Infinity:undefined:undefined:undefined:undefined":8,"s:90:4:96:Infinity":23,"b:91:6:91:Infinity:92:6:92:Infinity:93:6:93:Infinity":9,"s:95:6:95:Infinity":24,"s:97:4:97:Infinity":25,"s:98:4:98:Infinity":26,"f:101:2:101:17":11,"b:101:51:101:60":10,"s:102:23:102:Infinity":27,"s:103:25:103:Infinity":28,"s:104:4:104:Infinity":29,"s:105:4:105:Infinity":30,"f:108:2:108:10":12,"b:108:43:108:46":11,"b:108:58:108:67":12,"s:109:25:109:Infinity":31,"s:110:23:110:Infinity":32,"s:111:4:111:Infinity":33,"f:114:2:114:17":13,"b:114:29:114:38":13,"s:115:22:115:Infinity":34,"b:116:4:123:Infinity:121:11:123:Infinity":14,"s:116:4:123:Infinity":35,"s:117:24:117:Infinity":36,"s:118:6:118:Infinity":37,"s:119:6:119:Infinity":38,"s:120:6:120:Infinity":39,"s:122:6:122:Infinity":40,"f:126:2:126:27":14,"b:126:39:126:48":15,"s:127:4:127:Infinity":41,"f:130:2:130:17":15,"b:131:4:134:Infinity:undefined:undefined:undefined:undefined":16,"s:131:4:134:Infinity":42,"s:132:6:132:Infinity":43,"s:133:6:133:Infinity":44}}}
,"/Users/47056/st/packages/core/src/FilterSupport.ts": {"path":"/Users/47056/st/packages/core/src/FilterSupport.ts","statementMap":{"0":{"start":{"line":36,"column":4},"end":{"line":36,"column":null}},"1":{"start":{"line":40,"column":4},"end":{"line":40,"column":null}},"2":{"start":{"line":44,"column":4},"end":{"line":44,"column":null}},"3":{"start":{"line":48,"column":4},"end":{"line":48,"column":null}},"4":{"start":{"line":52,"column":4},"end":{"line":52,"column":null}},"5":{"start":{"line":56,"column":4},"end":{"line":65,"column":null}},"6":{"start":{"line":57,"column":29},"end":{"line":57,"column":null}},"7":{"start":{"line":59,"column":6},"end":{"line":59,"column":null}},"8":{"start":{"line":61,"column":6},"end":{"line":63,"column":null}},"9":{"start":{"line":62,"column":8},"end":{"line":62,"column":null}},"10":{"start":{"line":64,"column":6},"end":{"line":64,"column":null}},"11":{"start":{"line":69,"column":4},"end":{"line":69,"column":null}}},"fnMap":{"0":{"name":"(anonymous_0)","decl":{"start":{"line":35,"column":2},"end":{"line":35,"column":14}},"loc":{"start":{"line":35,"column":32},"end":{"line":37,"column":null}},"line":35},"1":{"name":"(anonymous_1)","decl":{"start":{"line":39,"column":6},"end":{"line":39,"column":25}},"loc":{"start":{"line":39,"column":25},"end":{"line":41,"column":null}},"line":39},"2":{"name":"(anonymous_2)","decl":{"start":{"line":43,"column":6},"end":{"line":43,"column":45}},"loc":{"start":{"line":43,"column":45},"end":{"line":45,"column":null}},"line":43},"3":{"name":"(anonymous_3)","decl":{"start":{"line":47,"column":6},"end":{"line":47,"column":46}},"loc":{"start":{"line":47,"column":46},"end":{"line":49,"column":null}},"line":47},"4":{"name":"(anonymous_4)","decl":{"start":{"line":51,"column":2},"end":{"line":51,"column":18}},"loc":{"start":{"line":51,"column":44},"end":{"line":53,"column":null}},"line":51},"5":{"name":"(anonymous_5)","decl":{"start":{"line":55,"column":2},"end":{"line":55,"column":19}},"loc":{"start":{"line":55,"column":40},"end":{"line":66,"column":null}},"line":55},"6":{"name":"(anonymous_6)","decl":{"start":{"line":68,"column":2},"end":{"line":68,"column":16}},"loc":{"start":{"line":68,"column":16},"end":{"line":70,"column":null}},"line":68}},"branchMap":{"0":{"loc":{"start":{"line":55,"column":19},"end":{"line":55,"column":40}},"type":"default-arg","locations":[{"start":{"line":55,"column":31},"end":{"line":55,"column":40}}],"line":55},"1":{"loc":{"start":{"line":61,"column":6},"end":{"line":63,"column":null}},"type":"if","locations":[{"start":{"line":61,"column":6},"end":{"line":63,"column":null}},{"start":{},"end":{}}],"line":61}},"s":{"0":33,"1":1,"2":17,"3":24,"4":1,"5":5,"6":5,"7":5,"8":5,"9":0,"10":5,"11":4},"f":{"0":33,"1":1,"2":17,"3":24,"4":1,"5":5,"6":4},"b":{"0":[5],"1":[0,5]},"meta":{"lastBranch":2,"lastFunction":7,"lastStatement":12,"seen":{"f:35:2:35:14":0,"s:36:4:36:Infinity":0,"f:39:6:39:25":1,"s:40:4:40:Infinity":1,"f:43:6:43:45":2,"s:44:4:44:Infinity":2,"f:47:6:47:46":3,"s:48:4:48:Infinity":3,"f:51:2:51:18":4,"s:52:4:52:Infinity":4,"f:55:2:55:19":5,"b:55:31:55:40":0,"s:56:4:65:Infinity":5,"s:57:29:57:Infinity":6,"s:59:6:59:Infinity":7,"b:61:6:63:Infinity:undefined:undefined:undefined:undefined":1,"s:61:6:63:Infinity":8,"s:62:8:62:Infinity":9,"s:64:6:64:Infinity":10,"f:68:2:68:16":6,"s:69:4:69:Infinity":11}}}
,"/Users/47056/st/packages/core/src/PitchShifter.ts": {"path":"/Users/47056/st/packages/core/src/PitchShifter.ts","statementMap":{"0":{"start":{"line":43,"column":28},"end":{"line":43,"column":null}},"1":{"start":{"line":44,"column":21},"end":{"line":44,"column":null}},"2":{"start":{"line":45,"column":2},"end":{"line":45,"column":null}},"3":{"start":{"line":46,"column":2},"end":{"line":46,"column":null}},"4":{"start":{"line":47,"column":2},"end":{"line":56,"column":null}},"5":{"start":{"line":48,"column":23},"end":{"line":54,"column":null}},"6":{"start":{"line":55,"column":4},"end":{"line":55,"column":null}},"7":{"start":{"line":77,"column":4},"end":{"line":77,"column":null}},"8":{"start":{"line":78,"column":19},"end":{"line":78,"column":null}},"9":{"start":{"line":79,"column":4},"end":{"line":79,"column":null}},"10":{"start":{"line":80,"column":4},"end":{"line":80,"column":null}},"11":{"start":{"line":81,"column":4},"end":{"line":81,"column":null}},"12":{"start":{"line":82,"column":4},"end":{"line":87,"column":null}},"13":{"start":{"line":85,"column":15},"end":{"line":85,"column":null}},"14":{"start":{"line":88,"column":4},"end":{"line":88,"column":null}},"15":{"start":{"line":89,"column":4},"end":{"line":89,"column":null}},"16":{"start":{"line":90,"column":4},"end":{"line":90,"column":null}},"17":{"start":{"line":91,"column":4},"end":{"line":91,"column":null}},"18":{"start":{"line":92,"column":4},"end":{"line":92,"column":null}},"19":{"start":{"line":96,"column":4},"end":{"line":96,"column":null}},"20":{"start":{"line":100,"column":4},"end":{"line":100,"column":null}},"21":{"start":{"line":104,"column":4},"end":{"line":105,"column":null}},"22":{"start":{"line":110,"column":4},"end":{"line":112,"column":null}},"23":{"start":{"line":113,"column":4},"end":{"line":113,"column":null}},"24":{"start":{"line":114,"column":4},"end":{"line":114,"column":null}},"25":{"start":{"line":118,"column":4},"end":{"line":118,"column":null}},"26":{"start":{"line":122,"column":4},"end":{"line":122,"column":null}},"27":{"start":{"line":126,"column":4},"end":{"line":126,"column":null}},"28":{"start":{"line":130,"column":4},"end":{"line":130,"column":null}},"29":{"start":{"line":134,"column":4},"end":{"line":134,"column":null}},"30":{"start":{"line":138,"column":4},"end":{"line":138,"column":null}},"31":{"start":{"line":142,"column":4},"end":{"line":142,"column":null}},"32":{"start":{"line":146,"column":4},"end":{"line":146,"column":null}},"33":{"start":{"line":147,"column":4},"end":{"line":149,"column":null}},"34":{"start":{"line":149,"column":9},"end":{"line":149,"column":45}},"35":{"start":{"line":153,"column":20},"end":{"line":153,"column":null}},"36":{"start":{"line":154,"column":4},"end":{"line":156,"column":null}},"37":{"start":{"line":155,"column":6},"end":{"line":155,"column":null}},"38":{"start":{"line":155,"column":42},"end":{"line":155,"column":62}},"39":{"start":{"line":157,"column":4},"end":{"line":161,"column":null}},"40":{"start":{"line":158,"column":6},"end":{"line":160,"column":null}},"41":{"start":{"line":160,"column":11},"end":{"line":160,"column":49}}},"fnMap":{"0":{"name":"onUpdate","decl":{"start":{"line":42,"column":9},"end":{"line":42,"column":38}},"loc":{"start":{"line":42,"column":68},"end":{"line":57,"column":null}},"line":42},"1":{"name":"(anonymous_1)","decl":{"start":{"line":71,"column":2},"end":{"line":71,"column":null}},"loc":{"start":{"line":76,"column":4},"end":{"line":93,"column":null}},"line":76},"2":{"name":"(anonymous_2)","decl":{"start":{"line":85,"column":6},"end":{"line":85,"column":7}},"loc":{"start":{"line":85,"column":15},"end":{"line":85,"column":null}},"line":85},"3":{"name":"(anonymous_3)","decl":{"start":{"line":95,"column":6},"end":{"line":95,"column":34}},"loc":{"start":{"line":95,"column":34},"end":{"line":97,"column":null}},"line":95},"4":{"name":"(anonymous_4)","decl":{"start":{"line":99,"column":6},"end":{"line":99,"column":36}},"loc":{"start":{"line":99,"column":36},"end":{"line":101,"column":null}},"line":99},"5":{"name":"(anonymous_5)","decl":{"start":{"line":103,"column":6},"end":{"line":103,"column":33}},"loc":{"start":{"line":103,"column":33},"end":{"line":107,"column":null}},"line":103},"6":{"name":"(anonymous_6)","decl":{"start":{"line":109,"column":6},"end":{"line":109,"column":23}},"loc":{"start":{"line":109,"column":37},"end":{"line":115,"column":null}},"line":109},"7":{"name":"(anonymous_7)","decl":{"start":{"line":117,"column":6},"end":{"line":117,"column":34}},"loc":{"start":{"line":117,"column":34},"end":{"line":119,"column":null}},"line":117},"8":{"name":"(anonymous_8)","decl":{"start":{"line":121,"column":6},"end":{"line":121,"column":12}},"loc":{"start":{"line":121,"column":27},"end":{"line":123,"column":null}},"line":121},"9":{"name":"(anonymous_9)","decl":{"start":{"line":125,"column":6},"end":{"line":125,"column":21}},"loc":{"start":{"line":125,"column":39},"end":{"line":127,"column":null}},"line":125},"10":{"name":"(anonymous_10)","decl":{"start":{"line":129,"column":6},"end":{"line":129,"column":11}},"loc":{"start":{"line":129,"column":25},"end":{"line":131,"column":null}},"line":129},"11":{"name":"(anonymous_11)","decl":{"start":{"line":133,"column":6},"end":{"line":133,"column":12}},"loc":{"start":{"line":133,"column":27},"end":{"line":135,"column":null}},"line":133},"12":{"name":"(anonymous_12)","decl":{"start":{"line":137,"column":2},"end":{"line":137,"column":10}},"loc":{"start":{"line":137,"column":35},"end":{"line":139,"column":null}},"line":137},"13":{"name":"(anonymous_13)","decl":{"start":{"line":141,"column":2},"end":{"line":141,"column":21}},"loc":{"start":{"line":141,"column":21},"end":{"line":143,"column":null}},"line":141},"14":{"name":"(anonymous_14)","decl":{"start":{"line":145,"column":2},"end":{"line":145,"column":5}},"loc":{"start":{"line":145,"column":69},"end":{"line":150,"column":null}},"line":145},"15":{"name":"(anonymous_15)","decl":{"start":{"line":147,"column":44},"end":{"line":147,"column":null}},"loc":{"start":{"line":149,"column":9},"end":{"line":149,"column":45}},"line":149},"16":{"name":"(anonymous_16)","decl":{"start":{"line":152,"column":2},"end":{"line":152,"column":6}},"loc":{"start":{"line":152,"column":45},"end":{"line":162,"column":null}},"line":152},"17":{"name":"(anonymous_17)","decl":{"start":{"line":155,"column":35},"end":{"line":155,"column":36}},"loc":{"start":{"line":155,"column":42},"end":{"line":155,"column":62}},"line":155},"18":{"name":"(anonymous_18)","decl":{"start":{"line":157,"column":22},"end":{"line":157,"column":23}},"loc":{"start":{"line":157,"column":29},"end":{"line":161,"column":5}},"line":157},"19":{"name":"(anonymous_19)","decl":{"start":{"line":158,"column":46},"end":{"line":158,"column":null}},"loc":{"start":{"line":160,"column":11},"end":{"line":160,"column":49}},"line":160}},"branchMap":{"0":{"loc":{"start":{"line":47,"column":2},"end":{"line":56,"column":null}},"type":"if","locations":[{"start":{"line":47,"column":2},"end":{"line":56,"column":null}},{"start":{},"end":{}}],"line":47},"1":{"loc":{"start":{"line":75,"column":4},"end":{"line":75,"column":null}},"type":"default-arg","locations":[{"start":{"line":75,"column":24},"end":{"line":75,"column":null}}],"line":75},"2":{"loc":{"start":{"line":152,"column":6},"end":{"line":152,"column":45}},"type":"default-arg","locations":[{"start":{"line":152,"column":33},"end":{"line":152,"column":45}}],"line":152},"3":{"loc":{"start":{"line":154,"column":4},"end":{"line":156,"column":null}},"type":"if","locations":[{"start":{"line":154,"column":4},"end":{"line":156,"column":null}},{"start":{},"end":{}}],"line":154}},"s":{"0":0,"1":0,"2":0,"3":0,"4":0,"5":0,"6":0,"7":16,"8":16,"9":16,"10":16,"11":16,"12":16,"13":0,"14":16,"15":16,"16":16,"17":16,"18":16,"19":1,"20":1,"21":1,"22":1,"23":1,"24":1,"25":6,"26":1,"27":1,"28":17,"29":17,"30":1,"31":1,"32":5,"33":5,"34":0,"35":2,"36":2,"37":1,"38":2,"39":2,"40":3,"41":0},"f":{"0":0,"1":16,"2":0,"3":1,"4":1,"5":1,"6":1,"7":6,"8":1,"9":1,"10":17,"11":17,"12":1,"13":1,"14":5,"15":0,"16":2,"17":2,"18":3,"19":0},"b":{"0":[0,0],"1":[16],"2":[2],"3":[1,1]},"meta":{"lastBranch":4,"lastFunction":20,"lastStatement":42,"seen":{"f:42:9:42:38":0,"s:43:28:43:Infinity":0,"s:44:21:44:Infinity":1,"s:45:2:45:Infinity":2,"s:46:2:46:Infinity":3,"b:47:2:56:Infinity:undefined:undefined:undefined:undefined":0,"s:47:2:56:Infinity":4,"s:48:23:54:Infinity":5,"s:55:4:55:Infinity":6,"f:71:2:71:Infinity":1,"b:75:24:75:Infinity":1,"s:77:4:77:Infinity":7,"s:78:19:78:Infinity":8,"s:79:4:79:Infinity":9,"s:80:4:80:Infinity":10,"s:81:4:81:Infinity":11,"s:82:4:87:Infinity":12,"f:85:6:85:7":2,"s:85:15:85:Infinity":13,"s:88:4:88:Infinity":14,"s:89:4:89:Infinity":15,"s:90:4:90:Infinity":16,"s:91:4:91:Infinity":17,"s:92:4:92:Infinity":18,"f:95:6:95:34":3,"s:96:4:96:Infinity":19,"f:99:6:99:36":4,"s:100:4:100:Infinity":20,"f:103:6:103:33":5,"s:104:4:105:Infinity":21,"f:109:6:109:23":6,"s:110:4:112:Infinity":22,"s:113:4:113:Infinity":23,"s:114:4:114:Infinity":24,"f:117:6:117:34":7,"s:118:4:118:Infinity":25,"f:121:6:121:12":8,"s:122:4:122:Infinity":26,"f:125:6:125:21":9,"s:126:4:126:Infinity":27,"f:129:6:129:11":10,"s:130:4:130:Infinity":28,"f:133:6:133:12":11,"s:134:4:134:Infinity":29,"f:137:2:137:10":12,"s:138:4:138:Infinity":30,"f:141:2:141:21":13,"s:142:4:142:Infinity":31,"f:145:2:145:5":14,"s:146:4:146:Infinity":32,"s:147:4:149:Infinity":33,"f:147:44:147:Infinity":15,"s:149:9:149:45":34,"f:152:2:152:6":16,"b:152:33:152:45":2,"s:153:20:153:Infinity":35,"b:154:4:156:Infinity:undefined:undefined:undefined:undefined":3,"s:154:4:156:Infinity":36,"s:155:6:155:Infinity":37,"f:155:35:155:36":17,"s:155:42:155:62":38,"s:157:4:161:Infinity":39,"f:157:22:157:23":18,"s:158:6:160:Infinity":40,"f:158:46:158:Infinity":19,"s:160:11:160:49":41}}}
,"/Users/47056/st/packages/core/src/RateTransposer.ts": {"path":"/Users/47056/st/packages/core/src/RateTransposer.ts","statementMap":{"0":{"start":{"line":32,"column":4},"end":{"line":32,"column":null}},"1":{"start":{"line":33,"column":4},"end":{"line":33,"column":null}},"2":{"start":{"line":34,"column":4},"end":{"line":34,"column":null}},"3":{"start":{"line":35,"column":4},"end":{"line":35,"column":null}},"4":{"start":{"line":36,"column":4},"end":{"line":36,"column":null}},"5":{"start":{"line":40,"column":4},"end":{"line":40,"column":null}},"6":{"start":{"line":44,"column":4},"end":{"line":44,"column":null}},"7":{"start":{"line":45,"column":4},"end":{"line":45,"column":null}},"8":{"start":{"line":46,"column":4},"end":{"line":46,"column":null}},"9":{"start":{"line":50,"column":4},"end":{"line":50,"column":null}},"10":{"start":{"line":51,"column":4},"end":{"line":51,"column":null}},"11":{"start":{"line":55,"column":19},"end":{"line":55,"column":null}},"12":{"start":{"line":56,"column":4},"end":{"line":56,"column":null}},"13":{"start":{"line":57,"column":4},"end":{"line":57,"column":null}},"14":{"start":{"line":61,"column":22},"end":{"line":61,"column":null}},"15":{"start":{"line":62,"column":4},"end":{"line":62,"column":null}},"16":{"start":{"line":63,"column":28},"end":{"line":63,"column":null}},"17":{"start":{"line":64,"column":4},"end":{"line":64,"column":null}},"18":{"start":{"line":65,"column":4},"end":{"line":65,"column":null}},"19":{"start":{"line":69,"column":4},"end":{"line":71,"column":null}},"20":{"start":{"line":70,"column":6},"end":{"line":70,"column":null}},"21":{"start":{"line":73,"column":16},"end":{"line":73,"column":null}},"22":{"start":{"line":74,"column":22},"end":{"line":74,"column":null}},"23":{"start":{"line":76,"column":17},"end":{"line":76,"column":null}},"24":{"start":{"line":77,"column":23},"end":{"line":77,"column":null}},"25":{"start":{"line":79,"column":15},"end":{"line":79,"column":null}},"26":{"start":{"line":80,"column":12},"end":{"line":80,"column":null}},"27":{"start":{"line":82,"column":4},"end":{"line":91,"column":null}},"28":{"start":{"line":83,"column":6},"end":{"line":85,"column":null}},"29":{"start":{"line":86,"column":6},"end":{"line":88,"column":null}},"30":{"start":{"line":89,"column":6},"end":{"line":89,"column":null}},"31":{"start":{"line":90,"column":6},"end":{"line":90,"column":null}},"32":{"start":{"line":93,"column":4},"end":{"line":93,"column":null}},"33":{"start":{"line":95,"column":4},"end":{"line":117,"column":null}},"34":{"start":{"line":97,"column":6},"end":{"line":116,"column":null}},"35":{"start":{"line":97,"column":11},"end":{"line":116,"column":null}},"36":{"start":{"line":98,"column":8},"end":{"line":104,"column":null}},"37":{"start":{"line":99,"column":10},"end":{"line":99,"column":null}},"38":{"start":{"line":100,"column":10},"end":{"line":100,"column":null}},"39":{"start":{"line":101,"column":10},"end":{"line":103,"column":null}},"40":{"start":{"line":102,"column":12},"end":{"line":102,"column":null}},"41":{"start":{"line":106,"column":25},"end":{"line":106,"column":null}},"42":{"start":{"line":107,"column":8},"end":{"line":109,"column":null}},"43":{"start":{"line":110,"column":8},"end":{"line":112,"column":null}},"44":{"start":{"line":114,"column":8},"end":{"line":114,"column":null}},"45":{"start":{"line":115,"column":8},"end":{"line":115,"column":null}},"46":{"start":{"line":119,"column":4},"end":{"line":119,"column":null}},"47":{"start":{"line":120,"column":4},"end":{"line":120,"column":null}},"48":{"start":{"line":122,"column":4},"end":{"line":122,"column":null}}},"fnMap":{"0":{"name":"(anonymous_0)","decl":{"start":{"line":31,"column":2},"end":{"line":31,"column":14}},"loc":{"start":{"line":31,"column":39},"end":{"line":37,"column":null}},"line":31},"1":{"name":"(anonymous_1)","decl":{"start":{"line":39,"column":6},"end":{"line":39,"column":11}},"loc":{"start":{"line":39,"column":25},"end":{"line":41,"column":null}},"line":39},"2":{"name":"(anonymous_2)","decl":{"start":{"line":43,"column":10},"end":{"line":43,"column":24}},"loc":{"start":{"line":43,"column":24},"end":{"line":47,"column":null}},"line":43},"3":{"name":"(anonymous_3)","decl":{"start":{"line":49,"column":11},"end":{"line":49,"column":25}},"loc":{"start":{"line":49,"column":25},"end":{"line":52,"column":null}},"line":49},"4":{"name":"(anonymous_4)","decl":{"start":{"line":54,"column":2},"end":{"line":54,"column":26}},"loc":{"start":{"line":54,"column":26},"end":{"line":58,"column":null}},"line":54},"5":{"name":"(anonymous_5)","decl":{"start":{"line":60,"column":2},"end":{"line":60,"column":18}},"loc":{"start":{"line":60,"column":18},"end":{"line":66,"column":null}},"line":60},"6":{"name":"(anonymous_6)","decl":{"start":{"line":68,"column":2},"end":{"line":68,"column":12}},"loc":{"start":{"line":68,"column":35},"end":{"line":123,"column":null}},"line":68}},"branchMap":{"0":{"loc":{"start":{"line":68,"column":12},"end":{"line":68,"column":35}},"type":"default-arg","locations":[{"start":{"line":68,"column":24},"end":{"line":68,"column":35}}],"line":68},"1":{"loc":{"start":{"line":69,"column":4},"end":{"line":71,"column":null}},"type":"if","locations":[{"start":{"line":69,"column":4},"end":{"line":71,"column":null}},{"start":{},"end":{}}],"line":69},"2":{"loc":{"start":{"line":95,"column":4},"end":{"line":117,"column":null}},"type":"if","locations":[{"start":{"line":95,"column":4},"end":{"line":117,"column":null}},{"start":{},"end":{}}],"line":95},"3":{"loc":{"start":{"line":101,"column":10},"end":{"line":103,"column":null}},"type":"if","locations":[{"start":{"line":101,"column":10},"end":{"line":103,"column":null}},{"start":{},"end":{}}],"line":101}},"s":{"0":56,"1":56,"2":56,"3":56,"4":56,"5":66,"6":5,"7":5,"8":5,"9":5,"10":5,"11":1,"12":1,"13":1,"14":7,"15":7,"16":7,"17":7,"18":7,"19":11,"20":1,"21":10,"22":10,"23":10,"24":10,"25":10,"26":10,"27":10,"28":11,"29":11,"30":11,"31":11,"32":10,"33":10,"34":10,"35":10,"36":121513,"37":107042,"38":107042,"39":107042,"40":10,"41":121503,"42":121503,"43":121503,"44":121503,"45":121503,"46":10,"47":10,"48":10},"f":{"0":56,"1":66,"2":5,"3":5,"4":1,"5":7,"6":11},"b":{"0":[11],"1":[1,10],"2":[10,0],"3":[10,107032]},"meta":{"lastBranch":4,"lastFunction":7,"lastStatement":49,"seen":{"f:31:2:31:14":0,"s:32:4:32:Infinity":0,"s:33:4:33:Infinity":1,"s:34:4:34:Infinity":2,"s:35:4:35:Infinity":3,"s:36:4:36:Infinity":4,"f:39:6:39:11":1,"s:40:4:40:Infinity":5,"f:43:10:43:24":2,"s:44:4:44:Infinity":6,"s:45:4:45:Infinity":7,"s:46:4:46:Infinity":8,"f:49:11:49:25":3,"s:50:4:50:Infinity":9,"s:51:4:51:Infinity":10,"f:54:2:54:26":4,"s:55:19:55:Infinity":11,"s:56:4:56:Infinity":12,"s:57:4:57:Infinity":13,"f:60:2:60:18":5,"s:61:22:61:Infinity":14,"s:62:4:62:Infinity":15,"s:63:28:63:Infinity":16,"s:64:4:64:Infinity":17,"s:65:4:65:Infinity":18,"f:68:2:68:12":6,"b:68:24:68:35":0,"b:69:4:71:Infinity:undefined:undefined:undefined:undefined":1,"s:69:4:71:Infinity":19,"s:70:6:70:Infinity":20,"s:73:16:73:Infinity":21,"s:74:22:74:Infinity":22,"s:76:17:76:Infinity":23,"s:77:23:77:Infinity":24,"s:79:15:79:Infinity":25,"s:80:12:80:Infinity":26,"s:82:4:91:Infinity":27,"s:83:6:85:Infinity":28,"s:86:6:88:Infinity":29,"s:89:6:89:Infinity":30,"s:90:6:90:Infinity":31,"s:93:4:93:Infinity":32,"b:95:4:117:Infinity:undefined:undefined:undefined:undefined":2,"s:95:4:117:Infinity":33,"s:97:6:116:Infinity":34,"s:97:11:116:Infinity":35,"s:98:8:104:Infinity":36,"s:99:10:99:Infinity":37,"s:100:10:100:Infinity":38,"b:101:10:103:Infinity:undefined:undefined:undefined:undefined":3,"s:101:10:103:Infinity":39,"s:102:12:102:Infinity":40,"s:106:25:106:Infinity":41,"s:107:8:109:Infinity":42,"s:110:8:112:Infinity":43,"s:114:8:114:Infinity":44,"s:115:8:115:Infinity":45,"s:119:4:119:Infinity":46,"s:120:4:120:Infinity":47,"s:122:4:122:Infinity":48}}}
,"/Users/47056/st/packages/core/src/SimpleFilter.ts": {"path":"/Users/47056/st/packages/core/src/SimpleFilter.ts","statementMap":{"0":{"start":{"line":48,"column":4},"end":{"line":48,"column":null}},"1":{"start":{"line":49,"column":4},"end":{"line":49,"column":null}},"2":{"start":{"line":50,"column":4},"end":{"line":50,"column":null}},"3":{"start":{"line":51,"column":4},"end":{"line":51,"column":null}},"4":{"start":{"line":52,"column":4},"end":{"line":52,"column":null}},"5":{"start":{"line":53,"column":4},"end":{"line":53,"column":null}},"6":{"start":{"line":54,"column":4},"end":{"line":54,"column":null}},"7":{"start":{"line":58,"column":4},"end":{"line":58,"column":null}},"8":{"start":{"line":62,"column":4},"end":{"line":66,"column":null}},"9":{"start":{"line":63,"column":6},"end":{"line":65,"column":null}},"10":{"start":{"line":68,"column":6},"end":{"line":68,"column":null}},"11":{"start":{"line":69,"column":4},"end":{"line":71,"column":null}},"12":{"start":{"line":70,"column":6},"end":{"line":70,"column":null}},"13":{"start":{"line":72,"column":4},"end":{"line":72,"column":null}},"14":{"start":{"line":73,"column":4},"end":{"line":73,"column":null}},"15":{"start":{"line":77,"column":4},"end":{"line":77,"column":null}},"16":{"start":{"line":81,"column":4},"end":{"line":81,"column":null}},"17":{"start":{"line":82,"column":4},"end":{"line":82,"column":null}},"18":{"start":{"line":86,"column":4},"end":{"line":86,"column":null}},"19":{"start":{"line":90,"column":20},"end":{"line":90,"column":null}},"20":{"start":{"line":91,"column":31},"end":{"line":95,"column":null}},"21":{"start":{"line":96,"column":4},"end":{"line":96,"column":null}},"22":{"start":{"line":97,"column":4},"end":{"line":97,"column":null}},"23":{"start":{"line":101,"column":4},"end":{"line":101,"column":null}},"24":{"start":{"line":103,"column":31},"end":{"line":106,"column":null}},"25":{"start":{"line":107,"column":4},"end":{"line":111,"column":null}},"26":{"start":{"line":113,"column":26},"end":{"line":113,"column":null}},"27":{"start":{"line":114,"column":4},"end":{"line":114,"column":null}},"28":{"start":{"line":115,"column":4},"end":{"line":117,"column":null}},"29":{"start":{"line":119,"column":4},"end":{"line":119,"column":null}},"30":{"start":{"line":120,"column":4},"end":{"line":120,"column":null}},"31":{"start":{"line":124,"column":4},"end":{"line":124,"column":null}},"32":{"start":{"line":128,"column":4},"end":{"line":128,"column":null}},"33":{"start":{"line":129,"column":4},"end":{"line":129,"column":null}}},"fnMap":{"0":{"name":"(anonymous_0)","decl":{"start":{"line":37,"column":2},"end":{"line":37,"column":null}},"loc":{"start":{"line":47,"column":4},"end":{"line":55,"column":null}},"line":47},"1":{"name":"(anonymous_1)","decl":{"start":{"line":57,"column":6},"end":{"line":57,"column":25}},"loc":{"start":{"line":57,"column":25},"end":{"line":59,"column":null}},"line":57},"2":{"name":"(anonymous_2)","decl":{"start":{"line":61,"column":6},"end":{"line":61,"column":15}},"loc":{"start":{"line":61,"column":33},"end":{"line":74,"column":null}},"line":61},"3":{"name":"(anonymous_3)","decl":{"start":{"line":76,"column":6},"end":{"line":76,"column":31}},"loc":{"start":{"line":76,"column":31},"end":{"line":78,"column":null}},"line":76},"4":{"name":"(anonymous_4)","decl":{"start":{"line":80,"column":6},"end":{"line":80,"column":21}},"loc":{"start":{"line":80,"column":45},"end":{"line":83,"column":null}},"line":80},"5":{"name":"(anonymous_5)","decl":{"start":{"line":85,"column":2},"end":{"line":85,"column":16}},"loc":{"start":{"line":85,"column":16},"end":{"line":87,"column":null}},"line":85},"6":{"name":"(anonymous_6)","decl":{"start":{"line":89,"column":11},"end":{"line":89,"column":27}},"loc":{"start":{"line":89,"column":48},"end":{"line":98,"column":null}},"line":89},"7":{"name":"(anonymous_7)","decl":{"start":{"line":100,"column":2},"end":{"line":100,"column":10}},"loc":{"start":{"line":100,"column":55},"end":{"line":121,"column":null}},"line":100},"8":{"name":"(anonymous_8)","decl":{"start":{"line":123,"column":2},"end":{"line":123,"column":19}},"loc":{"start":{"line":123,"column":56},"end":{"line":125,"column":null}},"line":123},"9":{"name":"(anonymous_9)","decl":{"start":{"line":127,"column":11},"end":{"line":127,"column":25}},"loc":{"start":{"line":127,"column":25},"end":{"line":130,"column":null}},"line":127}},"branchMap":{"0":{"loc":{"start":{"line":46,"column":4},"end":{"line":46,"column":null}},"type":"default-arg","locations":[{"start":{"line":46,"column":27},"end":{"line":46,"column":null}}],"line":46},"1":{"loc":{"start":{"line":62,"column":4},"end":{"line":66,"column":null}},"type":"if","locations":[{"start":{"line":62,"column":4},"end":{"line":66,"column":null}},{"start":{},"end":{}}],"line":62},"2":{"loc":{"start":{"line":69,"column":4},"end":{"line":71,"column":null}},"type":"if","locations":[{"start":{"line":69,"column":4},"end":{"line":71,"column":null}},{"start":{},"end":{}}],"line":69},"3":{"loc":{"start":{"line":89,"column":27},"end":{"line":89,"column":48}},"type":"default-arg","locations":[{"start":{"line":89,"column":39},"end":{"line":89,"column":48}}],"line":89},"4":{"loc":{"start":{"line":100,"column":32},"end":{"line":100,"column":55}},"type":"default-arg","locations":[{"start":{"line":100,"column":44},"end":{"line":100,"column":55}}],"line":100}},"s":{"0":28,"1":28,"2":28,"3":28,"4":28,"5":28,"6":28,"7":3,"8":1,"9":1,"10":0,"11":0,"12":0,"13":0,"14":0,"15":6,"16":2,"17":2,"18":2,"19":5,"20":5,"21":5,"22":5,"23":4,"24":4,"25":4,"26":4,"27":4,"28":4,"29":4,"30":4,"31":1,"32":3,"33":3},"f":{"0":28,"1":3,"2":1,"3":6,"4":2,"5":2,"6":5,"7":4,"8":1,"9":3},"b":{"0":[28],"1":[1,0],"2":[0,0],"3":[5],"4":[4]},"meta":{"lastBranch":5,"lastFunction":10,"lastStatement":34,"seen":{"f:37:2:37:Infinity":0,"b:46:27:46:Infinity":0,"s:48:4:48:Infinity":0,"s:49:4:49:Infinity":1,"s:50:4:50:Infinity":2,"s:51:4:51:Infinity":3,"s:52:4:52:Infinity":4,"s:53:4:53:Infinity":5,"s:54:4:54:Infinity":6,"f:57:6:57:25":1,"s:58:4:58:Infinity":7,"f:61:6:61:15":2,"b:62:4:66:Infinity:undefined:undefined:undefined:undefined":1,"s:62:4:66:Infinity":8,"s:63:6:65:Infinity":9,"s:68:6:68:Infinity":10,"b:69:4:71:Infinity:undefined:undefined:undefined:undefined":2,"s:69:4:71:Infinity":11,"s:70:6:70:Infinity":12,"s:72:4:72:Infinity":13,"s:73:4:73:Infinity":14,"f:76:6:76:31":3,"s:77:4:77:Infinity":15,"f:80:6:80:21":4,"s:81:4:81:Infinity":16,"s:82:4:82:Infinity":17,"f:85:2:85:16":5,"s:86:4:86:Infinity":18,"f:89:11:89:27":6,"b:89:39:89:48":3,"s:90:20:90:Infinity":19,"s:91:31:95:Infinity":20,"s:96:4:96:Infinity":21,"s:97:4:97:Infinity":22,"f:100:2:100:10":7,"b:100:44:100:55":4,"s:101:4:101:Infinity":23,"s:103:31:106:Infinity":24,"s:107:4:111:Infinity":25,"s:113:26:113:Infinity":26,"s:114:4:114:Infinity":27,"s:115:4:117:Infinity":28,"s:119:4:119:Infinity":29,"s:120:4:120:Infinity":30,"f:123:2:123:19":8,"s:124:4:124:Infinity":31,"f:127:11:127:25":9,"s:128:4:128:Infinity":32,"s:129:4:129:Infinity":33}}}
,"/Users/47056/st/packages/core/src/SoundTouch.ts": {"path":"/Users/47056/st/packages/core/src/SoundTouch.ts","statementMap":{"0":{"start":{"line":44,"column":4},"end":{"line":44,"column":null}},"1":{"start":{"line":45,"column":4},"end":{"line":45,"column":null}},"2":{"start":{"line":47,"column":4},"end":{"line":47,"column":null}},"3":{"start":{"line":48,"column":4},"end":{"line":48,"column":null}},"4":{"start":{"line":49,"column":4},"end":{"line":49,"column":null}},"5":{"start":{"line":51,"column":4},"end":{"line":51,"column":null}},"6":{"start":{"line":52,"column":4},"end":{"line":52,"column":null}},"7":{"start":{"line":54,"column":4},"end":{"line":54,"column":null}},"8":{"start":{"line":55,"column":4},"end":{"line":55,"column":null}},"9":{"start":{"line":56,"column":4},"end":{"line":56,"column":null}},"10":{"start":{"line":58,"column":4},"end":{"line":58,"column":null}},"11":{"start":{"line":62,"column":4},"end":{"line":62,"column":null}},"12":{"start":{"line":63,"column":4},"end":{"line":63,"column":null}},"13":{"start":{"line":67,"column":19},"end":{"line":67,"column":null}},"14":{"start":{"line":68,"column":4},"end":{"line":68,"column":null}},"15":{"start":{"line":69,"column":4},"end":{"line":69,"column":null}},"16":{"start":{"line":70,"column":4},"end":{"line":70,"column":null}},"17":{"start":{"line":74,"column":4},"end":{"line":74,"column":null}},"18":{"start":{"line":78,"column":4},"end":{"line":78,"column":null}},"19":{"start":{"line":79,"column":4},"end":{"line":79,"column":null}},"20":{"start":{"line":83,"column":4},"end":{"line":83,"column":null}},"21":{"start":{"line":87,"column":4},"end":{"line":87,"column":null}},"22":{"start":{"line":91,"column":4},"end":{"line":91,"column":null}},"23":{"start":{"line":92,"column":4},"end":{"line":92,"column":null}},"24":{"start":{"line":96,"column":4},"end":{"line":96,"column":null}},"25":{"start":{"line":100,"column":4},"end":{"line":100,"column":null}},"26":{"start":{"line":101,"column":4},"end":{"line":101,"column":null}},"27":{"start":{"line":105,"column":4},"end":{"line":105,"column":null}},"28":{"start":{"line":106,"column":4},"end":{"line":106,"column":null}},"29":{"start":{"line":110,"column":4},"end":{"line":110,"column":null}},"30":{"start":{"line":114,"column":4},"end":{"line":114,"column":null}},"31":{"start":{"line":118,"column":4},"end":{"line":118,"column":null}},"32":{"start":{"line":122,"column":26},"end":{"line":122,"column":null}},"33":{"start":{"line":123,"column":25},"end":{"line":123,"column":null}},"34":{"start":{"line":125,"column":4},"end":{"line":125,"column":null}},"35":{"start":{"line":126,"column":4},"end":{"line":126,"column":null}},"36":{"start":{"line":128,"column":4},"end":{"line":130,"column":null}},"37":{"start":{"line":129,"column":6},"end":{"line":129,"column":null}},"38":{"start":{"line":131,"column":4},"end":{"line":133,"column":null}},"39":{"start":{"line":132,"column":6},"end":{"line":132,"column":null}},"40":{"start":{"line":135,"column":4},"end":{"line":151,"column":null}},"41":{"start":{"line":136,"column":6},"end":{"line":142,"column":null}},"42":{"start":{"line":137,"column":8},"end":{"line":137,"column":null}},"43":{"start":{"line":138,"column":8},"end":{"line":138,"column":null}},"44":{"start":{"line":140,"column":8},"end":{"line":140,"column":null}},"45":{"start":{"line":141,"column":8},"end":{"line":141,"column":null}},"46":{"start":{"line":144,"column":6},"end":{"line":150,"column":null}},"47":{"start":{"line":145,"column":8},"end":{"line":145,"column":null}},"48":{"start":{"line":146,"column":8},"end":{"line":146,"column":null}},"49":{"start":{"line":148,"column":8},"end":{"line":148,"column":null}},"50":{"start":{"line":149,"column":8},"end":{"line":149,"column":null}},"51":{"start":{"line":155,"column":4},"end":{"line":161,"column":null}},"52":{"start":{"line":156,"column":6},"end":{"line":156,"column":null}},"53":{"start":{"line":157,"column":6},"end":{"line":157,"column":null}},"54":{"start":{"line":159,"column":6},"end":{"line":159,"column":null}},"55":{"start":{"line":160,"column":6},"end":{"line":160,"column":null}}},"fnMap":{"0":{"name":"(anonymous_0)","decl":{"start":{"line":43,"column":2},"end":{"line":43,"column":16}},"loc":{"start":{"line":43,"column":16},"end":{"line":59,"column":null}},"line":43},"1":{"name":"(anonymous_1)","decl":{"start":{"line":61,"column":2},"end":{"line":61,"column":16}},"loc":{"start":{"line":61,"column":16},"end":{"line":64,"column":null}},"line":61},"2":{"name":"(anonymous_2)","decl":{"start":{"line":66,"column":2},"end":{"line":66,"column":22}},"loc":{"start":{"line":66,"column":22},"end":{"line":71,"column":null}},"line":66},"3":{"name":"(anonymous_3)","decl":{"start":{"line":73,"column":6},"end":{"line":73,"column":21}},"loc":{"start":{"line":73,"column":21},"end":{"line":75,"column":null}},"line":73},"4":{"name":"(anonymous_4)","decl":{"start":{"line":77,"column":6},"end":{"line":77,"column":11}},"loc":{"start":{"line":77,"column":25},"end":{"line":80,"column":null}},"line":77},"5":{"name":"(anonymous_5)","decl":{"start":{"line":82,"column":6},"end":{"line":82,"column":17}},"loc":{"start":{"line":82,"column":37},"end":{"line":84,"column":null}},"line":82},"6":{"name":"(anonymous_6)","decl":{"start":{"line":86,"column":6},"end":{"line":86,"column":22}},"loc":{"start":{"line":86,"column":22},"end":{"line":88,"column":null}},"line":86},"7":{"name":"(anonymous_7)","decl":{"start":{"line":90,"column":6},"end":{"line":90,"column":12}},"loc":{"start":{"line":90,"column":27},"end":{"line":93,"column":null}},"line":90},"8":{"name":"(anonymous_8)","decl":{"start":{"line":95,"column":6},"end":{"line":95,"column":18}},"loc":{"start":{"line":95,"column":39},"end":{"line":97,"column":null}},"line":95},"9":{"name":"(anonymous_9)","decl":{"start":{"line":99,"column":6},"end":{"line":99,"column":12}},"loc":{"start":{"line":99,"column":27},"end":{"line":102,"column":null}},"line":99},"10":{"name":"(anonymous_10)","decl":{"start":{"line":104,"column":6},"end":{"line":104,"column":19}},"loc":{"start":{"line":104,"column":41},"end":{"line":107,"column":null}},"line":104},"11":{"name":"(anonymous_11)","decl":{"start":{"line":109,"column":6},"end":{"line":109,"column":21}},"loc":{"start":{"line":109,"column":45},"end":{"line":111,"column":null}},"line":109},"12":{"name":"(anonymous_12)","decl":{"start":{"line":113,"column":6},"end":{"line":113,"column":38}},"loc":{"start":{"line":113,"column":38},"end":{"line":115,"column":null}},"line":113},"13":{"name":"(anonymous_13)","decl":{"start":{"line":117,"column":6},"end":{"line":117,"column":39}},"loc":{"start":{"line":117,"column":39},"end":{"line":119,"column":null}},"line":117},"14":{"name":"(anonymous_14)","decl":{"start":{"line":121,"column":2},"end":{"line":121,"column":41}},"loc":{"start":{"line":121,"column":41},"end":{"line":152,"column":null}},"line":121},"15":{"name":"(anonymous_15)","decl":{"start":{"line":154,"column":2},"end":{"line":154,"column":18}},"loc":{"start":{"line":154,"column":18},"end":{"line":162,"column":null}},"line":154}},"branchMap":{"0":{"loc":{"start":{"line":128,"column":4},"end":{"line":130,"column":null}},"type":"if","locations":[{"start":{"line":128,"column":4},"end":{"line":130,"column":null}},{"start":{},"end":{}}],"line":128},"1":{"loc":{"start":{"line":131,"column":4},"end":{"line":133,"column":null}},"type":"if","locations":[{"start":{"line":131,"column":4},"end":{"line":133,"column":null}},{"start":{},"end":{}}],"line":131},"2":{"loc":{"start":{"line":135,"column":4},"end":{"line":151,"column":null}},"type":"if","locations":[{"start":{"line":135,"column":4},"end":{"line":151,"column":null}},{"start":{"line":143,"column":11},"end":{"line":151,"column":null}}],"line":135},"3":{"loc":{"start":{"line":136,"column":6},"end":{"line":142,"column":null}},"type":"if","locations":[{"start":{"line":136,"column":6},"end":{"line":142,"column":null}},{"start":{},"end":{}}],"line":136},"4":{"loc":{"start":{"line":144,"column":6},"end":{"line":150,"column":null}},"type":"if","locations":[{"start":{"line":144,"column":6},"end":{"line":150,"column":null}},{"start":{},"end":{}}],"line":144},"5":{"loc":{"start":{"line":155,"column":4},"end":{"line":161,"column":null}},"type":"if","locations":[{"start":{"line":155,"column":4},"end":{"line":161,"column":null}},{"start":{"line":158,"column":11},"end":{"line":161,"column":null}}],"line":155}},"s":{"0":45,"1":45,"2":45,"3":45,"4":45,"5":45,"6":45,"7":45,"8":45,"9":45,"10":45,"11":4,"12":4,"13":1,"14":1,"15":1,"16":1,"17":7,"18":24,"19":24,"20":1,"21":7,"22":23,"23":23,"24":1,"25":6,"26":6,"27":4,"28":4,"29":3,"30":17,"31":26,"32":102,"33":102,"34":102,"35":102,"36":102,"37":55,"38":102,"39":58,"40":102,"41":17,"42":11,"43":11,"44":11,"45":11,"46":85,"47":45,"48":45,"49":45,"50":45,"51":6,"52":1,"53":1,"54":5,"55":5},"f":{"0":45,"1":4,"2":1,"3":7,"4":24,"5":1,"6":7,"7":23,"8":1,"9":6,"10":4,"11":3,"12":17,"13":26,"14":102,"15":6},"b":{"0":[55,47],"1":[58,44],"2":[17,85],"3":[11,6],"4":[45,40],"5":[1,5]},"meta":{"lastBranch":6,"lastFunction":16,"lastStatement":56,"seen":{"f:43:2:43:16":0,"s:44:4:44:Infinity":0,"s:45:4:45:Infinity":1,"s:47:4:47:Infinity":2,"s:48:4:48:Infinity":3,"s:49:4:49:Infinity":4,"s:51:4:51:Infinity":5,"s:52:4:52:Infinity":6,"s:54:4:54:Infinity":7,"s:55:4:55:Infinity":8,"s:56:4:56:Infinity":9,"s:58:4:58:Infinity":10,"f:61:2:61:16":1,"s:62:4:62:Infinity":11,"s:63:4:63:Infinity":12,"f:66:2:66:22":2,"s:67:19:67:Infinity":13,"s:68:4:68:Infinity":14,"s:69:4:69:Infinity":15,"s:70:4:70:Infinity":16,"f:73:6:73:21":3,"s:74:4:74:Infinity":17,"f:77:6:77:11":4,"s:78:4:78:Infinity":18,"s:79:4:79:Infinity":19,"f:82:6:82:17":5,"s:83:4:83:Infinity":20,"f:86:6:86:22":6,"s:87:4:87:Infinity":21,"f:90:6:90:12":7,"s:91:4:91:Infinity":22,"s:92:4:92:Infinity":23,"f:95:6:95:18":8,"s:96:4:96:Infinity":24,"f:99:6:99:12":9,"s:100:4:100:Infinity":25,"s:101:4:101:Infinity":26,"f:104:6:104:19":10,"s:105:4:105:Infinity":27,"s:106:4:106:Infinity":28,"f:109:6:109:21":11,"s:110:4:110:Infinity":29,"f:113:6:113:38":12,"s:114:4:114:Infinity":30,"f:117:6:117:39":13,"s:118:4:118:Infinity":31,"f:121:2:121:41":14,"s:122:26:122:Infinity":32,"s:123:25:123:Infinity":33,"s:125:4:125:Infinity":34,"s:126:4:126:Infinity":35,"b:128:4:130:Infinity:undefined:undefined:undefined:undefined":0,"s:128:4:130:Infinity":36,"s:129:6:129:Infinity":37,"b:131:4:133:Infinity:undefined:undefined:undefined:undefined":1,"s:131:4:133:Infinity":38,"s:132:6:132:Infinity":39,"b:135:4:151:Infinity:143:11:151:Infinity":2,"s:135:4:151:Infinity":40,"b:136:6:142:Infinity:undefined:undefined:undefined:undefined":3,"s:136:6:142:Infinity":41,"s:137:8:137:Infinity":42,"s:138:8:138:Infinity":43,"s:140:8:140:Infinity":44,"s:141:8:141:Infinity":45,"b:144:6:150:Infinity:undefined:undefined:undefined:undefined":4,"s:144:6:150:Infinity":46,"s:145:8:145:Infinity":47,"s:146:8:146:Infinity":48,"s:148:8:148:Infinity":49,"s:149:8:149:Infinity":50,"f:154:2:154:18":15,"b:155:4:161:Infinity:158:11:161:Infinity":5,"s:155:4:161:Infinity":51,"s:156:6:156:Infinity":52,"s:157:6:157:Infinity":53,"s:159:6:159:Infinity":54,"s:160:6:160:Infinity":55}}}
,"/Users/47056/st/packages/core/src/Stretch.ts": {"path":"/Users/47056/st/packages/core/src/Stretch.ts","statementMap":{"0":{"start":{"line":25,"column":30},"end":{"line":25,"column":null}},"1":{"start":{"line":26,"column":28},"end":{"line":26,"column":null}},"2":{"start":{"line":28,"column":32},"end":{"line":28,"column":null}},"3":{"start":{"line":29,"column":30},"end":{"line":29,"column":null}},"4":{"start":{"line":31,"column":27},"end":{"line":31,"column":null}},"5":{"start":{"line":33,"column":54},"end":{"line":47,"column":null}},"6":{"start":{"line":49,"column":26},"end":{"line":49,"column":null}},"7":{"start":{"line":50,"column":26},"end":{"line":50,"column":null}},"8":{"start":{"line":52,"column":23},"end":{"line":52,"column":null}},"9":{"start":{"line":53,"column":23},"end":{"line":53,"column":null}},"10":{"start":{"line":54,"column":6},"end":{"line":55,"column":null}},"11":{"start":{"line":56,"column":18},"end":{"line":56,"column":null}},"12":{"start":{"line":58,"column":24},"end":{"line":58,"column":null}},"13":{"start":{"line":59,"column":24},"end":{"line":59,"column":null}},"14":{"start":{"line":60,"column":6},"end":{"line":61,"column":null}},"15":{"start":{"line":62,"column":19},"end":{"line":62,"column":null}},"16":{"start":{"line":84,"column":4},"end":{"line":84,"column":null}},"17":{"start":{"line":85,"column":4},"end":{"line":85,"column":null}},"18":{"start":{"line":86,"column":4},"end":{"line":86,"column":null}},"19":{"start":{"line":88,"column":4},"end":{"line":88,"column":null}},"20":{"start":{"line":89,"column":4},"end":{"line":89,"column":null}},"21":{"start":{"line":91,"column":4},"end":{"line":91,"column":null}},"22":{"start":{"line":92,"column":4},"end":{"line":92,"column":null}},"23":{"start":{"line":94,"column":4},"end":{"line":94,"column":null}},"24":{"start":{"line":95,"column":4},"end":{"line":100,"column":null}},"25":{"start":{"line":104,"column":4},"end":{"line":104,"column":null}},"26":{"start":{"line":105,"column":4},"end":{"line":105,"column":null}},"27":{"start":{"line":109,"column":4},"end":{"line":109,"column":null}},"28":{"start":{"line":110,"column":4},"end":{"line":110,"column":null}},"29":{"start":{"line":112,"column":4},"end":{"line":114,"column":null}},"30":{"start":{"line":113,"column":6},"end":{"line":113,"column":null}},"31":{"start":{"line":116,"column":4},"end":{"line":116,"column":null}},"32":{"start":{"line":125,"column":4},"end":{"line":127,"column":null}},"33":{"start":{"line":126,"column":6},"end":{"line":126,"column":null}},"34":{"start":{"line":129,"column":4},"end":{"line":131,"column":null}},"35":{"start":{"line":130,"column":6},"end":{"line":130,"column":null}},"36":{"start":{"line":133,"column":4},"end":{"line":138,"column":null}},"37":{"start":{"line":134,"column":6},"end":{"line":134,"column":null}},"38":{"start":{"line":135,"column":6},"end":{"line":135,"column":null}},"39":{"start":{"line":137,"column":6},"end":{"line":137,"column":null}},"40":{"start":{"line":140,"column":4},"end":{"line":145,"column":null}},"41":{"start":{"line":141,"column":6},"end":{"line":141,"column":null}},"42":{"start":{"line":142,"column":6},"end":{"line":142,"column":null}},"43":{"start":{"line":144,"column":6},"end":{"line":144,"column":null}},"44":{"start":{"line":147,"column":4},"end":{"line":147,"column":null}},"45":{"start":{"line":148,"column":4},"end":{"line":148,"column":null}},"46":{"start":{"line":149,"column":4},"end":{"line":149,"column":null}},"47":{"start":{"line":153,"column":4},"end":{"line":153,"column":null}},"48":{"start":{"line":155,"column":4},"end":{"line":155,"column":null}},"49":{"start":{"line":157,"column":4},"end":{"line":158,"column":null}},"50":{"start":{"line":159,"column":4},"end":{"line":159,"column":null}},"51":{"start":{"line":160,"column":20},"end":{"line":160,"column":null}},"52":{"start":{"line":162,"column":4},"end":{"line":164,"column":null}},"53":{"start":{"line":168,"column":4},"end":{"line":168,"column":null}},"54":{"start":{"line":172,"column":4},"end":{"line":172,"column":null}},"55":{"start":{"line":176,"column":4},"end":{"line":178,"column":null}},"56":{"start":{"line":183,"column":18},"end":{"line":183,"column":null}},"57":{"start":{"line":184,"column":4},"end":{"line":184,"column":null}},"58":{"start":{"line":187,"column":4},"end":{"line":187,"column":null}},"59":{"start":{"line":189,"column":4},"end":{"line":189,"column":null}},"60":{"start":{"line":191,"column":4},"end":{"line":191,"column":null}},"61":{"start":{"line":192,"column":4},"end":{"line":192,"column":null}},"62":{"start":{"line":196,"column":4},"end":{"line":196,"column":null}},"63":{"start":{"line":200,"column":4},"end":{"line":204,"column":null}},"64":{"start":{"line":201,"column":16},"end":{"line":201,"column":null}},"65":{"start":{"line":202,"column":6},"end":{"line":202,"column":null}},"66":{"start":{"line":203,"column":6},"end":{"line":203,"column":null}},"67":{"start":{"line":206,"column":4},"end":{"line":210,"column":null}},"68":{"start":{"line":207,"column":17},"end":{"line":207,"column":null}},"69":{"start":{"line":208,"column":6},"end":{"line":208,"column":null}},"70":{"start":{"line":209,"column":6},"end":{"line":209,"column":null}},"71":{"start":{"line":212,"column":4},"end":{"line":214,"column":null}},"72":{"start":{"line":215,"column":4},"end":{"line":215,"column":null}},"73":{"start":{"line":219,"column":4},"end":{"line":219,"column":null}},"74":{"start":{"line":223,"column":19},"end":{"line":223,"column":null}},"75":{"start":{"line":224,"column":4},"end":{"line":224,"column":null}},"76":{"start":{"line":225,"column":4},"end":{"line":230,"column":null}},"77":{"start":{"line":231,"column":4},"end":{"line":231,"column":null}},"78":{"start":{"line":235,"column":4},"end":{"line":237,"column":null}},"79":{"start":{"line":245,"column":4},"end":{"line":245,"column":null}},"80":{"start":{"line":247,"column":4},"end":{"line":247,"column":null}},"81":{"start":{"line":248,"column":4},"end":{"line":248,"column":null}},"82":{"start":{"line":250,"column":4},"end":{"line":260,"column":null}},"83":{"start":{"line":250,"column":17},"end":{"line":250,"column":20}},"84":{"start":{"line":251,"column":6},"end":{"line":254,"column":null}},"85":{"start":{"line":256,"column":6},"end":{"line":259,"column":null}},"86":{"start":{"line":257,"column":8},"end":{"line":257,"column":null}},"87":{"start":{"line":258,"column":8},"end":{"line":258,"column":null}},"88":{"start":{"line":262,"column":4},"end":{"line":262,"column":null}},"89":{"start":{"line":272,"column":4},"end":{"line":272,"column":null}},"90":{"start":{"line":274,"column":4},"end":{"line":274,"column":null}},"91":{"start":{"line":275,"column":4},"end":{"line":275,"column":null}},"92":{"start":{"line":276,"column":4},"end":{"line":276,"column":null}},"93":{"start":{"line":278,"column":4},"end":{"line":298,"column":null}},"94":{"start":{"line":278,"column":25},"end":{"line":278,"column":28}},"95":{"start":{"line":279,"column":14},"end":{"line":279,"column":null}},"96":{"start":{"line":280,"column":6},"end":{"line":296,"column":null}},"97":{"start":{"line":281,"column":8},"end":{"line":281,"column":null}},"98":{"start":{"line":282,"column":8},"end":{"line":284,"column":null}},"99":{"start":{"line":283,"column":10},"end":{"line":283,"column":null}},"100":{"start":{"line":286,"column":8},"end":{"line":289,"column":null}},"101":{"start":{"line":291,"column":8},"end":{"line":294,"column":null}},"102":{"start":{"line":292,"column":10},"end":{"line":292,"column":null}},"103":{"start":{"line":293,"column":10},"end":{"line":293,"column":null}},"104":{"start":{"line":295,"column":8},"end":{"line":295,"column":null}},"105":{"start":{"line":297,"column":6},"end":{"line":297,"column":null}},"106":{"start":{"line":300,"column":4},"end":{"line":300,"column":null}},"107":{"start":{"line":304,"column":4},"end":{"line":309,"column":null}},"108":{"start":{"line":304,"column":17},"end":{"line":304,"column":20}},"109":{"start":{"line":305,"column":19},"end":{"line":305,"column":null}},"110":{"start":{"line":306,"column":18},"end":{"line":306,"column":null}},"111":{"start":{"line":307,"column":6},"end":{"line":307,"column":null}},"112":{"start":{"line":308,"column":6},"end":{"line":308,"column":null}},"113":{"start":{"line":316,"column":19},"end":{"line":316,"column":null}},"114":{"start":{"line":317,"column":4},"end":{"line":317,"column":null}},"115":{"start":{"line":319,"column":22},"end":{"line":319,"column":null}},"116":{"start":{"line":320,"column":23},"end":{"line":320,"column":null}},"117":{"start":{"line":322,"column":4},"end":{"line":327,"column":null}},"118":{"start":{"line":322,"column":17},"end":{"line":322,"column":20}},"119":{"start":{"line":323,"column":27},"end":{"line":323,"column":null}},"120":{"start":{"line":324,"column":6},"end":{"line":326,"column":null}},"121":{"start":{"line":329,"column":4},"end":{"line":329,"column":null}},"122":{"start":{"line":333,"column":4},"end":{"line":333,"column":null}},"123":{"start":{"line":337,"column":18},"end":{"line":337,"column":null}},"124":{"start":{"line":338,"column":4},"end":{"line":338,"column":null}},"125":{"start":{"line":340,"column":19},"end":{"line":340,"column":null}},"126":{"start":{"line":341,"column":27},"end":{"line":341,"column":null}},"127":{"start":{"line":343,"column":23},"end":{"line":343,"column":null}},"128":{"start":{"line":345,"column":4},"end":{"line":355,"column":null}},"129":{"start":{"line":345,"column":17},"end":{"line":345,"column":20}},"130":{"start":{"line":346,"column":12},"end":{"line":346,"column":null}},"131":{"start":{"line":347,"column":17},"end":{"line":347,"column":null}},"132":{"start":{"line":348,"column":18},"end":{"line":348,"column":null}},"133":{"start":{"line":349,"column":26},"end":{"line":349,"column":null}},"134":{"start":{"line":350,"column":27},"end":{"line":350,"column":null}},"135":{"start":{"line":351,"column":6},"end":{"line":352,"column":null}},"136":{"start":{"line":353,"column":6},"end":{"line":354,"column":null}},"137":{"start":{"line":359,"column":4},"end":{"line":365,"column":null}},"138":{"start":{"line":360,"column":6},"end":{"line":362,"column":null}},"139":{"start":{"line":361,"column":8},"end":{"line":361,"column":null}},"140":{"start":{"line":363,"column":6},"end":{"line":363,"column":null}},"141":{"start":{"line":364,"column":6},"end":{"line":364,"column":null}},"142":{"start":{"line":367,"column":4},"end":{"line":397,"column":null}},"143":{"start":{"line":368,"column":21},"end":{"line":368,"column":null}},"144":{"start":{"line":370,"column":6},"end":{"line":370,"column":null}},"145":{"start":{"line":371,"column":6},"end":{"line":371,"column":null}},"146":{"start":{"line":372,"column":6},"end":{"line":372,"column":null}},"147":{"start":{"line":374,"column":19},"end":{"line":374,"column":null}},"148":{"start":{"line":375,"column":6},"end":{"line":381,"column":null}},"149":{"start":{"line":376,"column":8},"end":{"line":380,"column":null}},"150":{"start":{"line":384,"column":8},"end":{"line":385,"column":null}},"151":{"start":{"line":386,"column":6},"end":{"line":391,"column":null}},"152":{"start":{"line":393,"column":6},"end":{"line":393,"column":null}},"153":{"start":{"line":394,"column":26},"end":{"line":394,"column":null}},"154":{"start":{"line":395,"column":6},"end":{"line":395,"column":null}},"155":{"start":{"line":396,"column":6},"end":{"line":396,"column":null}}},"fnMap":{"0":{"name":"(anonymous_0)","decl":{"start":{"line":83,"column":2},"end":{"line":83,"column":14}},"loc":{"start":{"line":83,"column":39},"end":{"line":101,"column":null}},"line":83},"1":{"name":"(anonymous_1)","decl":{"start":{"line":103,"column":11},"end":{"line":103,"column":25}},"loc":{"start":{"line":103,"column":25},"end":{"line":106,"column":null}},"line":103},"2":{"name":"(anonymous_2)","decl":{"start":{"line":108,"column":2},"end":{"line":108,"column":25}},"loc":{"start":{"line":108,"column":25},"end":{"line":117,"column":null}},"line":108},"3":{"name":"(anonymous_3)","decl":{"start":{"line":119,"column":2},"end":{"line":119,"column":null}},"loc":{"start":{"line":124,"column":10},"end":{"line":150,"column":null}},"line":124},"4":{"name":"(anonymous_4)","decl":{"start":{"line":152,"column":6},"end":{"line":152,"column":12}},"loc":{"start":{"line":152,"column":30},"end":{"line":165,"column":null}},"line":152},"5":{"name":"(anonymous_5)","decl":{"start":{"line":167,"column":6},"end":{"line":167,"column":22}},"loc":{"start":{"line":167,"column":22},"end":{"line":169,"column":null}},"line":167},"6":{"name":"(anonymous_6)","decl":{"start":{"line":171,"column":6},"end":{"line":171,"column":31}},"loc":{"start":{"line":171,"column":31},"end":{"line":173,"column":null}},"line":171},"7":{"name":"(anonymous_7)","decl":{"start":{"line":175,"column":6},"end":{"line":175,"column":32}},"loc":{"start":{"line":175,"column":32},"end":{"line":180,"column":null}},"line":175},"8":{"name":"(anonymous_8)","decl":{"start":{"line":182,"column":2},"end":{"line":182,"column":25}},"loc":{"start":{"line":182,"column":50},"end":{"line":193,"column":null}},"line":182},"9":{"name":"(anonymous_9)","decl":{"start":{"line":195,"column":10},"end":{"line":195,"column":22}},"loc":{"start":{"line":195,"column":65},"end":{"line":197,"column":null}},"line":195},"10":{"name":"(anonymous_10)","decl":{"start":{"line":199,"column":10},"end":{"line":199,"column":46}},"loc":{"start":{"line":199,"column":46},"end":{"line":216,"column":null}},"line":199},"11":{"name":"(anonymous_11)","decl":{"start":{"line":218,"column":6},"end":{"line":218,"column":16}},"loc":{"start":{"line":218,"column":33},"end":{"line":220,"column":null}},"line":218},"12":{"name":"(anonymous_12)","decl":{"start":{"line":222,"column":2},"end":{"line":222,"column":19}},"loc":{"start":{"line":222,"column":19},"end":{"line":232,"column":null}},"line":222},"13":{"name":"(anonymous_13)","decl":{"start":{"line":234,"column":2},"end":{"line":234,"column":36}},"loc":{"start":{"line":234,"column":36},"end":{"line":238,"column":null}},"line":234},"14":{"name":"(anonymous_14)","decl":{"start":{"line":240,"column":10},"end":{"line":240,"column":50}},"loc":{"start":{"line":240,"column":50},"end":{"line":263,"column":null}},"line":240},"15":{"name":"(anonymous_15)","decl":{"start":{"line":265,"column":10},"end":{"line":265,"column":55}},"loc":{"start":{"line":265,"column":55},"end":{"line":301,"column":null}},"line":265},"16":{"name":"(anonymous_16)","decl":{"start":{"line":303,"column":10},"end":{"line":303,"column":57}},"loc":{"start":{"line":303,"column":57},"end":{"line":310,"column":null}},"line":303},"17":{"name":"(anonymous_17)","decl":{"start":{"line":312,"column":10},"end":{"line":312,"column":null}},"loc":{"start":{"line":315,"column":12},"end":{"line":330,"column":null}},"line":315},"18":{"name":"(anonymous_18)","decl":{"start":{"line":332,"column":10},"end":{"line":332,"column":18}},"loc":{"start":{"line":332,"column":49},"end":{"line":334,"column":null}},"line":332},"19":{"name":"(anonymous_19)","decl":{"start":{"line":336,"column":10},"end":{"line":336,"column":24}},"loc":{"start":{"line":336,"column":53},"end":{"line":356,"column":null}},"line":336},"20":{"name":"(anonymous_20)","decl":{"start":{"line":358,"column":2},"end":{"line":358,"column":18}},"loc":{"start":{"line":358,"column":18},"end":{"line":398,"column":null}},"line":358}},"branchMap":{"0":{"loc":{"start":{"line":112,"column":4},"end":{"line":114,"column":null}},"type":"if","locations":[{"start":{"line":112,"column":4},"end":{"line":114,"column":null}},{"start":{},"end":{}}],"line":112},"1":{"loc":{"start":{"line":125,"column":4},"end":{"line":127,"column":null}},"type":"if","locations":[{"start":{"line":125,"column":4},"end":{"line":127,"column":null}},{"start":{},"end":{}}],"line":125},"2":{"loc":{"start":{"line":129,"column":4},"end":{"line":131,"column":null}},"type":"if","locations":[{"start":{"line":129,"column":4},"end":{"line":131,"column":null}},{"start":{},"end":{}}],"line":129},"3":{"loc":{"start":{"line":133,"column":4},"end":{"line":138,"column":null}},"type":"if","locations":[{"start":{"line":133,"column":4},"end":{"line":138,"column":null}},{"start":{"line":136,"column":11},"end":{"line":138,"column":null}}],"line":133},"4":{"loc":{"start":{"line":140,"column":4},"end":{"line":145,"column":null}},"type":"if","locations":[{"start":{"line":140,"column":4},"end":{"line":145,"column":null}},{"start":{"line":143,"column":11},"end":{"line":145,"column":null}}],"line":140},"5":{"loc":{"start":{"line":182,"column":25},"end":{"line":182,"column":50}},"type":"default-arg","locations":[{"start":{"line":182,"column":41},"end":{"line":182,"column":50}}],"line":182},"6":{"loc":{"start":{"line":184,"column":13},"end":{"line":184,"column":null}},"type":"cond-expr","locations":[{"start":{"line":184,"column":27},"end":{"line":184,"column":32}},{"start":{"line":184,"column":32},"end":{"line":184,"column":null}}],"line":184},"7":{"loc":{"start":{"line":196,"column":11},"end":{"line":196,"column":null}},"type":"cond-expr","locations":[{"start":{"line":196,"column":20},"end":{"line":196,"column":25}},{"start":{"line":196,"column":25},"end":{"line":196,"column":null}}],"line":196},"8":{"loc":{"start":{"line":196,"column":25},"end":{"line":196,"column":null}},"type":"cond-expr","locations":[{"start":{"line":196,"column":34},"end":{"line":196,"column":39}},{"start":{"line":196,"column":39},"end":{"line":196,"column":null}}],"line":196},"9":{"loc":{"start":{"line":200,"column":4},"end":{"line":204,"column":null}},"type":"if","locations":[{"start":{"line":200,"column":4},"end":{"line":204,"column":null}},{"start":{},"end":{}}],"line":200},"10":{"loc":{"start":{"line":206,"column":4},"end":{"line":210,"column":null}},"type":"if","locations":[{"start":{"line":206,"column":4},"end":{"line":210,"column":null}},{"start":{},"end":{}}],"line":206},"11":{"loc":{"start":{"line":235,"column":11},"end":{"line":237,"column":null}},"type":"cond-expr","locations":[{"start":{"line":236,"column":8},"end":{"line":236,"column":null}},{"start":{"line":237,"column":8},"end":{"line":237,"column":null}}],"line":235},"12":{"loc":{"start":{"line":256,"column":6},"end":{"line":259,"column":null}},"type":"if","locations":[{"start":{"line":256,"column":6},"end":{"line":259,"column":null}},{"start":{},"end":{}}],"line":256},"13":{"loc":{"start":{"line":282,"column":8},"end":{"line":284,"column":null}},"type":"if","locations":[{"start":{"line":282,"column":8},"end":{"line":284,"column":null}},{"start":{},"end":{}}],"line":282},"14":{"loc":{"start":{"line":291,"column":8},"end":{"line":294,"column":null}},"type":"if","locations":[{"start":{"line":291,"column":8},"end":{"line":294,"column":null}},{"start":{},"end":{}}],"line":291},"15":{"loc":{"start":{"line":359,"column":4},"end":{"line":365,"column":null}},"type":"if","locations":[{"start":{"line":359,"column":4},"end":{"line":365,"column":null}},{"start":{},"end":{}}],"line":359},"16":{"loc":{"start":{"line":360,"column":6},"end":{"line":362,"column":null}},"type":"if","locations":[{"start":{"line":360,"column":6},"end":{"line":362,"column":null}},{"start":{},"end":{}}],"line":360},"17":{"loc":{"start":{"line":375,"column":6},"end":{"line":381,"column":null}},"type":"if","locations":[{"start":{"line":375,"column":6},"end":{"line":381,"column":null}},{"start":{},"end":{}}],"line":375}},"s":{"0":5,"1":5,"2":5,"3":5,"4":5,"5":5,"6":5,"7":5,"8":5,"9":5,"10":5,"11":5,"12":5,"13":5,"14":5,"15":5,"16":59,"17":59,"18":59,"19":59,"20":59,"21":59,"22":59,"23":59,"24":59,"25":6,"26":6,"27":6,"28":6,"29":6,"30":6,"31":6,"32":62,"33":62,"34":62,"35":62,"36":62,"37":2,"38":2,"39":60,"40":62,"41":2,"42":2,"43":60,"44":62,"45":62,"46":62,"47":124,"48":124,"49":124,"50":124,"51":124,"52":124,"53":3,"54":1,"55":1,"56":62,"57":62,"58":62,"59":62,"60":62,"61":62,"62":364,"63":186,"64":182,"65":182,"66":182,"67":186,"68":182,"69":182,"70":182,"71":186,"72":186,"73":2,"74":1,"75":1,"76":1,"77":1,"78":31,"79":0,"80":0,"81":0,"82":0,"83":0,"84":0,"85":0,"86":0,"87":0,"88":0,"89":31,"90":31,"91":31,"92":31,"93":31,"94":31,"95":124,"96":124,"97":1240,"98":1240,"99":31,"100":1209,"101":1209,"102":117,"103":117,"104":1209,"105":124,"106":31,"107":31,"108":31,"109":10912,"110":10912,"111":10912,"112":10912,"113":1209,"114":1209,"115":1209,"116":1209,"117":1209,"118":1209,"119":424359,"120":424359,"121":1209,"122":30,"123":30,"124":30,"125":30,"126":30,"127":30,"128":30,"129":30,"130":10560,"131":10560,"132":10560,"133":10560,"134":10560,"135":10560,"136":10560,"137":8,"138":0,"139":0,"140":0,"141":0,"142":8,"143":30,"144":30,"145":30,"146":30,"147":30,"148":30,"149":30,"150":30,"151":30,"152":30,"153":30,"154":30,"155":30},"f":{"0":59,"1":6,"2":6,"3":62,"4":124,"5":3,"6":1,"7":1,"8":62,"9":364,"10":186,"11":2,"12":1,"13":31,"14":0,"15":31,"16":31,"17":1209,"18":30,"19":30,"20":8},"b":{"0":[6,0],"1":[62,0],"2":[62,0],"3":[2,60],"4":[2,60],"5":[62],"6":[0,62],"7":[0,364],"8":[0,364],"9":[182,4],"10":[182,4],"11":[31,0],"12":[0,0],"13":[31,1209],"14":[117,1092],"15":[0,8],"16":[0,0],"17":[30,0]},"meta":{"lastBranch":18,"lastFunction":21,"lastStatement":156,"seen":{"s:25:30:25:Infinity":0,"s:26:28:26:Infinity":1,"s:28:32:28:Infinity":2,"s:29:30:29:Infinity":3,"s:31:27:31:Infinity":4,"s:33:54:47:Infinity":5,"s:49:26:49:Infinity":6,"s:50:26:50:Infinity":7,"s:52:23:52:Infinity":8,"s:53:23:53:Infinity":9,"s:54:6:55:Infinity":10,"s:56:18:56:Infinity":11,"s:58:24:58:Infinity":12,"s:59:24:59:Infinity":13,"s:60:6:61:Infinity":14,"s:62:19:62:Infinity":15,"f:83:2:83:14":0,"s:84:4:84:Infinity":16,"s:85:4:85:Infinity":17,"s:86:4:86:Infinity":18,"s:88:4:88:Infinity":19,"s:89:4:89:Infinity":20,"s:91:4:91:Infinity":21,"s:92:4:92:Infinity":22,"s:94:4:94:Infinity":23,"s:95:4:100:Infinity":24,"f:103:11:103:25":1,"s:104:4:104:Infinity":25,"s:105:4:105:Infinity":26,"f:108:2:108:25":2,"s:109:4:109:Infinity":27,"s:110:4:110:Infinity":28,"b:112:4:114:Infinity:undefined:undefined:undefined:undefined":0,"s:112:4:114:Infinity":29,"s:113:6:113:Infinity":30,"s:116:4:116:Infinity":31,"f:119:2:119:Infinity":3,"b:125:4:127:Infinity:undefined:undefined:undefined:undefined":1,"s:125:4:127:Infinity":32,"s:126:6:126:Infinity":33,"b:129:4:131:Infinity:undefined:undefined:undefined:undefined":2,"s:129:4:131:Infinity":34,"s:130:6:130:Infinity":35,"b:133:4:138:Infinity:136:11:138:Infinity":3,"s:133:4:138:Infinity":36,"s:134:6:134:Infinity":37,"s:135:6:135:Infinity":38,"s:137:6:137:Infinity":39,"b:140:4:145:Infinity:143:11:145:Infinity":4,"s:140:4:145:Infinity":40,"s:141:6:141:Infinity":41,"s:142:6:142:Infinity":42,"s:144:6:144:Infinity":43,"s:147:4:147:Infinity":44,"s:148:4:148:Infinity":45,"s:149:4:149:Infinity":46,"f:152:6:152:12":4,"s:153:4:153:Infinity":47,"s:155:4:155:Infinity":48,"s:157:4:158:Infinity":49,"s:159:4:159:Infinity":50,"s:160:20:160:Infinity":51,"s:162:4:164:Infinity":52,"f:167:6:167:22":5,"s:168:4:168:Infinity":53,"f:171:6:171:31":6,"s:172:4:172:Infinity":54,"f:175:6:175:32":7,"s:176:4:178:Infinity":55,"f:182:2:182:25":8,"b:182:41:182:50":5,"s:183:18:183:Infinity":56,"s:184:4:184:Infinity":57,"b:184:27:184:32:184:32:184:Infinity":6,"s:187:4:187:Infinity":58,"s:189:4:189:Infinity":59,"s:191:4:191:Infinity":60,"s:192:4:192:Infinity":61,"f:195:10:195:22":9,"s:196:4:196:Infinity":62,"b:196:20:196:25:196:25:196:Infinity":7,"b:196:34:196:39:196:39:196:Infinity":8,"f:199:10:199:46":10,"b:200:4:204:Infinity:undefined:undefined:undefined:undefined":9,"s:200:4:204:Infinity":63,"s:201:16:201:Infinity":64,"s:202:6:202:Infinity":65,"s:203:6:203:Infinity":66,"b:206:4:210:Infinity:undefined:undefined:undefined:undefined":10,"s:206:4:210:Infinity":67,"s:207:17:207:Infinity":68,"s:208:6:208:Infinity":69,"s:209:6:209:Infinity":70,"s:212:4:214:Infinity":71,"s:215:4:215:Infinity":72,"f:218:6:218:16":11,"s:219:4:219:Infinity":73,"f:222:2:222:19":12,"s:223:19:223:Infinity":74,"s:224:4:224:Infinity":75,"s:225:4:230:Infinity":76,"s:231:4:231:Infinity":77,"f:234:2:234:36":13,"s:235:4:237:Infinity":78,"b:236:8:236:Infinity:237:8:237:Infinity":11,"f:240:10:240:50":14,"s:245:4:245:Infinity":79,"s:247:4:247:Infinity":80,"s:248:4:248:Infinity":81,"s:250:4:260:Infinity":82,"s:250:17:250:20":83,"s:251:6:254:Infinity":84,"b:256:6:259:Infinity:undefined:undefined:undefined:undefined":12,"s:256:6:259:Infinity":85,"s:257:8:257:Infinity":86,"s:258:8:258:Infinity":87,"s:262:4:262:Infinity":88,"f:265:10:265:55":15,"s:272:4:272:Infinity":89,"s:274:4:274:Infinity":90,"s:275:4:275:Infinity":91,"s:276:4:276:Infinity":92,"s:278:4:298:Infinity":93,"s:278:25:278:28":94,"s:279:14:279:Infinity":95,"s:280:6:296:Infinity":96,"s:281:8:281:Infinity":97,"b:282:8:284:Infinity:undefined:undefined:undefined:undefined":13,"s:282:8:284:Infinity":98,"s:283:10:283:Infinity":99,"s:286:8:289:Infinity":100,"b:291:8:294:Infinity:undefined:undefined:undefined:undefined":14,"s:291:8:294:Infinity":101,"s:292:10:292:Infinity":102,"s:293:10:293:Infinity":103,"s:295:8:295:Infinity":104,"s:297:6:297:Infinity":105,"s:300:4:300:Infinity":106,"f:303:10:303:57":16,"s:304:4:309:Infinity":107,"s:304:17:304:20":108,"s:305:19:305:Infinity":109,"s:306:18:306:Infinity":110,"s:307:6:307:Infinity":111,"s:308:6:308:Infinity":112,"f:312:10:312:Infinity":17,"s:316:19:316:Infinity":113,"s:317:4:317:Infinity":114,"s:319:22:319:Infinity":115,"s:320:23:320:Infinity":116,"s:322:4:327:Infinity":117,"s:322:17:322:20":118,"s:323:27:323:Infinity":119,"s:324:6:326:Infinity":120,"s:329:4:329:Infinity":121,"f:332:10:332:18":18,"s:333:4:333:Infinity":122,"f:336:10:336:24":19,"s:337:18:337:Infinity":123,"s:338:4:338:Infinity":124,"s:340:19:340:Infinity":125,"s:341:27:341:Infinity":126,"s:343:23:343:Infinity":127,"s:345:4:355:Infinity":128,"s:345:17:345:20":129,"s:346:12:346:Infinity":130,"s:347:17:347:Infinity":131,"s:348:18:348:Infinity":132,"s:349:26:349:Infinity":133,"s:350:27:350:Infinity":134,"s:351:6:352:Infinity":135,"s:353:6:354:Infinity":136,"f:358:2:358:18":20,"b:359:4:365:Infinity:undefined:undefined:undefined:undefined":15,"s:359:4:365:Infinity":137,"b:360:6:362:Infinity:undefined:undefined:undefined:undefined":16,"s:360:6:362:Infinity":138,"s:361:8:361:Infinity":139,"s:363:6:363:Infinity":140,"s:364:6:364:Infinity":141,"s:367:4:397:Infinity":142,"s:368:21:368:Infinity":143,"s:370:6:370:Infinity":144,"s:371:6:371:Infinity":145,"s:372:6:372:Infinity":146,"s:374:19:374:Infinity":147,"b:375:6:381:Infinity:undefined:undefined:undefined:undefined":17,"s:375:6:381:Infinity":148,"s:376:8:380:Infinity":149,"s:384:8:385:Infinity":150,"s:386:6:391:Infinity":151,"s:393:6:393:Infinity":152,"s:394:26:394:Infinity":153,"s:395:6:395:Infinity":154,"s:396:6:396:Infinity":155}}}
,"/Users/47056/st/packages/core/src/WebAudioBufferSource.ts": {"path":"/Users/47056/st/packages/core/src/WebAudioBufferSource.ts","statementMap":{"0":{"start":{"line":28,"column":4},"end":{"line":28,"column":null}},"1":{"start":{"line":29,"column":4},"end":{"line":29,"column":null}},"2":{"start":{"line":33,"column":4},"end":{"line":33,"column":null}},"3":{"start":{"line":37,"column":4},"end":{"line":37,"column":null}},"4":{"start":{"line":41,"column":4},"end":{"line":41,"column":null}},"5":{"start":{"line":45,"column":4},"end":{"line":45,"column":null}},"6":{"start":{"line":46,"column":17},"end":{"line":46,"column":null}},"7":{"start":{"line":47,"column":18},"end":{"line":49,"column":null}},"8":{"start":{"line":51,"column":4},"end":{"line":54,"column":null}},"9":{"start":{"line":51,"column":17},"end":{"line":51,"column":20}},"10":{"start":{"line":52,"column":6},"end":{"line":52,"column":null}},"11":{"start":{"line":53,"column":6},"end":{"line":53,"column":null}},"12":{"start":{"line":55,"column":4},"end":{"line":55,"column":null}}},"fnMap":{"0":{"name":"(anonymous_0)","decl":{"start":{"line":27,"column":2},"end":{"line":27,"column":14}},"loc":{"start":{"line":27,"column":35},"end":{"line":30,"column":null}},"line":27},"1":{"name":"(anonymous_1)","decl":{"start":{"line":32,"column":6},"end":{"line":32,"column":29}},"loc":{"start":{"line":32,"column":29},"end":{"line":34,"column":null}},"line":32},"2":{"name":"(anonymous_2)","decl":{"start":{"line":36,"column":6},"end":{"line":36,"column":25}},"loc":{"start":{"line":36,"column":25},"end":{"line":38,"column":null}},"line":36},"3":{"name":"(anonymous_3)","decl":{"start":{"line":40,"column":6},"end":{"line":40,"column":15}},"loc":{"start":{"line":40,"column":30},"end":{"line":42,"column":null}},"line":40},"4":{"name":"(anonymous_4)","decl":{"start":{"line":44,"column":2},"end":{"line":44,"column":10}},"loc":{"start":{"line":44,"column":69},"end":{"line":56,"column":null}},"line":44}},"branchMap":{"0":{"loc":{"start":{"line":44,"column":32},"end":{"line":44,"column":47}},"type":"default-arg","locations":[{"start":{"line":44,"column":44},"end":{"line":44,"column":47}}],"line":44},"1":{"loc":{"start":{"line":44,"column":47},"end":{"line":44,"column":69}},"type":"default-arg","locations":[{"start":{"line":44,"column":58},"end":{"line":44,"column":69}}],"line":44},"2":{"loc":{"start":{"line":47,"column":18},"end":{"line":49,"column":null}},"type":"cond-expr","locations":[{"start":{"line":48,"column":8},"end":{"line":48,"column":null}},{"start":{"line":49,"column":8},"end":{"line":49,"column":null}}],"line":47}},"s":{"0":24,"1":24,"2":6,"3":4,"4":5,"5":4,"6":4,"7":4,"8":4,"9":4,"10":22,"11":22,"12":4},"f":{"0":24,"1":6,"2":4,"3":5,"4":4},"b":{"0":[4],"1":[4],"2":[3,1]},"meta":{"lastBranch":3,"lastFunction":5,"lastStatement":13,"seen":{"f:27:2:27:14":0,"s:28:4:28:Infinity":0,"s:29:4:29:Infinity":1,"f:32:6:32:29":1,"s:33:4:33:Infinity":2,"f:36:6:36:25":2,"s:37:4:37:Infinity":3,"f:40:6:40:15":3,"s:41:4:41:Infinity":4,"f:44:2:44:10":4,"b:44:44:44:47":0,"b:44:58:44:69":1,"s:45:4:45:Infinity":5,"s:46:17:46:Infinity":6,"s:47:18:49:Infinity":7,"b:48:8:48:Infinity:49:8:49:Infinity":2,"s:51:4:54:Infinity":8,"s:51:17:51:20":9,"s:52:6:52:Infinity":10,"s:53:6:53:Infinity":11,"s:55:4:55:Infinity":12}}}
,"/Users/47056/st/packages/core/src/getWebAudioNode.ts": {"path":"/Users/47056/st/packages/core/src/getWebAudioNode.ts","statementMap":{"0":{"start":{"line":32,"column":15},"end":{"line":32,"column":null}},"1":{"start":{"line":33,"column":18},"end":{"line":33,"column":null}},"2":{"start":{"line":35,"column":2},"end":{"line":47,"column":null}},"3":{"start":{"line":36,"column":17},"end":{"line":36,"column":null}},"4":{"start":{"line":37,"column":18},"end":{"line":37,"column":null}},"5":{"start":{"line":38,"column":28},"end":{"line":38,"column":null}},"6":{"start":{"line":39,"column":4},"end":{"line":39,"column":null}},"7":{"start":{"line":40,"column":4},"end":{"line":42,"column":null}},"8":{"start":{"line":41,"column":6},"end":{"line":41,"column":null}},"9":{"start":{"line":43,"column":4},"end":{"line":46,"column":null}},"10":{"start":{"line":43,"column":17},"end":{"line":43,"column":20}},"11":{"start":{"line":44,"column":6},"end":{"line":44,"column":null}},"12":{"start":{"line":45,"column":6},"end":{"line":45,"column":null}},"13":{"start":{"line":48,"column":2},"end":{"line":48,"column":null}}},"fnMap":{"0":{"name":"getWebAudioNode","decl":{"start":{"line":26,"column":24},"end":{"line":26,"column":null}},"loc":{"start":{"line":31,"column":23},"end":{"line":49,"column":null}},"line":31},"1":{"name":"(anonymous_1)","decl":{"start":{"line":35,"column":24},"end":{"line":35,"column":25}},"loc":{"start":{"line":35,"column":57},"end":{"line":47,"column":null}},"line":35}},"branchMap":{"0":{"loc":{"start":{"line":29,"column":2},"end":{"line":29,"column":null}},"type":"default-arg","locations":[{"start":{"line":29,"column":51},"end":{"line":29,"column":null}}],"line":29},"1":{"loc":{"start":{"line":30,"column":2},"end":{"line":30,"column":null}},"type":"default-arg","locations":[{"start":{"line":30,"column":15},"end":{"line":30,"column":null}}],"line":30},"2":{"loc":{"start":{"line":40,"column":4},"end":{"line":42,"column":null}},"type":"if","locations":[{"start":{"line":40,"column":4},"end":{"line":42,"column":null}},{"start":{},"end":{}}],"line":40}},"s":{"0":20,"1":20,"2":20,"3":2,"4":2,"5":2,"6":2,"7":2,"8":1,"9":2,"10":2,"11":4096,"12":4096,"13":20},"f":{"0":20,"1":2},"b":{"0":[20],"1":[20],"2":[1,1]},"meta":{"lastBranch":3,"lastFunction":2,"lastStatement":14,"seen":{"f:26:24:26:Infinity":0,"b:29:51:29:Infinity":0,"b:30:15:30:Infinity":1,"s:32:15:32:Infinity":0,"s:33:18:33:Infinity":1,"s:35:2:47:Infinity":2,"f:35:24:35:25":1,"s:36:17:36:Infinity":3,"s:37:18:37:Infinity":4,"s:38:28:38:Infinity":5,"s:39:4:39:Infinity":6,"b:40:4:42:Infinity:undefined:undefined:undefined:undefined":2,"s:40:4:42:Infinity":7,"s:41:6:41:Infinity":8,"s:43:4:46:Infinity":9,"s:43:17:43:20":10,"s:44:6:44:Infinity":11,"s:45:6:45:Infinity":12,"s:48:2:48:Infinity":13}}}
,"/Users/47056/st/packages/core/src/minsSecs.ts": {"path":"/Users/47056/st/packages/core/src/minsSecs.ts","statementMap":{"0":{"start":{"line":24,"column":12},"end":{"line":24,"column":null}},"1":{"start":{"line":25,"column":2},"end":{"line":25,"column":null}},"2":{"start":{"line":29,"column":15},"end":{"line":29,"column":null}},"3":{"start":{"line":30,"column":18},"end":{"line":30,"column":null}},"4":{"start":{"line":31,"column":2},"end":{"line":31,"column":null}}},"fnMap":{"0":{"name":"pad","decl":{"start":{"line":23,"column":9},"end":{"line":23,"column":13}},"loc":{"start":{"line":23,"column":56},"end":{"line":26,"column":null}},"line":23},"1":{"name":"minsSecs","decl":{"start":{"line":28,"column":24},"end":{"line":28,"column":33}},"loc":{"start":{"line":28,"column":55},"end":{"line":32,"column":null}},"line":28}},"branchMap":{"0":{"loc":{"start":{"line":23,"column":39},"end":{"line":23,"column":56}},"type":"default-arg","locations":[{"start":{"line":23,"column":43},"end":{"line":23,"column":56}}],"line":23},"1":{"loc":{"start":{"line":25,"column":9},"end":{"line":25,"column":null}},"type":"cond-expr","locations":[{"start":{"line":25,"column":29},"end":{"line":25,"column":33}},{"start":{"line":25,"column":33},"end":{"line":25,"column":null}}],"line":25}},"s":{"0":17,"1":17,"2":17,"3":17,"4":17},"f":{"0":17,"1":17},"b":{"0":[17],"1":[3,14]},"meta":{"lastBranch":2,"lastFunction":2,"lastStatement":5,"seen":{"f:23:9:23:13":0,"b:23:43:23:56":0,"s:24:12:24:Infinity":0,"s:25:2:25:Infinity":1,"b:25:29:25:33:25:33:25:Infinity":1,"f:28:24:28:33":1,"s:29:15:29:Infinity":2,"s:30:18:30:Infinity":3,"s:31:2:31:Infinity":4}}}
,"/Users/47056/st/packages/core/src/noop.ts": {"path":"/Users/47056/st/packages/core/src/noop.ts","statementMap":{"0":{"start":{"line":24,"column":2},"end":{"line":24,"column":null}}},"fnMap":{"0":{"name":"noop","decl":{"start":{"line":23,"column":24},"end":{"line":23,"column":37}},"loc":{"start":{"line":23,"column":37},"end":{"line":25,"column":null}},"line":23}},"branchMap":{},"s":{"0":4},"f":{"0":4},"b":{},"meta":{"lastBranch":0,"lastFunction":1,"lastStatement":1,"seen":{"f:23:24:23:37":0,"s:24:2:24:Infinity":0}}}
,"/Users/47056/st/packages/core/src/testFloatEqual.ts": {"path":"/Users/47056/st/packages/core/src/testFloatEqual.ts","statementMap":{"0":{"start":{"line":24,"column":2},"end":{"line":24,"column":null}}},"fnMap":{"0":{"name":"testFloatEqual","decl":{"start":{"line":23,"column":24},"end":{"line":23,"column":39}},"loc":{"start":{"line":23,"column":70},"end":{"line":25,"column":null}},"line":23}},"branchMap":{"0":{"loc":{"start":{"line":24,"column":10},"end":{"line":24,"column":35}},"type":"cond-expr","locations":[{"start":{"line":24,"column":18},"end":{"line":24,"column":26}},{"start":{"line":24,"column":26},"end":{"line":24,"column":35}}],"line":24}},"s":{"0":213},"f":{"0":213},"b":{"0":[106,107]},"meta":{"lastBranch":1,"lastFunction":1,"lastStatement":1,"seen":{"f:23:24:23:39":0,"s:24:2:24:Infinity":0,"b:24:18:24:26:24:26:24:35":0}}}
}
