{"numTotalTestSuites":9,"numPassedTestSuites":6,"numFailedTestSuites":3,"numPendingTestSuites":0,"numTotalTests":11,"numPassedTests":6,"numFailedTests":5,"numPendingTests":0,"numTodoTests":0,"snapshot":{"added":0,"failure":false,"filesAdded":0,"filesRemoved":0,"filesRemovedList":[],"filesUnmatched":0,"filesUpdated":0,"matched":0,"total":0,"unchecked":0,"uncheckedKeysByFile":[],"unmatched":0,"updated":0,"didUpdate":false},"startTime":1778267488388,"success":false,"testResults":[{"assertionResults":[{"ancestorTitles":["SoundTouchNode"],"fullName":"SoundTouchNode matches the shared processor constant","status":"failed","title":"matches the shared processor constant","duration":10.133917000000011,"failureMessages":["Error: Transform failed with 1 error:\n\n\u001b[31m[PARSE_ERROR] Error:\u001b[0m Unexpected token\n    \u001b[38;5;246m╭\u001b[0m\u001b[38;5;246m─\u001b[0m\u001b[38;5;246m[\u001b[0m packages/audio-worklet/src/SoundTouchNode.ts:59:1 \u001b[38;5;246m]\u001b[0m\n    \u001b[38;5;246m│\u001b[0m\n \u001b[38;5;246m59 │\u001b[0m }\n \u001b[38;5;240m   │\u001b[0m ┬  \n \u001b[38;5;240m   │\u001b[0m ╰── \n\u001b[38;5;246m────╯\u001b[0m\n\n    at transformWithOxc (file:///Users/47056/st/node_modules/.pnpm/vite@8.0.5_@types+node@25.5.2_esbuild@0.25.12_jiti@2.6.1_yaml@2.8.2/node_modules/vite/dist/node/chunks/node.js:3739:19)\n    at TransformPluginContext.transform (file:///Users/47056/st/node_modules/.pnpm/vite@8.0.5_@types+node@25.5.2_esbuild@0.25.12_jiti@2.6.1_yaml@2.8.2/node_modules/vite/dist/node/chunks/node.js:3807:26)\n    at EnvironmentPluginContainer.transform (file:///Users/47056/st/node_modules/.pnpm/vite@8.0.5_@types+node@25.5.2_esbuild@0.25.12_jiti@2.6.1_yaml@2.8.2/node_modules/vite/dist/node/chunks/node.js:30128:51)\n    at loadAndTransform (file:///Users/47056/st/node_modules/.pnpm/vite@8.0.5_@types+node@25.5.2_esbuild@0.25.12_jiti@2.6.1_yaml@2.8.2/node_modules/vite/dist/node/chunks/node.js:24459:26)"],"meta":{},"tags":[]},{"ancestorTitles":["SoundTouchNode"],"fullName":"SoundTouchNode calls audioWorklet.addModule with the given URL","status":"failed","title":"calls audioWorklet.addModule with the given URL","duration":1.9631250000000193,"failureMessages":["Error: Transform failed with 1 error:\n\n\u001b[31m[PARSE_ERROR] Error:\u001b[0m Unexpected token\n    \u001b[38;5;246m╭\u001b[0m\u001b[38;5;246m─\u001b[0m\u001b[38;5;246m[\u001b[0m packages/audio-worklet/src/SoundTouchNode.ts:59:1 \u001b[38;5;246m]\u001b[0m\n    \u001b[38;5;246m│\u001b[0m\n \u001b[38;5;246m59 │\u001b[0m }\n \u001b[38;5;240m   │\u001b[0m ┬  \n \u001b[38;5;240m   │\u001b[0m ╰── \n\u001b[38;5;246m────╯\u001b[0m\n\n    at transformWithOxc (file:///Users/47056/st/node_modules/.pnpm/vite@8.0.5_@types+node@25.5.2_esbuild@0.25.12_jiti@2.6.1_yaml@2.8.2/node_modules/vite/dist/node/chunks/node.js:3739:19)\n    at TransformPluginContext.transform (file:///Users/47056/st/node_modules/.pnpm/vite@8.0.5_@types+node@25.5.2_esbuild@0.25.12_jiti@2.6.1_yaml@2.8.2/node_modules/vite/dist/node/chunks/node.js:3807:26)\n    at EnvironmentPluginContainer.transform (file:///Users/47056/st/node_modules/.pnpm/vite@8.0.5_@types+node@25.5.2_esbuild@0.25.12_jiti@2.6.1_yaml@2.8.2/node_modules/vite/dist/node/chunks/node.js:30128:51)\n    at loadAndTransform (file:///Users/47056/st/node_modules/.pnpm/vite@8.0.5_@types+node@25.5.2_esbuild@0.25.12_jiti@2.6.1_yaml@2.8.2/node_modules/vite/dist/node/chunks/node.js:24459:26)\n    at fetchModule (file:///Users/47056/st/node_modules/.pnpm/vite@8.0.5_@types+node@25.5.2_esbuild@0.25.12_jiti@2.6.1_yaml@2.8.2/node_modules/vite/dist/node/chunks/node.js:23050:15)\n    at ModuleFetcher.fetchAndProcess (file:///Users/47056/st/node_modules/.pnpm/vitest@4.1.2_@types+node@25.5.2_vite@8.0.5_@types+node@25.5.2_esbuild@0.25.12_jiti@2.6.1_yaml@2.8.2_/node_modules/vitest/dist/chunks/cli-api.Bxr1Nn49.js:1124:43)\n    at ModuleFetcher.fetch (file:///Users/47056/st/node_modules/.pnpm/vitest@4.1.2_@types+node@25.5.2_vite@8.0.5_@types+node@25.5.2_esbuild@0.25.12_jiti@2.6.1_yaml@2.8.2_/node_modules/vitest/dist/chunks/cli-api.Bxr1Nn49.js:1004:19)\n    at Proxy.fetch (file:///Users/47056/st/node_modules/.pnpm/vitest@4.1.2_@types+node@25.5.2_vite@8.0.5_@types+node@25.5.2_esbuild@0.25.12_jiti@2.6.1_yaml@2.8.2_/node_modules/vitest/dist/chunks/cli-api.Bxr1Nn49.js:2670:11)\n    at EventEmitter.onMessage (file:///Users/47056/st/node_modules/.pnpm/vitest@4.1.2_@types+node@25.5.2_vite@8.0.5_@types+node@25.5.2_esbuild@0.25.12_jiti@2.6.1_yaml@2.8.2_/node_modules/vitest/dist/chunks/index.Chj8NDwU.js:162:14)"],"meta":{},"tags":[]},{"ancestorTitles":["SoundTouchNode"],"fullName":"SoundTouchNode registers strategy installer modules in worklet scope","status":"failed","title":"registers strategy installer modules in worklet scope","duration":1.0336250000000007,"failureMessages":["Error: Transform failed with 1 error:\n\n\u001b[31m[PARSE_ERROR] Error:\u001b[0m Unexpected token\n    \u001b[38;5;246m╭\u001b[0m\u001b[38;5;246m─\u001b[0m\u001b[38;5;246m[\u001b[0m packages/audio-worklet/src/SoundTouchNode.ts:59:1 \u001b[38;5;246m]\u001b[0m\n    \u001b[38;5;246m│\u001b[0m\n \u001b[38;5;246m59 │\u001b[0m }\n \u001b[38;5;240m   │\u001b[0m ┬  \n \u001b[38;5;240m   │\u001b[0m ╰── \n\u001b[38;5;246m────╯\u001b[0m\n\n    at transformWithOxc (file:///Users/47056/st/node_modules/.pnpm/vite@8.0.5_@types+node@25.5.2_esbuild@0.25.12_jiti@2.6.1_yaml@2.8.2/node_modules/vite/dist/node/chunks/node.js:3739:19)\n    at TransformPluginContext.transform (file:///Users/47056/st/node_modules/.pnpm/vite@8.0.5_@types+node@25.5.2_esbuild@0.25.12_jiti@2.6.1_yaml@2.8.2/node_modules/vite/dist/node/chunks/node.js:3807:26)\n    at EnvironmentPluginContainer.transform (file:///Users/47056/st/node_modules/.pnpm/vite@8.0.5_@types+node@25.5.2_esbuild@0.25.12_jiti@2.6.1_yaml@2.8.2/node_modules/vite/dist/node/chunks/node.js:30128:51)\n    at loadAndTransform (file:///Users/47056/st/node_modules/.pnpm/vite@8.0.5_@types+node@25.5.2_esbuild@0.25.12_jiti@2.6.1_yaml@2.8.2/node_modules/vite/dist/node/chunks/node.js:24459:26)\n    at fetchModule (file:///Users/47056/st/node_modules/.pnpm/vite@8.0.5_@types+node@25.5.2_esbuild@0.25.12_jiti@2.6.1_yaml@2.8.2/node_modules/vite/dist/node/chunks/node.js:23050:15)\n    at ModuleFetcher.fetchAndProcess (file:///Users/47056/st/node_modules/.pnpm/vitest@4.1.2_@types+node@25.5.2_vite@8.0.5_@types+node@25.5.2_esbuild@0.25.12_jiti@2.6.1_yaml@2.8.2_/node_modules/vitest/dist/chunks/cli-api.Bxr1Nn49.js:1124:43)\n    at ModuleFetcher.fetch (file:///Users/47056/st/node_modules/.pnpm/vitest@4.1.2_@types+node@25.5.2_vite@8.0.5_@types+node@25.5.2_esbuild@0.25.12_jiti@2.6.1_yaml@2.8.2_/node_modules/vitest/dist/chunks/cli-api.Bxr1Nn49.js:1004:19)\n    at Proxy.fetch (file:///Users/47056/st/node_modules/.pnpm/vitest@4.1.2_@types+node@25.5.2_vite@8.0.5_@types+node@25.5.2_esbuild@0.25.12_jiti@2.6.1_yaml@2.8.2_/node_modules/vitest/dist/chunks/cli-api.Bxr1Nn49.js:2670:11)\n    at EventEmitter.onMessage (file:///Users/47056/st/node_modules/.pnpm/vitest@4.1.2_@types+node@25.5.2_vite@8.0.5_@types+node@25.5.2_esbuild@0.25.12_jiti@2.6.1_yaml@2.8.2_/node_modules/vitest/dist/chunks/index.Chj8NDwU.js:162:14)"],"meta":{},"tags":[]},{"ancestorTitles":["SoundTouchNode"],"fullName":"SoundTouchNode accepts constructor options and exposes parameter accessors","status":"failed","title":"accepts constructor options and exposes parameter accessors","duration":0.9447090000000173,"failureMessages":["Error: Transform failed with 1 error:\n\n\u001b[31m[PARSE_ERROR] Error:\u001b[0m Unexpected token\n    \u001b[38;5;246m╭\u001b[0m\u001b[38;5;246m─\u001b[0m\u001b[38;5;246m[\u001b[0m packages/audio-worklet/src/SoundTouchNode.ts:59:1 \u001b[38;5;246m]\u001b[0m\n    \u001b[38;5;246m│\u001b[0m\n \u001b[38;5;246m59 │\u001b[0m }\n \u001b[38;5;240m   │\u001b[0m ┬  \n \u001b[38;5;240m   │\u001b[0m ╰── \n\u001b[38;5;246m────╯\u001b[0m\n\n    at transformWithOxc (file:///Users/47056/st/node_modules/.pnpm/vite@8.0.5_@types+node@25.5.2_esbuild@0.25.12_jiti@2.6.1_yaml@2.8.2/node_modules/vite/dist/node/chunks/node.js:3739:19)\n    at TransformPluginContext.transform (file:///Users/47056/st/node_modules/.pnpm/vite@8.0.5_@types+node@25.5.2_esbuild@0.25.12_jiti@2.6.1_yaml@2.8.2/node_modules/vite/dist/node/chunks/node.js:3807:26)\n    at EnvironmentPluginContainer.transform (file:///Users/47056/st/node_modules/.pnpm/vite@8.0.5_@types+node@25.5.2_esbuild@0.25.12_jiti@2.6.1_yaml@2.8.2/node_modules/vite/dist/node/chunks/node.js:30128:51)\n    at loadAndTransform (file:///Users/47056/st/node_modules/.pnpm/vite@8.0.5_@types+node@25.5.2_esbuild@0.25.12_jiti@2.6.1_yaml@2.8.2/node_modules/vite/dist/node/chunks/node.js:24459:26)\n    at fetchModule (file:///Users/47056/st/node_modules/.pnpm/vite@8.0.5_@types+node@25.5.2_esbuild@0.25.12_jiti@2.6.1_yaml@2.8.2/node_modules/vite/dist/node/chunks/node.js:23050:15)\n    at ModuleFetcher.fetchAndProcess (file:///Users/47056/st/node_modules/.pnpm/vitest@4.1.2_@types+node@25.5.2_vite@8.0.5_@types+node@25.5.2_esbuild@0.25.12_jiti@2.6.1_yaml@2.8.2_/node_modules/vitest/dist/chunks/cli-api.Bxr1Nn49.js:1124:43)\n    at ModuleFetcher.fetch (file:///Users/47056/st/node_modules/.pnpm/vitest@4.1.2_@types+node@25.5.2_vite@8.0.5_@types+node@25.5.2_esbuild@0.25.12_jiti@2.6.1_yaml@2.8.2_/node_modules/vitest/dist/chunks/cli-api.Bxr1Nn49.js:1004:19)\n    at Proxy.fetch (file:///Users/47056/st/node_modules/.pnpm/vitest@4.1.2_@types+node@25.5.2_vite@8.0.5_@types+node@25.5.2_esbuild@0.25.12_jiti@2.6.1_yaml@2.8.2_/node_modules/vitest/dist/chunks/cli-api.Bxr1Nn49.js:2670:11)\n    at EventEmitter.onMessage (file:///Users/47056/st/node_modules/.pnpm/vitest@4.1.2_@types+node@25.5.2_vite@8.0.5_@types+node@25.5.2_esbuild@0.25.12_jiti@2.6.1_yaml@2.8.2_/node_modules/vitest/dist/chunks/index.Chj8NDwU.js:162:14)"],"meta":{},"tags":[]},{"ancestorTitles":["SoundTouchNode"],"fullName":"SoundTouchNode sends runtime strategy control messages via MessagePort","status":"failed","title":"sends runtime strategy control messages via MessagePort","duration":0.9527500000000089,"failureMessages":["Error: Transform failed with 1 error:\n\n\u001b[31m[PARSE_ERROR] Error:\u001b[0m Unexpected token\n    \u001b[38;5;246m╭\u001b[0m\u001b[38;5;246m─\u001b[0m\u001b[38;5;246m[\u001b[0m packages/audio-worklet/src/SoundTouchNode.ts:59:1 \u001b[38;5;246m]\u001b[0m\n    \u001b[38;5;246m│\u001b[0m\n \u001b[38;5;246m59 │\u001b[0m }\n \u001b[38;5;240m   │\u001b[0m ┬  \n \u001b[38;5;240m   │\u001b[0m ╰── \n\u001b[38;5;246m────╯\u001b[0m\n\n    at transformWithOxc (file:///Users/47056/st/node_modules/.pnpm/vite@8.0.5_@types+node@25.5.2_esbuild@0.25.12_jiti@2.6.1_yaml@2.8.2/node_modules/vite/dist/node/chunks/node.js:3739:19)\n    at TransformPluginContext.transform (file:///Users/47056/st/node_modules/.pnpm/vite@8.0.5_@types+node@25.5.2_esbuild@0.25.12_jiti@2.6.1_yaml@2.8.2/node_modules/vite/dist/node/chunks/node.js:3807:26)\n    at EnvironmentPluginContainer.transform (file:///Users/47056/st/node_modules/.pnpm/vite@8.0.5_@types+node@25.5.2_esbuild@0.25.12_jiti@2.6.1_yaml@2.8.2/node_modules/vite/dist/node/chunks/node.js:30128:51)\n    at loadAndTransform (file:///Users/47056/st/node_modules/.pnpm/vite@8.0.5_@types+node@25.5.2_esbuild@0.25.12_jiti@2.6.1_yaml@2.8.2/node_modules/vite/dist/node/chunks/node.js:24459:26)\n    at fetchModule (file:///Users/47056/st/node_modules/.pnpm/vite@8.0.5_@types+node@25.5.2_esbuild@0.25.12_jiti@2.6.1_yaml@2.8.2/node_modules/vite/dist/node/chunks/node.js:23050:15)\n    at ModuleFetcher.fetchAndProcess (file:///Users/47056/st/node_modules/.pnpm/vitest@4.1.2_@types+node@25.5.2_vite@8.0.5_@types+node@25.5.2_esbuild@0.25.12_jiti@2.6.1_yaml@2.8.2_/node_modules/vitest/dist/chunks/cli-api.Bxr1Nn49.js:1124:43)\n    at ModuleFetcher.fetch (file:///Users/47056/st/node_modules/.pnpm/vitest@4.1.2_@types+node@25.5.2_vite@8.0.5_@types+node@25.5.2_esbuild@0.25.12_jiti@2.6.1_yaml@2.8.2_/node_modules/vitest/dist/chunks/cli-api.Bxr1Nn49.js:1004:19)\n    at Proxy.fetch (file:///Users/47056/st/node_modules/.pnpm/vitest@4.1.2_@types+node@25.5.2_vite@8.0.5_@types+node@25.5.2_esbuild@0.25.12_jiti@2.6.1_yaml@2.8.2_/node_modules/vitest/dist/chunks/cli-api.Bxr1Nn49.js:2670:11)\n    at EventEmitter.onMessage (file:///Users/47056/st/node_modules/.pnpm/vitest@4.1.2_@types+node@25.5.2_vite@8.0.5_@types+node@25.5.2_esbuild@0.25.12_jiti@2.6.1_yaml@2.8.2_/node_modules/vitest/dist/chunks/index.Chj8NDwU.js:162:14)"],"meta":{},"tags":[]}],"startTime":1778267488663,"endTime":1778267488677.9526,"status":"failed","message":"","name":"/Users/47056/st/packages/audio-worklet/src/SoundTouchNode.spec.ts"},{"assertionResults":[{"ancestorTitles":["constants"],"fullName":"constants exports the processor name","status":"passed","title":"exports the processor name","duration":0.970208999999997,"failureMessages":[],"meta":{},"tags":[]},{"ancestorTitles":["constants"],"fullName":"constants defaults to circular sample buffers","status":"passed","title":"defaults to circular sample buffers","duration":0.09574999999999534,"failureMessages":[],"meta":{},"tags":[]}],"startTime":1778267489527,"endTime":1778267489528.0957,"status":"passed","message":"","name":"/Users/47056/st/packages/audio-worklet/src/constants.spec.ts"},{"assertionResults":[],"startTime":1778267488388,"endTime":1778267488388,"status":"failed","message":"Transform failed with 1 error:\n\n\u001b[31m[PARSE_ERROR] Error:\u001b[0m Unexpected token\n    \u001b[38;5;246m╭\u001b[0m\u001b[38;5;246m─\u001b[0m\u001b[38;5;246m[\u001b[0m packages/audio-worklet/src/SoundTouchNode.ts:59:1 \u001b[38;5;246m]\u001b[0m\n    \u001b[38;5;246m│\u001b[0m\n \u001b[38;5;246m59 │\u001b[0m }\n \u001b[38;5;240m   │\u001b[0m ┬  \n \u001b[38;5;240m   │\u001b[0m ╰── \n\u001b[38;5;246m────╯\u001b[0m\n","name":"/Users/47056/st/packages/audio-worklet/src/index.spec.ts"},{"assertionResults":[{"ancestorTitles":[],"fullName":"falls back to lanczos8 and logs info for unknown interpolation strategy","status":"passed","title":"falls back to lanczos8 and logs info for unknown interpolation strategy","duration":18.423625,"failureMessages":[],"meta":{},"tags":[]},{"ancestorTitles":["processor","constructor options"],"fullName":"processor constructor options forwards interpolationStrategy into SoundTouch options","status":"passed","title":"forwards interpolationStrategy into SoundTouch options","duration":0.5208749999999895,"failureMessages":[],"meta":{},"tags":[]},{"ancestorTitles":["processor","output extraction"],"fullName":"processor output extraction reads output via extract + receive so circular buffers work","status":"passed","title":"reads output via extract + receive so circular buffers work","duration":0.8506660000000181,"failureMessages":[],"meta":{},"tags":[]},{"ancestorTitles":["processor","output extraction"],"fullName":"processor output extraction stays stable across repeated render quanta with lanczos8 and underflow","status":"passed","title":"stays stable across repeated render quanta with lanczos8 and underflow","duration":8.796084000000008,"failureMessages":[],"meta":{},"tags":[]}],"startTime":1778267489029,"endTime":1778267489057.7961,"status":"passed","message":"","name":"/Users/47056/st/packages/audio-worklet/src/processor.spec.ts"}],"coverageMap":{"/Users/47056/st/packages/audio-worklet/src/constants.ts":{"path":"/Users/47056/st/packages/audio-worklet/src/constants.ts","statementMap":{"0":{"start":{"line":7,"column":30},"end":{"line":7,"column":null}},"1":{"start":{"line":15,"column":42},"end":{"line":15,"column":null}}},"fnMap":{},"branchMap":{},"s":{"0":5,"1":5},"f":{},"b":{},"meta":{"lastBranch":0,"lastFunction":0,"lastStatement":2,"seen":{"s:7:30:7:Infinity":0,"s:15:42:15:Infinity":1}}},"/Users/47056/st/packages/audio-worklet/src/index.ts":{"path":"/Users/47056/st/packages/audio-worklet/src/index.ts","statementMap":{},"fnMap":{},"branchMap":{},"s":{},"f":{},"b":{},"meta":{"lastBranch":0,"lastFunction":0,"lastStatement":0,"seen":{}}},"/Users/47056/st/packages/audio-worklet/src/processor.ts":{"path":"/Users/47056/st/packages/audio-worklet/src/processor.ts","statementMap":{"0":{"start":{"line":28,"column":23},"end":{"line":28,"column":null}},"1":{"start":{"line":87,"column":4},"end":{"line":123,"column":null}},"2":{"start":{"line":142,"column":4},"end":{"line":142,"column":null}},"3":{"start":{"line":144,"column":6},"end":{"line":144,"column":null}},"4":{"start":{"line":145,"column":4},"end":{"line":157,"column":null}},"5":{"start":{"line":146,"column":6},"end":{"line":147,"column":null}},"6":{"start":{"line":147,"column":8},"end":{"line":147,"column":null}},"7":{"start":{"line":152,"column":6},"end":{"line":156,"column":null}},"8":{"start":{"line":157,"column":6},"end":{"line":157,"column":null}},"9":{"start":{"line":159,"column":4},"end":{"line":165,"column":null}},"10":{"start":{"line":166,"column":4},"end":{"line":166,"column":null}},"11":{"start":{"line":167,"column":4},"end":{"line":167,"column":null}},"12":{"start":{"line":168,"column":4},"end":{"line":168,"column":null}},"13":{"start":{"line":169,"column":4},"end":{"line":169,"column":null}},"14":{"start":{"line":171,"column":17},"end":{"line":171,"column":null}},"15":{"start":{"line":172,"column":4},"end":{"line":180,"column":null}},"16":{"start":{"line":173,"column":6},"end":{"line":180,"column":null}},"17":{"start":{"line":174,"column":24},"end":{"line":174,"column":null}},"18":{"start":{"line":175,"column":8},"end":{"line":177,"column":null}},"19":{"start":{"line":176,"column":10},"end":{"line":176,"column":null}},"20":{"start":{"line":177,"column":10},"end":{"line":177,"column":null}},"21":{"start":{"line":179,"column":8},"end":{"line":180,"column":null}},"22":{"start":{"line":180,"column":10},"end":{"line":180,"column":null}},"23":{"start":{"line":187,"column":4},"end":{"line":197,"column":null}},"24":{"start":{"line":188,"column":6},"end":{"line":195,"column":null}},"25":{"start":{"line":189,"column":8},"end":{"line":189,"column":null}},"26":{"start":{"line":192,"column":8},"end":{"line":195,"column":null}},"27":{"start":{"line":197,"column":6},"end":{"line":197,"column":null}},"28":{"start":{"line":200,"column":4},"end":{"line":211,"column":null}},"29":{"start":{"line":201,"column":6},"end":{"line":209,"column":null}},"30":{"start":{"line":202,"column":8},"end":{"line":204,"column":null}},"31":{"start":{"line":207,"column":8},"end":{"line":209,"column":null}},"32":{"start":{"line":211,"column":6},"end":{"line":211,"column":null}},"33":{"start":{"line":221,"column":4},"end":{"line":221,"column":null}},"34":{"start":{"line":223,"column":18},"end":{"line":223,"column":null}},"35":{"start":{"line":224,"column":19},"end":{"line":224,"column":null}},"36":{"start":{"line":226,"column":4},"end":{"line":227,"column":null}},"37":{"start":{"line":227,"column":6},"end":{"line":227,"column":null}},"38":{"start":{"line":230,"column":22},"end":{"line":230,"column":null}},"39":{"start":{"line":231,"column":23},"end":{"line":231,"column":null}},"40":{"start":{"line":232,"column":23},"end":{"line":232,"column":null}},"41":{"start":{"line":233,"column":24},"end":{"line":233,"column":null}},"42":{"start":{"line":234,"column":23},"end":{"line":234,"column":null}},"43":{"start":{"line":236,"column":4},"end":{"line":238,"column":null}},"44":{"start":{"line":237,"column":6},"end":{"line":237,"column":null}},"45":{"start":{"line":238,"column":6},"end":{"line":238,"column":null}},"46":{"start":{"line":241,"column":17},"end":{"line":241,"column":null}},"47":{"start":{"line":242,"column":18},"end":{"line":242,"column":null}},"48":{"start":{"line":243,"column":18},"end":{"line":243,"column":null}},"49":{"start":{"line":244,"column":27},"end":{"line":244,"column":null}},"50":{"start":{"line":245,"column":25},"end":{"line":245,"column":null}},"51":{"start":{"line":247,"column":4},"end":{"line":247,"column":null}},"52":{"start":{"line":248,"column":4},"end":{"line":248,"column":null}},"53":{"start":{"line":249,"column":4},"end":{"line":250,"column":null}},"54":{"start":{"line":252,"column":20},"end":{"line":252,"column":null}},"55":{"start":{"line":254,"column":4},"end":{"line":256,"column":null}},"56":{"start":{"line":254,"column":17},"end":{"line":254,"column":20}},"57":{"start":{"line":255,"column":6},"end":{"line":255,"column":null}},"58":{"start":{"line":256,"column":6},"end":{"line":256,"column":null}},"59":{"start":{"line":259,"column":4},"end":{"line":259,"column":null}},"60":{"start":{"line":260,"column":4},"end":{"line":260,"column":null}},"61":{"start":{"line":262,"column":25},"end":{"line":262,"column":null}},"62":{"start":{"line":263,"column":22},"end":{"line":263,"column":null}},"63":{"start":{"line":264,"column":22},"end":{"line":264,"column":53}},"64":{"start":{"line":266,"column":4},"end":{"line":274,"column":null}},"65":{"start":{"line":267,"column":24},"end":{"line":267,"column":null}},"66":{"start":{"line":268,"column":6},"end":{"line":268,"column":null}},"67":{"start":{"line":269,"column":6},"end":{"line":269,"column":null}},"68":{"start":{"line":270,"column":6},"end":{"line":274,"column":null}},"69":{"start":{"line":270,"column":19},"end":{"line":270,"column":22}},"70":{"start":{"line":271,"column":18},"end":{"line":271,"column":null}},"71":{"start":{"line":272,"column":18},"end":{"line":272,"column":null}},"72":{"start":{"line":273,"column":8},"end":{"line":273,"column":null}},"73":{"start":{"line":274,"column":8},"end":{"line":274,"column":null}},"74":{"start":{"line":278,"column":4},"end":{"line":280,"column":null}},"75":{"start":{"line":278,"column":17},"end":{"line":278,"column":28}},"76":{"start":{"line":279,"column":6},"end":{"line":279,"column":null}},"77":{"start":{"line":280,"column":6},"end":{"line":280,"column":null}},"78":{"start":{"line":283,"column":4},"end":{"line":283,"column":null}},"79":{"start":{"line":287,"column":0},"end":{"line":287,"column":null}}},"fnMap":{"0":{"name":"(anonymous_0)","decl":{"start":{"line":86,"column":13},"end":{"line":86,"column":59}},"loc":{"start":{"line":86,"column":59},"end":{"line":123,"column":null}},"line":86},"1":{"name":"(anonymous_1)","decl":{"start":{"line":141,"column":2},"end":{"line":141,"column":14}},"loc":{"start":{"line":141,"column":53},"end":{"line":180,"column":null}},"line":141},"2":{"name":"(anonymous_2)","decl":{"start":{"line":173,"column":11},"end":{"line":173,"column":24}},"loc":{"start":{"line":173,"column":66},"end":{"line":180,"column":null}},"line":173},"3":{"name":"(anonymous_3)","decl":{"start":{"line":186,"column":2},"end":{"line":186,"column":10}},"loc":{"start":{"line":186,"column":45},"end":{"line":211,"column":null}},"line":186},"4":{"name":"(anonymous_4)","decl":{"start":{"line":215,"column":2},"end":{"line":215,"column":null}},"loc":{"start":{"line":219,"column":13},"end":{"line":283,"column":null}},"line":219}},"branchMap":{"0":{"loc":{"start":{"line":146,"column":6},"end":{"line":147,"column":null}},"type":"if","locations":[{"start":{"line":146,"column":6},"end":{"line":147,"column":null}},{"start":{},"end":{}}],"line":146},"1":{"loc":{"start":{"line":162,"column":8},"end":{"line":163,"column":null}},"type":"binary-expr","locations":[{"start":{"line":162,"column":8},"end":{"line":162,"column":null}},{"start":{"line":163,"column":8},"end":{"line":163,"column":null}}],"line":162},"2":{"loc":{"start":{"line":172,"column":4},"end":{"line":180,"column":null}},"type":"if","locations":[{"start":{"line":172,"column":4},"end":{"line":180,"column":null}},{"start":{},"end":{}}],"line":172},"3":{"loc":{"start":{"line":175,"column":8},"end":{"line":177,"column":null}},"type":"if","locations":[{"start":{"line":175,"column":8},"end":{"line":177,"column":null}},{"start":{},"end":{}}],"line":175},"4":{"loc":{"start":{"line":179,"column":8},"end":{"line":180,"column":null}},"type":"if","locations":[{"start":{"line":179,"column":8},"end":{"line":180,"column":null}},{"start":{},"end":{}}],"line":179},"5":{"loc":{"start":{"line":187,"column":4},"end":{"line":197,"column":null}},"type":"if","locations":[{"start":{"line":187,"column":4},"end":{"line":197,"column":null}},{"start":{},"end":{}}],"line":187},"6":{"loc":{"start":{"line":200,"column":4},"end":{"line":211,"column":null}},"type":"if","locations":[{"start":{"line":200,"column":4},"end":{"line":211,"column":null}},{"start":{},"end":{}}],"line":200},"7":{"loc":{"start":{"line":226,"column":4},"end":{"line":227,"column":null}},"type":"if","locations":[{"start":{"line":226,"column":4},"end":{"line":227,"column":null}},{"start":{},"end":{}}],"line":226},"8":{"loc":{"start":{"line":226,"column":8},"end":{"line":226,"column":68}},"type":"binary-expr","locations":[{"start":{"line":226,"column":8},"end":{"line":226,"column":18}},{"start":{"line":226,"column":18},"end":{"line":226,"column":35}},{"start":{"line":226,"column":35},"end":{"line":226,"column":49}},{"start":{"line":226,"column":49},"end":{"line":226,"column":68}}],"line":226},"9":{"loc":{"start":{"line":231,"column":23},"end":{"line":231,"column":null}},"type":"cond-expr","locations":[{"start":{"line":231,"column":42},"end":{"line":231,"column":53}},{"start":{"line":231,"column":53},"end":{"line":231,"column":null}}],"line":231},"10":{"loc":{"start":{"line":233,"column":24},"end":{"line":233,"column":null}},"type":"cond-expr","locations":[{"start":{"line":233,"column":44},"end":{"line":233,"column":56}},{"start":{"line":233,"column":56},"end":{"line":233,"column":null}}],"line":233},"11":{"loc":{"start":{"line":236,"column":4},"end":{"line":238,"column":null}},"type":"if","locations":[{"start":{"line":236,"column":4},"end":{"line":238,"column":null}},{"start":{},"end":{}}],"line":236},"12":{"loc":{"start":{"line":266,"column":4},"end":{"line":274,"column":null}},"type":"if","locations":[{"start":{"line":266,"column":4},"end":{"line":274,"column":null}},{"start":{},"end":{}}],"line":266},"13":{"loc":{"start":{"line":273,"column":24},"end":{"line":273,"column":null}},"type":"cond-expr","locations":[{"start":{"line":273,"column":45},"end":{"line":273,"column":49}},{"start":{"line":273,"column":49},"end":{"line":273,"column":null}}],"line":273},"14":{"loc":{"start":{"line":274,"column":25},"end":{"line":274,"column":null}},"type":"cond-expr","locations":[{"start":{"line":274,"column":46},"end":{"line":274,"column":50}},{"start":{"line":274,"column":50},"end":{"line":274,"column":null}}],"line":274}},"s":{"0":4,"1":0,"2":4,"3":4,"4":4,"5":4,"6":3,"7":1,"8":1,"9":4,"10":4,"11":4,"12":4,"13":4,"14":4,"15":4,"16":0,"17":0,"18":0,"19":0,"20":0,"21":0,"22":0,"23":6,"24":0,"25":0,"26":0,"27":0,"28":6,"29":0,"30":0,"31":0,"32":0,"33":6,"34":6,"35":6,"36":6,"37":0,"38":6,"39":6,"40":6,"41":6,"42":6,"43":6,"44":0,"45":0,"46":6,"47":6,"48":6,"49":6,"50":6,"51":6,"52":6,"53":6,"54":6,"55":6,"56":6,"57":642,"58":642,"59":6,"60":6,"61":6,"62":6,"63":6,"64":6,"65":6,"66":6,"67":6,"68":6,"69":6,"70":546,"71":546,"72":546,"73":546,"74":6,"75":6,"76":96,"77":96,"78":6,"79":4},"f":{"0":4,"1":4,"2":0,"3":6,"4":6},"b":{"0":[3,1],"1":[4,0],"2":[0,4],"3":[0,0],"4":[0,0],"5":[0,6],"6":[0,6],"7":[0,6],"8":[6,6,6,6],"9":[6,0],"10":[6,0],"11":[0,6],"12":[6,0],"13":[545,1],"14":[545,1]},"meta":{"lastBranch":15,"lastFunction":5,"lastStatement":80,"seen":{"s:28:23:28:Infinity":0,"f:86:13:86:59":0,"s:87:4:123:Infinity":1,"f:141:2:141:14":1,"s:142:4:142:Infinity":2,"s:144:6:144:Infinity":3,"s:145:4:157:Infinity":4,"b:146:6:147:Infinity:undefined:undefined:undefined:undefined":0,"s:146:6:147:Infinity":5,"s:147:8:147:Infinity":6,"s:152:6:156:Infinity":7,"s:157:6:157:Infinity":8,"s:159:4:165:Infinity":9,"b:162:8:162:Infinity:163:8:163:Infinity":1,"s:166:4:166:Infinity":10,"s:167:4:167:Infinity":11,"s:168:4:168:Infinity":12,"s:169:4:169:Infinity":13,"s:171:17:171:Infinity":14,"b:172:4:180:Infinity:undefined:undefined:undefined:undefined":2,"s:172:4:180:Infinity":15,"s:173:6:180:Infinity":16,"f:173:11:173:24":2,"s:174:24:174:Infinity":17,"b:175:8:177:Infinity:undefined:undefined:undefined:undefined":3,"s:175:8:177:Infinity":18,"s:176:10:176:Infinity":19,"s:177:10:177:Infinity":20,"b:179:8:180:Infinity:undefined:undefined:undefined:undefined":4,"s:179:8:180:Infinity":21,"s:180:10:180:Infinity":22,"f:186:2:186:10":3,"b:187:4:197:Infinity:undefined:undefined:undefined:undefined":5,"s:187:4:197:Infinity":23,"s:188:6:195:Infinity":24,"s:189:8:189:Infinity":25,"s:192:8:195:Infinity":26,"s:197:6:197:Infinity":27,"b:200:4:211:Infinity:undefined:undefined:undefined:undefined":6,"s:200:4:211:Infinity":28,"s:201:6:209:Infinity":29,"s:202:8:204:Infinity":30,"s:207:8:209:Infinity":31,"s:211:6:211:Infinity":32,"f:215:2:215:Infinity":4,"s:221:4:221:Infinity":33,"s:223:18:223:Infinity":34,"s:224:19:224:Infinity":35,"b:226:4:227:Infinity:undefined:undefined:undefined:undefined":7,"s:226:4:227:Infinity":36,"b:226:8:226:18:226:18:226:35:226:35:226:49:226:49:226:68":8,"s:227:6:227:Infinity":37,"s:230:22:230:Infinity":38,"s:231:23:231:Infinity":39,"b:231:42:231:53:231:53:231:Infinity":9,"s:232:23:232:Infinity":40,"s:233:24:233:Infinity":41,"b:233:44:233:56:233:56:233:Infinity":10,"s:234:23:234:Infinity":42,"b:236:4:238:Infinity:undefined:undefined:undefined:undefined":11,"s:236:4:238:Infinity":43,"s:237:6:237:Infinity":44,"s:238:6:238:Infinity":45,"s:241:17:241:Infinity":46,"s:242:18:242:Infinity":47,"s:243:18:243:Infinity":48,"s:244:27:244:Infinity":49,"s:245:25:245:Infinity":50,"s:247:4:247:Infinity":51,"s:248:4:248:Infinity":52,"s:249:4:250:Infinity":53,"s:252:20:252:Infinity":54,"s:254:4:256:Infinity":55,"s:254:17:254:20":56,"s:255:6:255:Infinity":57,"s:256:6:256:Infinity":58,"s:259:4:259:Infinity":59,"s:260:4:260:Infinity":60,"s:262:25:262:Infinity":61,"s:263:22:263:Infinity":62,"s:264:22:264:53":63,"b:266:4:274:Infinity:undefined:undefined:undefined:undefined":12,"s:266:4:274:Infinity":64,"s:267:24:267:Infinity":65,"s:268:6:268:Infinity":66,"s:269:6:269:Infinity":67,"s:270:6:274:Infinity":68,"s:270:19:270:22":69,"s:271:18:271:Infinity":70,"s:272:18:272:Infinity":71,"s:273:8:273:Infinity":72,"b:273:45:273:49:273:49:273:Infinity":13,"s:274:8:274:Infinity":73,"b:274:46:274:50:274:50:274:Infinity":14,"s:278:4:280:Infinity":74,"s:278:17:278:28":75,"s:279:6:279:Infinity":76,"s:280:6:280:Infinity":77,"s:283:4:283:Infinity":78,"s:287:0:287:Infinity":79}}}}}