<?xml version="1.0" encoding="UTF-8"?>
<coverage generated="1778269169387" clover="3.2.0">
  <project timestamp="1778269169387" name="All files">
    <metrics statements="90" coveredstatements="89" conditionals="34" coveredconditionals="32" methods="15" coveredmethods="15" elements="139" coveredelements="136" complexity="0" loc="90" ncloc="90" packages="1" files="3" classes="3"/>
    <file name="SoundTouchNode.ts" path="/Users/47056/st/packages/audio-worklet/src/SoundTouchNode.ts">
      <metrics statements="11" coveredstatements="11" conditionals="2" coveredconditionals="2" methods="10" coveredmethods="10"/>
      <line num="94" count="6" type="stmt"/>
      <line num="109" count="1" type="stmt"/>
      <line num="123" count="1" type="stmt"/>
      <line num="135" count="2" type="stmt"/>
      <line num="151" count="1" type="stmt"/>
      <line num="159" count="1" type="stmt"/>
      <line num="167" count="1" type="stmt"/>
      <line num="175" count="1" type="stmt"/>
      <line num="183" count="1" type="stmt"/>
      <line num="193" count="1" type="stmt"/>
      <line num="206" count="1" type="stmt"/>
    </file>
    <file name="constants.ts" path="/Users/47056/st/packages/audio-worklet/src/constants.ts">
      <metrics statements="2" coveredstatements="2" conditionals="0" coveredconditionals="0" methods="0" coveredmethods="0"/>
      <line num="7" count="15" type="stmt"/>
      <line num="15" count="15" type="stmt"/>
    </file>
    <file name="processor.ts" path="/Users/47056/st/packages/audio-worklet/src/processor.ts">
      <metrics statements="77" coveredstatements="76" conditionals="32" coveredconditionals="30" methods="5" coveredmethods="5"/>
      <line num="28" count="8" type="stmt"/>
      <line num="87" count="0" type="stmt"/>
      <line num="140" count="8" type="stmt"/>
      <line num="142" count="8" type="stmt"/>
      <line num="143" count="8" type="stmt"/>
      <line num="144" count="8" type="cond" truecount="2" falsecount="0"/>
      <line num="145" count="3" type="stmt"/>
      <line num="150" count="1" type="stmt"/>
      <line num="155" count="1" type="stmt"/>
      <line num="157" count="8" type="stmt"/>
      <line num="164" count="8" type="stmt"/>
      <line num="165" count="8" type="stmt"/>
      <line num="166" count="8" type="stmt"/>
      <line num="167" count="8" type="stmt"/>
      <line num="169" count="8" type="stmt"/>
      <line num="170" count="8" type="cond" truecount="1" falsecount="1"/>
      <line num="171" count="8" type="stmt"/>
      <line num="172" count="5" type="stmt"/>
      <line num="173" count="5" type="cond" truecount="2" falsecount="0"/>
      <line num="174" count="2" type="stmt"/>
      <line num="175" count="2" type="stmt"/>
      <line num="177" count="3" type="cond" truecount="2" falsecount="0"/>
      <line num="178" count="2" type="stmt"/>
      <line num="185" count="12" type="cond" truecount="2" falsecount="0"/>
      <line num="186" count="2" type="stmt"/>
      <line num="187" count="2" type="stmt"/>
      <line num="190" count="1" type="stmt"/>
      <line num="195" count="2" type="stmt"/>
      <line num="198" count="12" type="cond" truecount="2" falsecount="0"/>
      <line num="199" count="2" type="stmt"/>
      <line num="200" count="2" type="stmt"/>
      <line num="205" count="1" type="stmt"/>
      <line num="209" count="2" type="stmt"/>
      <line num="219" count="12" type="stmt"/>
      <line num="221" count="12" type="stmt"/>
      <line num="222" count="12" type="stmt"/>
      <line num="224" count="12" type="cond" truecount="6" falsecount="0"/>
      <line num="225" count="3" type="stmt"/>
      <line num="228" count="9" type="stmt"/>
      <line num="229" count="9" type="cond" truecount="2" falsecount="0"/>
      <line num="230" count="12" type="stmt"/>
      <line num="231" count="12" type="cond" truecount="2" falsecount="0"/>
      <line num="232" count="12" type="stmt"/>
      <line num="234" count="12" type="cond" truecount="2" falsecount="0"/>
      <line num="235" count="1" type="stmt"/>
      <line num="236" count="1" type="stmt"/>
      <line num="239" count="9" type="stmt"/>
      <line num="240" count="9" type="stmt"/>
      <line num="241" count="9" type="stmt"/>
      <line num="242" count="9" type="stmt"/>
      <line num="243" count="9" type="stmt"/>
      <line num="245" count="9" type="stmt"/>
      <line num="246" count="9" type="stmt"/>
      <line num="247" count="9" type="stmt"/>
      <line num="250" count="9" type="stmt"/>
      <line num="252" count="9" type="stmt"/>
      <line num="253" count="902" type="stmt"/>
      <line num="254" count="902" type="stmt"/>
      <line num="257" count="9" type="stmt"/>
      <line num="258" count="9" type="stmt"/>
      <line num="260" count="9" type="stmt"/>
      <line num="261" count="9" type="stmt"/>
      <line num="262" count="9" type="stmt"/>
      <line num="264" count="9" type="cond" truecount="2" falsecount="0"/>
      <line num="265" count="7" type="stmt"/>
      <line num="266" count="7" type="stmt"/>
      <line num="267" count="7" type="stmt"/>
      <line num="268" count="7" type="stmt"/>
      <line num="269" count="802" type="stmt"/>
      <line num="270" count="802" type="stmt"/>
      <line num="271" count="802" type="cond" truecount="2" falsecount="0"/>
      <line num="272" count="802" type="cond" truecount="2" falsecount="0"/>
      <line num="276" count="9" type="stmt"/>
      <line num="277" count="100" type="stmt"/>
      <line num="278" count="100" type="stmt"/>
      <line num="281" count="9" type="stmt"/>
      <line num="285" count="8" type="stmt"/>
    </file>
  </project>
</coverage>
