{"/Users/47056/st/packages/audio-worklet/src/SoundTouchNode.ts": {"path":"/Users/47056/st/packages/audio-worklet/src/SoundTouchNode.ts","statementMap":{"0":{"start":{"line":94,"column":34},"end":{"line":94,"column":null}},"1":{"start":{"line":109,"column":4},"end":{"line":109,"column":null}},"2":{"start":{"line":123,"column":4},"end":{"line":123,"column":null}},"3":{"start":{"line":135,"column":4},"end":{"line":143,"column":null}},"4":{"start":{"line":151,"column":4},"end":{"line":151,"column":null}},"5":{"start":{"line":159,"column":4},"end":{"line":159,"column":null}},"6":{"start":{"line":167,"column":4},"end":{"line":167,"column":null}},"7":{"start":{"line":175,"column":4},"end":{"line":175,"column":null}},"8":{"start":{"line":183,"column":4},"end":{"line":183,"column":null}},"9":{"start":{"line":193,"column":4},"end":{"line":196,"column":null}},"10":{"start":{"line":206,"column":4},"end":{"line":209,"column":null}}},"fnMap":{"0":{"name":"(anonymous_0)","decl":{"start":{"line":105,"column":15},"end":{"line":105,"column":null}},"loc":{"start":{"line":108,"column":19},"end":{"line":109,"column":null}},"line":108},"1":{"name":"(anonymous_1)","decl":{"start":{"line":119,"column":15},"end":{"line":119,"column":null}},"loc":{"start":{"line":122,"column":19},"end":{"line":123,"column":null}},"line":122},"2":{"name":"(anonymous_2)","decl":{"start":{"line":130,"column":2},"end":{"line":130,"column":14}},"loc":{"start":{"line":134,"column":39},"end":{"line":143,"column":null}},"line":134},"3":{"name":"(anonymous_3)","decl":{"start":{"line":150,"column":6},"end":{"line":150,"column":26}},"loc":{"start":{"line":150,"column":26},"end":{"line":151,"column":null}},"line":150},"4":{"name":"(anonymous_4)","decl":{"start":{"line":158,"column":6},"end":{"line":158,"column":26}},"loc":{"start":{"line":158,"column":26},"end":{"line":159,"column":null}},"line":158},"5":{"name":"(anonymous_5)","decl":{"start":{"line":166,"column":6},"end":{"line":166,"column":25}},"loc":{"start":{"line":166,"column":25},"end":{"line":167,"column":null}},"line":166},"6":{"name":"(anonymous_6)","decl":{"start":{"line":174,"column":6},"end":{"line":174,"column":35}},"loc":{"start":{"line":174,"column":35},"end":{"line":175,"column":null}},"line":174},"7":{"name":"(anonymous_7)","decl":{"start":{"line":182,"column":6},"end":{"line":182,"column":33}},"loc":{"start":{"line":182,"column":33},"end":{"line":183,"column":null}},"line":182},"8":{"name":"(anonymous_8)","decl":{"start":{"line":190,"column":2},"end":{"line":190,"column":null}},"loc":{"start":{"line":192,"column":10},"end":{"line":196,"column":null}},"line":192},"9":{"name":"(anonymous_9)","decl":{"start":{"line":203,"column":2},"end":{"line":203,"column":null}},"loc":{"start":{"line":205,"column":10},"end":{"line":209,"column":null}},"line":205}},"branchMap":{"0":{"loc":{"start":{"line":140,"column":26},"end":{"line":140,"column":null}},"type":"binary-expr","locations":[{"start":{"line":140,"column":26},"end":{"line":140,"column":46}},{"start":{"line":140,"column":46},"end":{"line":140,"column":null}}],"line":140}},"s":{"0":6,"1":1,"2":1,"3":2,"4":1,"5":1,"6":1,"7":1,"8":1,"9":1,"10":1},"f":{"0":6,"1":6,"2":2,"3":1,"4":1,"5":1,"6":1,"7":1,"8":1,"9":1},"b":{"0":[2,1]},"meta":{"lastBranch":1,"lastFunction":10,"lastStatement":11,"seen":{"s:94:34:94:Infinity":0,"f:105:15:105:Infinity":0,"s:109:4:109:Infinity":1,"f:119:15:119:Infinity":1,"s:123:4:123:Infinity":2,"f:130:2:130:14":2,"s:135:4:143:Infinity":3,"b:140:26:140:46:140:46:140:Infinity":0,"f:150:6:150:26":3,"s:151:4:151:Infinity":4,"f:158:6:158:26":4,"s:159:4:159:Infinity":5,"f:166:6:166:25":5,"s:167:4:167:Infinity":6,"f:174:6:174:35":6,"s:175:4:175:Infinity":7,"f:182:6:182:33":7,"s:183:4:183:Infinity":8,"f:190:2:190:Infinity":8,"s:193:4:196:Infinity":9,"f:203:2:203:Infinity":9,"s:206:4:209:Infinity":10}}}
,"/Users/47056/st/packages/audio-worklet/src/constants.ts": {"path":"/Users/47056/st/packages/audio-worklet/src/constants.ts","statementMap":{"0":{"start":{"line":7,"column":30},"end":{"line":7,"column":null}},"1":{"start":{"line":15,"column":42},"end":{"line":15,"column":null}}},"fnMap":{},"branchMap":{},"s":{"0":15,"1":15},"f":{},"b":{},"meta":{"lastBranch":0,"lastFunction":0,"lastStatement":2,"seen":{"s:7:30:7:Infinity":0,"s:15:42:15:Infinity":1}}}
,"/Users/47056/st/packages/audio-worklet/src/processor.ts": {"path":"/Users/47056/st/packages/audio-worklet/src/processor.ts","statementMap":{"0":{"start":{"line":28,"column":23},"end":{"line":28,"column":null}},"1":{"start":{"line":87,"column":4},"end":{"line":123,"column":null}},"2":{"start":{"line":140,"column":4},"end":{"line":140,"column":null}},"3":{"start":{"line":142,"column":6},"end":{"line":142,"column":null}},"4":{"start":{"line":143,"column":4},"end":{"line":155,"column":null}},"5":{"start":{"line":144,"column":6},"end":{"line":145,"column":null}},"6":{"start":{"line":145,"column":8},"end":{"line":145,"column":null}},"7":{"start":{"line":150,"column":6},"end":{"line":154,"column":null}},"8":{"start":{"line":155,"column":6},"end":{"line":155,"column":null}},"9":{"start":{"line":157,"column":4},"end":{"line":163,"column":null}},"10":{"start":{"line":164,"column":4},"end":{"line":164,"column":null}},"11":{"start":{"line":165,"column":4},"end":{"line":165,"column":null}},"12":{"start":{"line":166,"column":4},"end":{"line":166,"column":null}},"13":{"start":{"line":167,"column":4},"end":{"line":167,"column":null}},"14":{"start":{"line":169,"column":17},"end":{"line":169,"column":null}},"15":{"start":{"line":170,"column":4},"end":{"line":178,"column":null}},"16":{"start":{"line":171,"column":6},"end":{"line":178,"column":null}},"17":{"start":{"line":172,"column":24},"end":{"line":172,"column":null}},"18":{"start":{"line":173,"column":8},"end":{"line":175,"column":null}},"19":{"start":{"line":174,"column":10},"end":{"line":174,"column":null}},"20":{"start":{"line":175,"column":10},"end":{"line":175,"column":null}},"21":{"start":{"line":177,"column":8},"end":{"line":178,"column":null}},"22":{"start":{"line":178,"column":10},"end":{"line":178,"column":null}},"23":{"start":{"line":185,"column":4},"end":{"line":195,"column":null}},"24":{"start":{"line":186,"column":6},"end":{"line":193,"column":null}},"25":{"start":{"line":187,"column":8},"end":{"line":187,"column":null}},"26":{"start":{"line":190,"column":8},"end":{"line":193,"column":null}},"27":{"start":{"line":195,"column":6},"end":{"line":195,"column":null}},"28":{"start":{"line":198,"column":4},"end":{"line":209,"column":null}},"29":{"start":{"line":199,"column":6},"end":{"line":207,"column":null}},"30":{"start":{"line":200,"column":8},"end":{"line":202,"column":null}},"31":{"start":{"line":205,"column":8},"end":{"line":207,"column":null}},"32":{"start":{"line":209,"column":6},"end":{"line":209,"column":null}},"33":{"start":{"line":219,"column":4},"end":{"line":219,"column":null}},"34":{"start":{"line":221,"column":18},"end":{"line":221,"column":null}},"35":{"start":{"line":222,"column":19},"end":{"line":222,"column":null}},"36":{"start":{"line":224,"column":4},"end":{"line":225,"column":null}},"37":{"start":{"line":225,"column":6},"end":{"line":225,"column":null}},"38":{"start":{"line":228,"column":22},"end":{"line":228,"column":null}},"39":{"start":{"line":229,"column":23},"end":{"line":229,"column":null}},"40":{"start":{"line":230,"column":23},"end":{"line":230,"column":null}},"41":{"start":{"line":231,"column":24},"end":{"line":231,"column":null}},"42":{"start":{"line":232,"column":23},"end":{"line":232,"column":null}},"43":{"start":{"line":234,"column":4},"end":{"line":236,"column":null}},"44":{"start":{"line":235,"column":6},"end":{"line":235,"column":null}},"45":{"start":{"line":236,"column":6},"end":{"line":236,"column":null}},"46":{"start":{"line":239,"column":17},"end":{"line":239,"column":null}},"47":{"start":{"line":240,"column":18},"end":{"line":240,"column":null}},"48":{"start":{"line":241,"column":18},"end":{"line":241,"column":null}},"49":{"start":{"line":242,"column":27},"end":{"line":242,"column":null}},"50":{"start":{"line":243,"column":25},"end":{"line":243,"column":null}},"51":{"start":{"line":245,"column":4},"end":{"line":245,"column":null}},"52":{"start":{"line":246,"column":4},"end":{"line":246,"column":null}},"53":{"start":{"line":247,"column":4},"end":{"line":248,"column":null}},"54":{"start":{"line":250,"column":20},"end":{"line":250,"column":null}},"55":{"start":{"line":252,"column":4},"end":{"line":254,"column":null}},"56":{"start":{"line":252,"column":17},"end":{"line":252,"column":20}},"57":{"start":{"line":253,"column":6},"end":{"line":253,"column":null}},"58":{"start":{"line":254,"column":6},"end":{"line":254,"column":null}},"59":{"start":{"line":257,"column":4},"end":{"line":257,"column":null}},"60":{"start":{"line":258,"column":4},"end":{"line":258,"column":null}},"61":{"start":{"line":260,"column":25},"end":{"line":260,"column":null}},"62":{"start":{"line":261,"column":22},"end":{"line":261,"column":null}},"63":{"start":{"line":262,"column":22},"end":{"line":262,"column":53}},"64":{"start":{"line":264,"column":4},"end":{"line":272,"column":null}},"65":{"start":{"line":265,"column":24},"end":{"line":265,"column":null}},"66":{"start":{"line":266,"column":6},"end":{"line":266,"column":null}},"67":{"start":{"line":267,"column":6},"end":{"line":267,"column":null}},"68":{"start":{"line":268,"column":6},"end":{"line":272,"column":null}},"69":{"start":{"line":268,"column":19},"end":{"line":268,"column":22}},"70":{"start":{"line":269,"column":18},"end":{"line":269,"column":null}},"71":{"start":{"line":270,"column":18},"end":{"line":270,"column":null}},"72":{"start":{"line":271,"column":8},"end":{"line":271,"column":null}},"73":{"start":{"line":272,"column":8},"end":{"line":272,"column":null}},"74":{"start":{"line":276,"column":4},"end":{"line":278,"column":null}},"75":{"start":{"line":276,"column":17},"end":{"line":276,"column":28}},"76":{"start":{"line":277,"column":6},"end":{"line":277,"column":null}},"77":{"start":{"line":278,"column":6},"end":{"line":278,"column":null}},"78":{"start":{"line":281,"column":4},"end":{"line":281,"column":null}},"79":{"start":{"line":285,"column":0},"end":{"line":285,"column":null}}},"fnMap":{"0":{"name":"(anonymous_0)","decl":{"start":{"line":86,"column":13},"end":{"line":86,"column":59}},"loc":{"start":{"line":86,"column":59},"end":{"line":123,"column":null}},"line":86},"1":{"name":"(anonymous_1)","decl":{"start":{"line":139,"column":2},"end":{"line":139,"column":14}},"loc":{"start":{"line":139,"column":53},"end":{"line":178,"column":null}},"line":139},"2":{"name":"(anonymous_2)","decl":{"start":{"line":171,"column":11},"end":{"line":171,"column":24}},"loc":{"start":{"line":171,"column":66},"end":{"line":178,"column":null}},"line":171},"3":{"name":"(anonymous_3)","decl":{"start":{"line":184,"column":2},"end":{"line":184,"column":10}},"loc":{"start":{"line":184,"column":45},"end":{"line":209,"column":null}},"line":184},"4":{"name":"(anonymous_4)","decl":{"start":{"line":213,"column":2},"end":{"line":213,"column":null}},"loc":{"start":{"line":217,"column":13},"end":{"line":281,"column":null}},"line":217}},"branchMap":{"0":{"loc":{"start":{"line":144,"column":6},"end":{"line":145,"column":null}},"type":"if","locations":[{"start":{"line":144,"column":6},"end":{"line":145,"column":null}},{"start":{},"end":{}}],"line":144},"1":{"loc":{"start":{"line":160,"column":8},"end":{"line":161,"column":null}},"type":"binary-expr","locations":[{"start":{"line":160,"column":8},"end":{"line":160,"column":null}},{"start":{"line":161,"column":8},"end":{"line":161,"column":null}}],"line":160},"2":{"loc":{"start":{"line":170,"column":4},"end":{"line":178,"column":null}},"type":"if","locations":[{"start":{"line":170,"column":4},"end":{"line":178,"column":null}},{"start":{},"end":{}}],"line":170},"3":{"loc":{"start":{"line":173,"column":8},"end":{"line":175,"column":null}},"type":"if","locations":[{"start":{"line":173,"column":8},"end":{"line":175,"column":null}},{"start":{},"end":{}}],"line":173},"4":{"loc":{"start":{"line":177,"column":8},"end":{"line":178,"column":null}},"type":"if","locations":[{"start":{"line":177,"column":8},"end":{"line":178,"column":null}},{"start":{},"end":{}}],"line":177},"5":{"loc":{"start":{"line":185,"column":4},"end":{"line":195,"column":null}},"type":"if","locations":[{"start":{"line":185,"column":4},"end":{"line":195,"column":null}},{"start":{},"end":{}}],"line":185},"6":{"loc":{"start":{"line":198,"column":4},"end":{"line":209,"column":null}},"type":"if","locations":[{"start":{"line":198,"column":4},"end":{"line":209,"column":null}},{"start":{},"end":{}}],"line":198},"7":{"loc":{"start":{"line":224,"column":4},"end":{"line":225,"column":null}},"type":"if","locations":[{"start":{"line":224,"column":4},"end":{"line":225,"column":null}},{"start":{},"end":{}}],"line":224},"8":{"loc":{"start":{"line":224,"column":8},"end":{"line":224,"column":68}},"type":"binary-expr","locations":[{"start":{"line":224,"column":8},"end":{"line":224,"column":18}},{"start":{"line":224,"column":18},"end":{"line":224,"column":35}},{"start":{"line":224,"column":35},"end":{"line":224,"column":49}},{"start":{"line":224,"column":49},"end":{"line":224,"column":68}}],"line":224},"9":{"loc":{"start":{"line":229,"column":23},"end":{"line":229,"column":null}},"type":"cond-expr","locations":[{"start":{"line":229,"column":42},"end":{"line":229,"column":53}},{"start":{"line":229,"column":53},"end":{"line":229,"column":null}}],"line":229},"10":{"loc":{"start":{"line":231,"column":24},"end":{"line":231,"column":null}},"type":"cond-expr","locations":[{"start":{"line":231,"column":44},"end":{"line":231,"column":56}},{"start":{"line":231,"column":56},"end":{"line":231,"column":null}}],"line":231},"11":{"loc":{"start":{"line":234,"column":4},"end":{"line":236,"column":null}},"type":"if","locations":[{"start":{"line":234,"column":4},"end":{"line":236,"column":null}},{"start":{},"end":{}}],"line":234},"12":{"loc":{"start":{"line":264,"column":4},"end":{"line":272,"column":null}},"type":"if","locations":[{"start":{"line":264,"column":4},"end":{"line":272,"column":null}},{"start":{},"end":{}}],"line":264},"13":{"loc":{"start":{"line":271,"column":24},"end":{"line":271,"column":null}},"type":"cond-expr","locations":[{"start":{"line":271,"column":45},"end":{"line":271,"column":49}},{"start":{"line":271,"column":49},"end":{"line":271,"column":null}}],"line":271},"14":{"loc":{"start":{"line":272,"column":25},"end":{"line":272,"column":null}},"type":"cond-expr","locations":[{"start":{"line":272,"column":46},"end":{"line":272,"column":50}},{"start":{"line":272,"column":50},"end":{"line":272,"column":null}}],"line":272}},"s":{"0":8,"1":0,"2":8,"3":8,"4":8,"5":8,"6":3,"7":1,"8":1,"9":8,"10":8,"11":8,"12":8,"13":8,"14":8,"15":8,"16":8,"17":5,"18":5,"19":2,"20":2,"21":3,"22":2,"23":12,"24":2,"25":2,"26":1,"27":2,"28":12,"29":2,"30":2,"31":1,"32":2,"33":12,"34":12,"35":12,"36":12,"37":3,"38":9,"39":9,"40":12,"41":12,"42":12,"43":12,"44":1,"45":1,"46":9,"47":9,"48":9,"49":9,"50":9,"51":9,"52":9,"53":9,"54":9,"55":9,"56":9,"57":902,"58":902,"59":9,"60":9,"61":9,"62":9,"63":9,"64":9,"65":7,"66":7,"67":7,"68":7,"69":7,"70":802,"71":802,"72":802,"73":802,"74":9,"75":9,"76":100,"77":100,"78":9,"79":8},"f":{"0":8,"1":8,"2":5,"3":12,"4":12},"b":{"0":[3,5],"1":[8,0],"2":[8,0],"3":[2,3],"4":[2,1],"5":[2,10],"6":[2,10],"7":[3,9],"8":[12,11,10,9],"9":[6,3],"10":[8,1],"11":[1,11],"12":[7,2],"13":[801,1],"14":[801,1]},"meta":{"lastBranch":15,"lastFunction":5,"lastStatement":80,"seen":{"s:28:23:28:Infinity":0,"f:86:13:86:59":0,"s:87:4:123:Infinity":1,"f:139:2:139:14":1,"s:140:4:140:Infinity":2,"s:142:6:142:Infinity":3,"s:143:4:155:Infinity":4,"b:144:6:145:Infinity:undefined:undefined:undefined:undefined":0,"s:144:6:145:Infinity":5,"s:145:8:145:Infinity":6,"s:150:6:154:Infinity":7,"s:155:6:155:Infinity":8,"s:157:4:163:Infinity":9,"b:160:8:160:Infinity:161:8:161:Infinity":1,"s:164:4:164:Infinity":10,"s:165:4:165:Infinity":11,"s:166:4:166:Infinity":12,"s:167:4:167:Infinity":13,"s:169:17:169:Infinity":14,"b:170:4:178:Infinity:undefined:undefined:undefined:undefined":2,"s:170:4:178:Infinity":15,"s:171:6:178:Infinity":16,"f:171:11:171:24":2,"s:172:24:172:Infinity":17,"b:173:8:175:Infinity:undefined:undefined:undefined:undefined":3,"s:173:8:175:Infinity":18,"s:174:10:174:Infinity":19,"s:175:10:175:Infinity":20,"b:177:8:178:Infinity:undefined:undefined:undefined:undefined":4,"s:177:8:178:Infinity":21,"s:178:10:178:Infinity":22,"f:184:2:184:10":3,"b:185:4:195:Infinity:undefined:undefined:undefined:undefined":5,"s:185:4:195:Infinity":23,"s:186:6:193:Infinity":24,"s:187:8:187:Infinity":25,"s:190:8:193:Infinity":26,"s:195:6:195:Infinity":27,"b:198:4:209:Infinity:undefined:undefined:undefined:undefined":6,"s:198:4:209:Infinity":28,"s:199:6:207:Infinity":29,"s:200:8:202:Infinity":30,"s:205:8:207:Infinity":31,"s:209:6:209:Infinity":32,"f:213:2:213:Infinity":4,"s:219:4:219:Infinity":33,"s:221:18:221:Infinity":34,"s:222:19:222:Infinity":35,"b:224:4:225:Infinity:undefined:undefined:undefined:undefined":7,"s:224:4:225:Infinity":36,"b:224:8:224:18:224:18:224:35:224:35:224:49:224:49:224:68":8,"s:225:6:225:Infinity":37,"s:228:22:228:Infinity":38,"s:229:23:229:Infinity":39,"b:229:42:229:53:229:53:229:Infinity":9,"s:230:23:230:Infinity":40,"s:231:24:231:Infinity":41,"b:231:44:231:56:231:56:231:Infinity":10,"s:232:23:232:Infinity":42,"b:234:4:236:Infinity:undefined:undefined:undefined:undefined":11,"s:234:4:236:Infinity":43,"s:235:6:235:Infinity":44,"s:236:6:236:Infinity":45,"s:239:17:239:Infinity":46,"s:240:18:240:Infinity":47,"s:241:18:241:Infinity":48,"s:242:27:242:Infinity":49,"s:243:25:243:Infinity":50,"s:245:4:245:Infinity":51,"s:246:4:246:Infinity":52,"s:247:4:248:Infinity":53,"s:250:20:250:Infinity":54,"s:252:4:254:Infinity":55,"s:252:17:252:20":56,"s:253:6:253:Infinity":57,"s:254:6:254:Infinity":58,"s:257:4:257:Infinity":59,"s:258:4:258:Infinity":60,"s:260:25:260:Infinity":61,"s:261:22:261:Infinity":62,"s:262:22:262:53":63,"b:264:4:272:Infinity:undefined:undefined:undefined:undefined":12,"s:264:4:272:Infinity":64,"s:265:24:265:Infinity":65,"s:266:6:266:Infinity":66,"s:267:6:267:Infinity":67,"s:268:6:272:Infinity":68,"s:268:19:268:22":69,"s:269:18:269:Infinity":70,"s:270:18:270:Infinity":71,"s:271:8:271:Infinity":72,"b:271:45:271:49:271:49:271:Infinity":13,"s:272:8:272:Infinity":73,"b:272:46:272:50:272:50:272:Infinity":14,"s:276:4:278:Infinity":74,"s:276:17:276:28":75,"s:277:6:277:Infinity":76,"s:278:6:278:Infinity":77,"s:281:4:281:Infinity":78,"s:285:0:285:Infinity":79}}}
}
