<?xml version="1.0" encoding="UTF-8"?>
<coverage generated="1778269276263" clover="3.2.0">
  <project timestamp="1778269276263" name="All files">
    <metrics statements="41" coveredstatements="41" conditionals="23" coveredconditionals="23" methods="8" coveredmethods="8" elements="72" coveredelements="72" complexity="0" loc="41" ncloc="41" packages="1" files="1" classes="1"/>
    <file name="index.ts" path="/Users/47056/st/packages/interpolation-strategy-lanczos/src/index.ts">
      <metrics statements="41" coveredstatements="41" conditionals="23" coveredconditionals="23" methods="8" coveredmethods="8"/>
      <line num="53" count="1" type="stmt"/>
      <line num="61" count="3" type="stmt"/>
      <line num="65" count="3" type="stmt"/>
      <line num="70" count="3" type="stmt"/>
      <line num="77" count="3" type="cond" truecount="4" falsecount="0"/>
      <line num="78" count="1" type="stmt"/>
      <line num="80" count="2" type="stmt"/>
      <line num="81" count="2" type="stmt"/>
      <line num="94" count="33" type="cond" truecount="2" falsecount="0"/>
      <line num="95" count="10" type="cond" truecount="2" falsecount="0"/>
      <line num="98" count="23" type="cond" truecount="2" falsecount="0"/>
      <line num="99" count="14" type="stmt"/>
      <line num="100" count="14" type="stmt"/>
      <line num="103" count="9" type="stmt"/>
      <line num="107" count="62" type="cond" truecount="2" falsecount="0"/>
      <line num="108" count="2" type="stmt"/>
      <line num="110" count="60" type="stmt"/>
      <line num="111" count="60" type="stmt"/>
      <line num="115" count="32" type="stmt"/>
      <line num="116" count="32" type="cond" truecount="2" falsecount="0"/>
      <line num="117" count="1" type="stmt"/>
      <line num="119" count="31" type="stmt"/>
      <line num="122" count="1" type="stmt"/>
      <line num="130" count="5" type="stmt"/>
      <line num="131" count="5" type="stmt"/>
      <line num="132" count="5" type="stmt"/>
      <line num="133" count="5" type="stmt"/>
      <line num="134" count="5" type="stmt"/>
      <line num="136" count="5" type="stmt"/>
      <line num="137" count="5" type="stmt"/>
      <line num="139" count="5" type="stmt"/>
      <line num="140" count="32" type="stmt"/>
      <line num="141" count="32" type="stmt"/>
      <line num="142" count="32" type="stmt"/>
      <line num="151" count="32" type="stmt"/>
      <line num="154" count="5" type="cond" truecount="2" falsecount="0"/>
      <line num="155" count="1" type="stmt"/>
      <line num="165" count="4" type="stmt"/>
      <line num="168" count="1" type="stmt"/>
      <line num="175" count="1" type="stmt"/>
      <line num="188" count="1" type="stmt"/>
    </file>
  </project>
</coverage>
