{"/Users/47056/st/packages/interpolation-strategy-lanczos/src/index.ts": {"path":"/Users/47056/st/packages/interpolation-strategy-lanczos/src/index.ts","statementMap":{"0":{"start":{"line":53,"column":54},"end":{"line":54,"column":null}},"1":{"start":{"line":61,"column":17},"end":{"line":64,"column":null}},"2":{"start":{"line":65,"column":17},"end":{"line":67,"column":null}},"3":{"start":{"line":70,"column":2},"end":{"line":70,"column":null}},"4":{"start":{"line":77,"column":2},"end":{"line":78,"column":null}},"5":{"start":{"line":78,"column":4},"end":{"line":78,"column":null}},"6":{"start":{"line":80,"column":17},"end":{"line":80,"column":null}},"7":{"start":{"line":81,"column":2},"end":{"line":83,"column":null}},"8":{"start":{"line":94,"column":2},"end":{"line":95,"column":null}},"9":{"start":{"line":95,"column":4},"end":{"line":95,"column":null}},"10":{"start":{"line":98,"column":2},"end":{"line":100,"column":null}},"11":{"start":{"line":99,"column":22},"end":{"line":99,"column":null}},"12":{"start":{"line":100,"column":4},"end":{"line":100,"column":null}},"13":{"start":{"line":103,"column":2},"end":{"line":103,"column":null}},"14":{"start":{"line":107,"column":2},"end":{"line":108,"column":null}},"15":{"start":{"line":108,"column":4},"end":{"line":108,"column":null}},"16":{"start":{"line":110,"column":16},"end":{"line":110,"column":null}},"17":{"start":{"line":111,"column":2},"end":{"line":111,"column":null}},"18":{"start":{"line":115,"column":22},"end":{"line":115,"column":40}},"19":{"start":{"line":116,"column":2},"end":{"line":117,"column":null}},"20":{"start":{"line":117,"column":4},"end":{"line":117,"column":null}},"21":{"start":{"line":119,"column":2},"end":{"line":119,"column":null}},"22":{"start":{"line":122,"column":13},"end":{"line":165,"column":null}},"23":{"start":{"line":130,"column":22},"end":{"line":130,"column":null}},"24":{"start":{"line":131,"column":17},"end":{"line":131,"column":null}},"25":{"start":{"line":132,"column":17},"end":{"line":132,"column":37}},"26":{"start":{"line":133,"column":16},"end":{"line":133,"column":null}},"27":{"start":{"line":134,"column":14},"end":{"line":134,"column":null}},"28":{"start":{"line":136,"column":18},"end":{"line":136,"column":null}},"29":{"start":{"line":137,"column":20},"end":{"line":137,"column":null}},"30":{"start":{"line":139,"column":2},"end":{"line":151,"column":null}},"31":{"start":{"line":139,"column":25},"end":{"line":139,"column":32}},"32":{"start":{"line":140,"column":21},"end":{"line":140,"column":null}},"33":{"start":{"line":141,"column":19},"end":{"line":141,"column":50}},"34":{"start":{"line":142,"column":4},"end":{"line":150,"column":null}},"35":{"start":{"line":151,"column":4},"end":{"line":151,"column":null}},"36":{"start":{"line":154,"column":2},"end":{"line":162,"column":null}},"37":{"start":{"line":155,"column":4},"end":{"line":162,"column":null}},"38":{"start":{"line":165,"column":2},"end":{"line":165,"column":null}},"39":{"start":{"line":168,"column":0},"end":{"line":172,"column":null}},"40":{"start":{"line":168,"column":35},"end":{"line":172,"column":null}},"41":{"start":{"line":175,"column":66},"end":{"line":182,"column":null}},"42":{"start":{"line":188,"column":2},"end":{"line":188,"column":null}}},"fnMap":{"0":{"name":"normalizeLanczosParams","decl":{"start":{"line":57,"column":9},"end":{"line":57,"column":null}},"loc":{"start":{"line":60,"column":26},"end":{"line":70,"column":null}},"line":60},"1":{"name":"applyLanczosParams","decl":{"start":{"line":73,"column":9},"end":{"line":73,"column":null}},"loc":{"start":{"line":76,"column":8},"end":{"line":83,"column":null}},"line":76},"2":{"name":"readFrameSample","decl":{"start":{"line":86,"column":9},"end":{"line":86,"column":null}},"loc":{"start":{"line":93,"column":10},"end":{"line":103,"column":null}},"line":93},"3":{"name":"normalizedSinc","decl":{"start":{"line":106,"column":9},"end":{"line":106,"column":24}},"loc":{"start":{"line":106,"column":43},"end":{"line":111,"column":null}},"line":106},"4":{"name":"lanczosWeight","decl":{"start":{"line":114,"column":9},"end":{"line":114,"column":23}},"loc":{"start":{"line":114,"column":65},"end":{"line":119,"column":null}},"line":114},"5":{"name":"(anonymous_5)","decl":{"start":{"line":122,"column":13},"end":{"line":122,"column":null}},"loc":{"start":{"line":129,"column":5},"end":{"line":165,"column":null}},"line":129},"6":{"name":"(anonymous_6)","decl":{"start":{"line":168,"column":14},"end":{"line":168,"column":35}},"loc":{"start":{"line":168,"column":35},"end":{"line":172,"column":null}},"line":168},"7":{"name":"registerLanczosStrategy","decl":{"start":{"line":185,"column":16},"end":{"line":185,"column":null}},"loc":{"start":{"line":187,"column":8},"end":{"line":188,"column":null}},"line":187}},"branchMap":{"0":{"loc":{"start":{"line":63,"column":8},"end":{"line":63,"column":null}},"type":"binary-expr","locations":[{"start":{"line":63,"column":8},"end":{"line":63,"column":18}},{"start":{"line":63,"column":18},"end":{"line":63,"column":null}}],"line":63},"1":{"loc":{"start":{"line":67,"column":27},"end":{"line":67,"column":71}},"type":"binary-expr","locations":[{"start":{"line":67,"column":27},"end":{"line":67,"column":47}},{"start":{"line":67,"column":47},"end":{"line":67,"column":69}},{"start":{"line":67,"column":69},"end":{"line":67,"column":71}}],"line":67},"2":{"loc":{"start":{"line":77,"column":2},"end":{"line":78,"column":null}},"type":"if","locations":[{"start":{"line":77,"column":2},"end":{"line":78,"column":null}},{"start":{},"end":{}}],"line":77},"3":{"loc":{"start":{"line":77,"column":6},"end":{"line":77,"column":51}},"type":"binary-expr","locations":[{"start":{"line":77,"column":6},"end":{"line":77,"column":35}},{"start":{"line":77,"column":35},"end":{"line":77,"column":51}}],"line":77},"4":{"loc":{"start":{"line":82,"column":35},"end":{"line":82,"column":57}},"type":"binary-expr","locations":[{"start":{"line":82,"column":35},"end":{"line":82,"column":55}},{"start":{"line":82,"column":55},"end":{"line":82,"column":57}}],"line":82},"5":{"loc":{"start":{"line":94,"column":2},"end":{"line":95,"column":null}},"type":"if","locations":[{"start":{"line":94,"column":2},"end":{"line":95,"column":null}},{"start":{},"end":{}}],"line":94},"6":{"loc":{"start":{"line":95,"column":11},"end":{"line":95,"column":null}},"type":"cond-expr","locations":[{"start":{"line":95,"column":27},"end":{"line":95,"column":47}},{"start":{"line":95,"column":47},"end":{"line":95,"column":null}}],"line":95},"7":{"loc":{"start":{"line":98,"column":2},"end":{"line":100,"column":null}},"type":"if","locations":[{"start":{"line":98,"column":2},"end":{"line":100,"column":null}},{"start":{},"end":{}}],"line":98},"8":{"loc":{"start":{"line":107,"column":2},"end":{"line":108,"column":null}},"type":"if","locations":[{"start":{"line":107,"column":2},"end":{"line":108,"column":null}},{"start":{},"end":{}}],"line":107},"9":{"loc":{"start":{"line":116,"column":2},"end":{"line":117,"column":null}},"type":"if","locations":[{"start":{"line":116,"column":2},"end":{"line":117,"column":null}},{"start":{},"end":{}}],"line":116},"10":{"loc":{"start":{"line":154,"column":2},"end":{"line":162,"column":null}},"type":"if","locations":[{"start":{"line":154,"column":2},"end":{"line":162,"column":null}},{"start":{},"end":{}}],"line":154}},"s":{"0":1,"1":3,"2":3,"3":3,"4":3,"5":1,"6":2,"7":2,"8":33,"9":10,"10":23,"11":14,"12":14,"13":9,"14":62,"15":2,"16":60,"17":60,"18":32,"19":32,"20":1,"21":31,"22":1,"23":5,"24":5,"25":5,"26":5,"27":5,"28":5,"29":5,"30":5,"31":5,"32":32,"33":32,"34":32,"35":32,"36":5,"37":1,"38":4,"39":1,"40":1,"41":1,"42":1},"f":{"0":3,"1":3,"2":33,"3":62,"4":32,"5":5,"6":1,"7":1},"b":{"0":[3,1],"1":[3,1,1],"2":[1,2],"3":[3,3],"4":[2,1],"5":[10,23],"6":[6,4],"7":[14,9],"8":[2,60],"9":[1,31],"10":[1,4]},"meta":{"lastBranch":11,"lastFunction":8,"lastStatement":43,"seen":{"s:53:54:54:Infinity":0,"f:57:9:57:Infinity":0,"s:61:17:64:Infinity":1,"b:63:8:63:18:63:18:63:Infinity":0,"s:65:17:67:Infinity":2,"b:67:27:67:47:67:47:67:69:67:69:67:71":1,"s:70:2:70:Infinity":3,"f:73:9:73:Infinity":1,"b:77:2:78:Infinity:undefined:undefined:undefined:undefined":2,"s:77:2:78:Infinity":4,"b:77:6:77:35:77:35:77:51":3,"s:78:4:78:Infinity":5,"s:80:17:80:Infinity":6,"s:81:2:83:Infinity":7,"b:82:35:82:55:82:55:82:57":4,"f:86:9:86:Infinity":2,"b:94:2:95:Infinity:undefined:undefined:undefined:undefined":5,"s:94:2:95:Infinity":8,"s:95:4:95:Infinity":9,"b:95:27:95:47:95:47:95:Infinity":6,"b:98:2:100:Infinity:undefined:undefined:undefined:undefined":7,"s:98:2:100:Infinity":10,"s:99:22:99:Infinity":11,"s:100:4:100:Infinity":12,"s:103:2:103:Infinity":13,"f:106:9:106:24":3,"b:107:2:108:Infinity:undefined:undefined:undefined:undefined":8,"s:107:2:108:Infinity":14,"s:108:4:108:Infinity":15,"s:110:16:110:Infinity":16,"s:111:2:111:Infinity":17,"f:114:9:114:23":4,"s:115:22:115:40":18,"b:116:2:117:Infinity:undefined:undefined:undefined:undefined":9,"s:116:2:117:Infinity":19,"s:117:4:117:Infinity":20,"s:119:2:119:Infinity":21,"s:122:13:165:Infinity":22,"f:122:13:122:Infinity":5,"s:130:22:130:Infinity":23,"s:131:17:131:Infinity":24,"s:132:17:132:37":25,"s:133:16:133:Infinity":26,"s:134:14:134:Infinity":27,"s:136:18:136:Infinity":28,"s:137:20:137:Infinity":29,"s:139:2:151:Infinity":30,"s:139:25:139:32":31,"s:140:21:140:Infinity":32,"s:141:19:141:50":33,"s:142:4:150:Infinity":34,"s:151:4:151:Infinity":35,"b:154:2:162:Infinity:undefined:undefined:undefined:undefined":10,"s:154:2:162:Infinity":36,"s:155:4:162:Infinity":37,"s:165:2:165:Infinity":38,"s:168:0:172:Infinity":39,"f:168:14:168:35":6,"s:168:35:172:Infinity":40,"s:175:66:182:Infinity":41,"f:185:16:185:Infinity":7,"s:188:2:188:Infinity":42}}}
}
