<?xml version="1.0" encoding="UTF-8"?>
<coverage generated="1778269298900" clover="3.2.0">
  <project timestamp="1778269298900" name="All files">
    <metrics statements="28" coveredstatements="28" conditionals="21" coveredconditionals="20" methods="6" coveredmethods="6" elements="55" coveredelements="54" complexity="0" loc="28" ncloc="28" packages="1" files="1" classes="1"/>
    <file name="index.ts" path="/Users/47056/st/packages/interpolation-strategy-linear/src/index.ts">
      <metrics statements="28" coveredstatements="28" conditionals="21" coveredconditionals="20" methods="6" coveredmethods="6"/>
      <line num="53" count="1" type="stmt"/>
      <line num="61" count="3" type="stmt"/>
      <line num="65" count="3" type="stmt"/>
      <line num="73" count="3" type="stmt"/>
      <line num="80" count="3" type="cond" truecount="4" falsecount="0"/>
      <line num="81" count="2" type="stmt"/>
      <line num="83" count="1" type="stmt"/>
      <line num="84" count="1" type="stmt"/>
      <line num="97" count="12" type="stmt"/>
      <line num="98" count="12" type="cond" truecount="2" falsecount="0"/>
      <line num="99" count="4" type="cond" truecount="2" falsecount="0"/>
      <line num="100" count="2" type="stmt"/>
      <line num="102" count="2" type="cond" truecount="2" falsecount="0"/>
      <line num="105" count="8" type="cond" truecount="2" falsecount="0"/>
      <line num="106" count="3" type="cond" truecount="2" falsecount="0"/>
      <line num="107" count="2" type="stmt"/>
      <line num="109" count="1" type="stmt"/>
      <line num="110" count="1" type="stmt"/>
      <line num="113" count="5" type="stmt"/>
      <line num="116" count="1" type="stmt"/>
      <line num="124" count="6" type="stmt"/>
      <line num="125" count="6" type="stmt"/>
      <line num="126" count="6" type="stmt"/>
      <line num="127" count="6" type="stmt"/>
      <line num="128" count="6" type="stmt"/>
      <line num="136" count="1" type="stmt"/>
      <line num="143" count="1" type="stmt"/>
      <line num="156" count="1" type="stmt"/>
    </file>
  </project>
</coverage>
