{"/Users/47056/st/packages/interpolation-strategy-linear/src/index.ts": {"path":"/Users/47056/st/packages/interpolation-strategy-linear/src/index.ts","statementMap":{"0":{"start":{"line":53,"column":52},"end":{"line":54,"column":null}},"1":{"start":{"line":61,"column":17},"end":{"line":64,"column":null}},"2":{"start":{"line":65,"column":25},"end":{"line":70,"column":null}},"3":{"start":{"line":73,"column":2},"end":{"line":73,"column":null}},"4":{"start":{"line":80,"column":2},"end":{"line":81,"column":null}},"5":{"start":{"line":81,"column":4},"end":{"line":81,"column":null}},"6":{"start":{"line":83,"column":17},"end":{"line":83,"column":null}},"7":{"start":{"line":84,"column":2},"end":{"line":86,"column":null}},"8":{"start":{"line":97,"column":25},"end":{"line":97,"column":null}},"9":{"start":{"line":98,"column":2},"end":{"line":102,"column":null}},"10":{"start":{"line":99,"column":4},"end":{"line":100,"column":null}},"11":{"start":{"line":100,"column":6},"end":{"line":100,"column":null}},"12":{"start":{"line":102,"column":4},"end":{"line":102,"column":null}},"13":{"start":{"line":105,"column":2},"end":{"line":110,"column":null}},"14":{"start":{"line":106,"column":4},"end":{"line":107,"column":null}},"15":{"start":{"line":107,"column":6},"end":{"line":107,"column":null}},"16":{"start":{"line":109,"column":22},"end":{"line":109,"column":null}},"17":{"start":{"line":110,"column":4},"end":{"line":110,"column":null}},"18":{"start":{"line":113,"column":2},"end":{"line":113,"column":null}},"19":{"start":{"line":116,"column":13},"end":{"line":132,"column":null}},"20":{"start":{"line":124,"column":22},"end":{"line":124,"column":null}},"21":{"start":{"line":125,"column":15},"end":{"line":125,"column":35}},"22":{"start":{"line":126,"column":16},"end":{"line":126,"column":null}},"23":{"start":{"line":127,"column":15},"end":{"line":127,"column":null}},"24":{"start":{"line":128,"column":2},"end":{"line":132,"column":null}},"25":{"start":{"line":136,"column":0},"end":{"line":140,"column":null}},"26":{"start":{"line":136,"column":34},"end":{"line":140,"column":null}},"27":{"start":{"line":143,"column":65},"end":{"line":150,"column":null}},"28":{"start":{"line":156,"column":2},"end":{"line":156,"column":null}}},"fnMap":{"0":{"name":"normalizeLinearParams","decl":{"start":{"line":57,"column":9},"end":{"line":57,"column":null}},"loc":{"start":{"line":60,"column":26},"end":{"line":73,"column":null}},"line":60},"1":{"name":"applyLinearParams","decl":{"start":{"line":76,"column":9},"end":{"line":76,"column":null}},"loc":{"start":{"line":79,"column":8},"end":{"line":86,"column":null}},"line":79},"2":{"name":"readFrameSample","decl":{"start":{"line":89,"column":9},"end":{"line":89,"column":null}},"loc":{"start":{"line":96,"column":10},"end":{"line":113,"column":null}},"line":96},"3":{"name":"(anonymous_3)","decl":{"start":{"line":116,"column":13},"end":{"line":116,"column":null}},"loc":{"start":{"line":123,"column":5},"end":{"line":132,"column":null}},"line":123},"4":{"name":"(anonymous_4)","decl":{"start":{"line":136,"column":13},"end":{"line":136,"column":34}},"loc":{"start":{"line":136,"column":34},"end":{"line":140,"column":null}},"line":136},"5":{"name":"registerLinearStrategy","decl":{"start":{"line":153,"column":16},"end":{"line":153,"column":null}},"loc":{"start":{"line":155,"column":8},"end":{"line":156,"column":null}},"line":155}},"branchMap":{"0":{"loc":{"start":{"line":63,"column":8},"end":{"line":63,"column":null}},"type":"binary-expr","locations":[{"start":{"line":63,"column":8},"end":{"line":63,"column":18}},{"start":{"line":63,"column":18},"end":{"line":63,"column":null}}],"line":63},"1":{"loc":{"start":{"line":69,"column":17},"end":{"line":69,"column":77}},"type":"binary-expr","locations":[{"start":{"line":69,"column":17},"end":{"line":69,"column":45}},{"start":{"line":69,"column":45},"end":{"line":69,"column":75}},{"start":{"line":69,"column":75},"end":{"line":69,"column":77}}],"line":69},"2":{"loc":{"start":{"line":80,"column":2},"end":{"line":81,"column":null}},"type":"if","locations":[{"start":{"line":80,"column":2},"end":{"line":81,"column":null}},{"start":{},"end":{}}],"line":80},"3":{"loc":{"start":{"line":80,"column":6},"end":{"line":80,"column":51}},"type":"binary-expr","locations":[{"start":{"line":80,"column":6},"end":{"line":80,"column":35}},{"start":{"line":80,"column":35},"end":{"line":80,"column":51}}],"line":80},"4":{"loc":{"start":{"line":85,"column":43},"end":{"line":85,"column":73}},"type":"binary-expr","locations":[{"start":{"line":85,"column":43},"end":{"line":85,"column":71}},{"start":{"line":85,"column":71},"end":{"line":85,"column":73}}],"line":85},"5":{"loc":{"start":{"line":98,"column":2},"end":{"line":102,"column":null}},"type":"if","locations":[{"start":{"line":98,"column":2},"end":{"line":102,"column":null}},{"start":{},"end":{}}],"line":98},"6":{"loc":{"start":{"line":99,"column":4},"end":{"line":100,"column":null}},"type":"if","locations":[{"start":{"line":99,"column":4},"end":{"line":100,"column":null}},{"start":{},"end":{}}],"line":99},"7":{"loc":{"start":{"line":102,"column":11},"end":{"line":102,"column":null}},"type":"cond-expr","locations":[{"start":{"line":102,"column":27},"end":{"line":102,"column":47}},{"start":{"line":102,"column":47},"end":{"line":102,"column":null}}],"line":102},"8":{"loc":{"start":{"line":105,"column":2},"end":{"line":110,"column":null}},"type":"if","locations":[{"start":{"line":105,"column":2},"end":{"line":110,"column":null}},{"start":{},"end":{}}],"line":105},"9":{"loc":{"start":{"line":106,"column":4},"end":{"line":107,"column":null}},"type":"if","locations":[{"start":{"line":106,"column":4},"end":{"line":107,"column":null}},{"start":{},"end":{}}],"line":106}},"s":{"0":1,"1":3,"2":3,"3":3,"4":3,"5":2,"6":1,"7":1,"8":12,"9":12,"10":4,"11":2,"12":2,"13":8,"14":3,"15":2,"16":1,"17":1,"18":5,"19":1,"20":6,"21":6,"22":6,"23":6,"24":6,"25":1,"26":1,"27":1,"28":1},"f":{"0":3,"1":3,"2":12,"3":6,"4":1,"5":1},"b":{"0":[3,1],"1":[3,1,1],"2":[2,1],"3":[3,2],"4":[1,0],"5":[4,8],"6":[2,2],"7":[1,1],"8":[3,5],"9":[2,1]},"meta":{"lastBranch":10,"lastFunction":6,"lastStatement":29,"seen":{"s:53:52:54:Infinity":0,"f:57:9:57:Infinity":0,"s:61:17:64:Infinity":1,"b:63:8:63:18:63:18:63:Infinity":0,"s:65:25:70:Infinity":2,"b:69:17:69:45:69:45:69:75:69:75:69:77":1,"s:73:2:73:Infinity":3,"f:76:9:76:Infinity":1,"b:80:2:81:Infinity:undefined:undefined:undefined:undefined":2,"s:80:2:81:Infinity":4,"b:80:6:80:35:80:35:80:51":3,"s:81:4:81:Infinity":5,"s:83:17:83:Infinity":6,"s:84:2:86:Infinity":7,"b:85:43:85:71:85:71:85:73":4,"f:89:9:89:Infinity":2,"s:97:25:97:Infinity":8,"b:98:2:102:Infinity:undefined:undefined:undefined:undefined":5,"s:98:2:102:Infinity":9,"b:99:4:100:Infinity:undefined:undefined:undefined:undefined":6,"s:99:4:100:Infinity":10,"s:100:6:100:Infinity":11,"s:102:4:102:Infinity":12,"b:102:27:102:47:102:47:102:Infinity":7,"b:105:2:110:Infinity:undefined:undefined:undefined:undefined":8,"s:105:2:110:Infinity":13,"b:106:4:107:Infinity:undefined:undefined:undefined:undefined":9,"s:106:4:107:Infinity":14,"s:107:6:107:Infinity":15,"s:109:22:109:Infinity":16,"s:110:4:110:Infinity":17,"s:113:2:113:Infinity":18,"s:116:13:132:Infinity":19,"f:116:13:116:Infinity":3,"s:124:22:124:Infinity":20,"s:125:15:125:35":21,"s:126:16:126:Infinity":22,"s:127:15:127:Infinity":23,"s:128:2:132:Infinity":24,"s:136:0:140:Infinity":25,"f:136:13:136:34":4,"s:136:34:140:Infinity":26,"s:143:65:150:Infinity":27,"f:153:16:153:Infinity":5,"s:156:2:156:Infinity":28}}}
}
